[2021-11-30 09:00:33.704] [exthost] [info] extension host started
[2021-11-30 09:00:33.704] [exthost] [info] Skipping acquiring lock for /home/dotnet/.config/Code/User/workspaceStorage/29e8aef5221e59c4dd3de36217654dc1.
[2021-11-30 09:00:33.841] [exthost] [info] ExtensionService#_doActivateExtension vscode.microsoft-authentication, startup: false, activationEvent: 'onAuthenticationRequest:microsoft'
[2021-11-30 09:00:33.841] [exthost] [info] ExtensionService#loadCommonJSModule file:///usr/share/code/resources/app/extensions/microsoft-authentication/dist/extension.js
[2021-11-30 09:00:33.856] [exthost] [info] ExtensionService#_doActivateExtension vscode.css-language-features, startup: false, activationEvent: 'onLanguage:css'
[2021-11-30 09:00:33.857] [exthost] [info] ExtensionService#loadCommonJSModule file:///usr/share/code/resources/app/extensions/css-language-features/client/dist/node/cssClientMain
[2021-11-30 09:00:33.886] [exthost] [info] ExtensionService#_doActivateExtension vscode.emmet, startup: false, activationEvent: 'onLanguage:css'
[2021-11-30 09:00:33.886] [exthost] [info] ExtensionService#loadCommonJSModule file:///usr/share/code/resources/app/extensions/emmet/dist/node/emmetNodeMain
[2021-11-30 09:00:33.899] [exthost] [info] ExtensionService#_doActivateExtension vscode.debug-auto-launch, startup: true, activationEvent: '*'
[2021-11-30 09:00:33.899] [exthost] [info] ExtensionService#loadCommonJSModule file:///usr/share/code/resources/app/extensions/debug-auto-launch/dist/extension
[2021-11-30 09:00:33.901] [exthost] [info] ExtensionService#_doActivateExtension vscode.git, startup: true, activationEvent: '*', root cause: vscode.github
[2021-11-30 09:00:33.901] [exthost] [info] ExtensionService#loadCommonJSModule file:///usr/share/code/resources/app/extensions/git/dist/main
[2021-11-30 09:00:33.923] [exthost] [info] ExtensionService#_doActivateExtension Atishay-Jain.All-Autocomplete, startup: true, activationEvent: '*'
[2021-11-30 09:00:33.923] [exthost] [info] ExtensionService#loadCommonJSModule file:///home/dotnet/.vscode/extensions/atishay-jain.all-autocomplete-0.0.23/dist/extension
[2021-11-30 09:00:33.925] [exthost] [info] ExtensionService#_doActivateExtension CoenraadS.bracket-pair-colorizer, startup: true, activationEvent: '*'
[2021-11-30 09:00:33.925] [exthost] [info] ExtensionService#loadCommonJSModule file:///home/dotnet/.vscode/extensions/coenraads.bracket-pair-colorizer-1.0.61/out/src/extension
[2021-11-30 09:00:33.963] [exthost] [info] ExtensionService#_doActivateExtension EditorConfig.EditorConfig, startup: true, activationEvent: '*'
[2021-11-30 09:00:33.963] [exthost] [info] ExtensionService#loadCommonJSModule file:///home/dotnet/.vscode/extensions/editorconfig.editorconfig-0.16.4/out/editorConfigMain.js
[2021-11-30 09:00:33.999] [exthost] [info] ExtensionService#_doActivateExtension Equinusocio.vsc-material-theme, startup: true, activationEvent: '*'
[2021-11-30 09:00:33.999] [exthost] [info] ExtensionService#loadCommonJSModule file:///home/dotnet/.vscode/extensions/equinusocio.vsc-material-theme-33.2.2/build/material.theme.config
[2021-11-30 09:00:34.007] [exthost] [info] ExtensionService#_doActivateExtension equinusocio.vsc-material-theme-icons, startup: true, activationEvent: '*'
[2021-11-30 09:00:34.007] [exthost] [info] ExtensionService#loadCommonJSModule file:///home/dotnet/.vscode/extensions/equinusocio.vsc-material-theme-icons-2.2.1/out/src/extension
[2021-11-30 09:00:34.054] [exthost] [info] ExtensionService#_doActivateExtension formulahendry.auto-close-tag, startup: true, activationEvent: '*'
[2021-11-30 09:00:34.054] [exthost] [info] ExtensionService#loadCommonJSModule file:///home/dotnet/.vscode/extensions/formulahendry.auto-close-tag-0.5.13/out/src/extension
[2021-11-30 09:00:34.057] [exthost] [info] ExtensionService#_doActivateExtension formulahendry.auto-rename-tag, startup: true, activationEvent: '*'
[2021-11-30 09:00:34.057] [exthost] [info] ExtensionService#loadCommonJSModule file:///home/dotnet/.vscode/extensions/formulahendry.auto-rename-tag-0.1.9/packages/extension/dist/extensionMain.js
[2021-11-30 09:00:34.066] [exthost] [info] ExtensionService#_doActivateExtension GraphQL.vscode-graphql, startup: true, activationEvent: '*'
[2021-11-30 09:00:34.066] [exthost] [info] ExtensionService#loadCommonJSModule file:///home/dotnet/.vscode/extensions/graphql.vscode-graphql-0.3.26/out/extension
[2021-11-30 09:00:34.131] [exthost] [info] ExtensionService#_doActivateExtension HookyQR.beautify, startup: true, activationEvent: '*'
[2021-11-30 09:00:34.131] [exthost] [info] ExtensionService#loadCommonJSModule file:///home/dotnet/.vscode/extensions/hookyqr.beautify-1.5.0/extension
[2021-11-30 09:00:34.212] [exthost] [info] ExtensionService#_doActivateExtension mohamedbenhida.laravel-intellisense, startup: true, activationEvent: '*'
[2021-11-30 09:00:34.212] [exthost] [info] ExtensionService#loadCommonJSModule file:///home/dotnet/.vscode/extensions/mohamedbenhida.laravel-intellisense-0.2.0/dist/extension.js
[2021-11-30 09:00:34.233] [exthost] [info] ExtensionService#_doActivateExtension ms-vscode.sublime-keybindings, startup: true, activationEvent: '*'
[2021-11-30 09:00:34.233] [exthost] [info] ExtensionService#loadCommonJSModule file:///home/dotnet/.vscode/extensions/ms-vscode.sublime-keybindings-4.0.10/dist/extension.js
[2021-11-30 09:00:34.236] [exthost] [info] ExtensionService#_doActivateExtension naumovs.color-highlight, startup: true, activationEvent: '*'
[2021-11-30 09:00:34.236] [exthost] [info] ExtensionService#loadCommonJSModule file:///home/dotnet/.vscode/extensions/naumovs.color-highlight-2.5.0/dist/extension-node.js
[2021-11-30 09:00:34.244] [exthost] [info] ExtensionService#_doActivateExtension stef-k.laravel-goto-controller, startup: true, activationEvent: '*'
[2021-11-30 09:00:34.244] [exthost] [info] ExtensionService#loadCommonJSModule file:///home/dotnet/.vscode/extensions/stef-k.laravel-goto-controller-0.0.15/out/extension
[2021-11-30 09:00:34.246] [exthost] [info] ExtensionService#_doActivateExtension vscodevim.vim, startup: true, activationEvent: '*'
[2021-11-30 09:00:34.246] [exthost] [info] ExtensionService#loadCommonJSModule file:///home/dotnet/.vscode/extensions/vscodevim.vim-1.21.10/out/extension
[2021-11-30 09:00:34.840] [exthost] [info] ExtensionService#_doActivateExtension ms-vscode.js-debug, startup: false, activationEvent: 'onCommand:extension.js-debug.clearAutoAttachVariables'
[2021-11-30 09:00:34.840] [exthost] [info] ExtensionService#loadCommonJSModule file:///usr/share/code/resources/app/extensions/ms-vscode.js-debug/src/extension.js
[2021-11-30 09:00:34.971] [exthost] [info] ExtensionService#_doActivateExtension vscode.github, startup: false, activationEvent: '*'
[2021-11-30 09:00:34.971] [exthost] [info] ExtensionService#loadCommonJSModule file:///usr/share/code/resources/app/extensions/github/dist/extension.js
[2021-11-30 09:00:35.204] [exthost] [info] ExtensionService#_doActivateExtension vscode.github-authentication, startup: false, activationEvent: 'onAuthenticationRequest:github'
[2021-11-30 09:00:35.204] [exthost] [info] ExtensionService#loadCommonJSModule file:///usr/share/code/resources/app/extensions/github-authentication/dist/extension.js
[2021-11-30 09:00:35.305] [exthost] [info] eager extensions activated
[2021-11-30 09:00:35.312] [exthost] [info] ExtensionService#_doActivateExtension vscode.merge-conflict, startup: false, activationEvent: 'onStartupFinished'
[2021-11-30 09:00:35.312] [exthost] [info] ExtensionService#loadCommonJSModule file:///usr/share/code/resources/app/extensions/merge-conflict/dist/mergeConflictMain
[2021-11-30 09:00:35.315] [exthost] [info] ExtensionService#_doActivateExtension bradlc.vscode-tailwindcss, startup: false, activationEvent: 'onStartupFinished'
[2021-11-30 09:00:35.315] [exthost] [info] ExtensionService#loadCommonJSModule file:///home/dotnet/.vscode/extensions/bradlc.vscode-tailwindcss-0.7.2/dist/extension/index.js
[2021-11-30 09:00:35.326] [exthost] [info] ExtensionService#_doActivateExtension dbaeumer.vscode-eslint, startup: false, activationEvent: 'onStartupFinished'
[2021-11-30 09:00:35.326] [exthost] [info] ExtensionService#loadCommonJSModule file:///home/dotnet/.vscode/extensions/dbaeumer.vscode-eslint-2.2.2/client/out/extension
[2021-11-30 09:00:35.339] [exthost] [info] ExtensionService#_doActivateExtension eamodio.gitlens, startup: false, activationEvent: 'onStartupFinished'
[2021-11-30 09:00:35.339] [exthost] [info] ExtensionService#loadCommonJSModule file:///home/dotnet/.vscode/extensions/eamodio.gitlens-11.6.1/dist/gitlens
[2021-11-30 09:00:35.390] [exthost] [info] ExtensionService#_doActivateExtension esbenp.prettier-vscode, startup: false, activationEvent: 'onStartupFinished'
[2021-11-30 09:00:35.390] [exthost] [info] ExtensionService#loadCommonJSModule file:///home/dotnet/.vscode/extensions/esbenp.prettier-vscode-9.0.0/dist/extension
[2021-11-30 09:00:36.207] [exthost] [info] ExtensionService#_doActivateExtension vscode.configuration-editing, startup: false, activationEvent: 'onLanguage:jsonc'
[2021-11-30 09:00:36.208] [exthost] [info] ExtensionService#loadCommonJSModule file:///usr/share/code/resources/app/extensions/configuration-editing/dist/configurationEditingMain
[2021-11-30 09:00:36.210] [exthost] [info] ExtensionService#_doActivateExtension vscode.json-language-features, startup: false, activationEvent: 'onLanguage:jsonc'
[2021-11-30 09:00:36.210] [exthost] [info] ExtensionService#loadCommonJSModule file:///usr/share/code/resources/app/extensions/json-language-features/client/dist/node/jsonClientMain
[2021-11-30 09:00:36.229] [exthost] [info] ExtensionService#_doActivateExtension vscode.typescript-language-features, startup: false, activationEvent: 'onLanguage:jsonc'
[2021-11-30 09:00:36.229] [exthost] [info] ExtensionService#loadCommonJSModule file:///usr/share/code/resources/app/extensions/typescript-language-features/dist/extension
[2021-11-30 09:05:06.200] [exthost] [info] extension host terminating: renderer closed the socket
[2021-11-30 09:05:06.232] [exthost] [warning] {"name":"Canceled"}
[2021-11-30 09:05:07.231] [exthost] [info] exiting with code 0
[2021-11-30 09:05:08.137] [exthost] [info] extension host started
[2021-11-30 09:05:08.137] [exthost] [info] Skipping acquiring lock for /home/dotnet/.config/Code/User/workspaceStorage/3d740f17f4364a78968bd16d5e08f550.
[2021-11-30 09:05:08.322] [exthost] [info] ExtensionService#_doActivateExtension vscode.microsoft-authentication, startup: false, activationEvent: 'onAuthenticationRequest:microsoft'
[2021-11-30 09:05:08.322] [exthost] [info] ExtensionService#loadCommonJSModule file:///usr/share/code/resources/app/extensions/microsoft-authentication/dist/extension.js
[2021-11-30 09:05:08.332] [exthost] [info] ExtensionService#_doActivateExtension vscode.debug-auto-launch, startup: true, activationEvent: '*'
[2021-11-30 09:05:08.332] [exthost] [info] ExtensionService#loadCommonJSModule file:///usr/share/code/resources/app/extensions/debug-auto-launch/dist/extension
[2021-11-30 09:05:08.336] [exthost] [info] ExtensionService#_doActivateExtension vscode.git, startup: true, activationEvent: '*', root cause: vscode.github
[2021-11-30 09:05:08.336] [exthost] [info] ExtensionService#loadCommonJSModule file:///usr/share/code/resources/app/extensions/git/dist/main
[2021-11-30 09:05:08.352] [exthost] [info] ExtensionService#_doActivateExtension Atishay-Jain.All-Autocomplete, startup: true, activationEvent: '*'
[2021-11-30 09:05:08.352] [exthost] [info] ExtensionService#loadCommonJSModule file:///home/dotnet/.vscode/extensions/atishay-jain.all-autocomplete-0.0.23/dist/extension
[2021-11-30 09:05:08.354] [exthost] [info] ExtensionService#_doActivateExtension CoenraadS.bracket-pair-colorizer, startup: true, activationEvent: '*'
[2021-11-30 09:05:08.354] [exthost] [info] ExtensionService#loadCommonJSModule file:///home/dotnet/.vscode/extensions/coenraads.bracket-pair-colorizer-1.0.61/out/src/extension
[2021-11-30 09:05:08.366] [exthost] [info] ExtensionService#_doActivateExtension EditorConfig.EditorConfig, startup: true, activationEvent: '*'
[2021-11-30 09:05:08.367] [exthost] [info] ExtensionService#loadCommonJSModule file:///home/dotnet/.vscode/extensions/editorconfig.editorconfig-0.16.4/out/editorConfigMain.js
[2021-11-30 09:05:08.383] [exthost] [info] ExtensionService#_doActivateExtension Equinusocio.vsc-material-theme, startup: true, activationEvent: '*'
[2021-11-30 09:05:08.383] [exthost] [info] ExtensionService#loadCommonJSModule file:///home/dotnet/.vscode/extensions/equinusocio.vsc-material-theme-33.2.2/build/material.theme.config
[2021-11-30 09:05:08.389] [exthost] [info] ExtensionService#_doActivateExtension equinusocio.vsc-material-theme-icons, startup: true, activationEvent: '*'
[2021-11-30 09:05:08.389] [exthost] [info] ExtensionService#loadCommonJSModule file:///home/dotnet/.vscode/extensions/equinusocio.vsc-material-theme-icons-2.2.1/out/src/extension
[2021-11-30 09:05:08.411] [exthost] [info] ExtensionService#_doActivateExtension formulahendry.auto-close-tag, startup: true, activationEvent: '*'
[2021-11-30 09:05:08.411] [exthost] [info] ExtensionService#loadCommonJSModule file:///home/dotnet/.vscode/extensions/formulahendry.auto-close-tag-0.5.13/out/src/extension
[2021-11-30 09:05:08.413] [exthost] [info] ExtensionService#_doActivateExtension formulahendry.auto-rename-tag, startup: true, activationEvent: '*'
[2021-11-30 09:05:08.413] [exthost] [info] ExtensionService#loadCommonJSModule file:///home/dotnet/.vscode/extensions/formulahendry.auto-rename-tag-0.1.9/packages/extension/dist/extensionMain.js
[2021-11-30 09:05:08.420] [exthost] [info] ExtensionService#_doActivateExtension GraphQL.vscode-graphql, startup: true, activationEvent: '*'
[2021-11-30 09:05:08.421] [exthost] [info] ExtensionService#loadCommonJSModule file:///home/dotnet/.vscode/extensions/graphql.vscode-graphql-0.3.26/out/extension
[2021-11-30 09:05:08.478] [exthost] [info] ExtensionService#_doActivateExtension HookyQR.beautify, startup: true, activationEvent: '*'
[2021-11-30 09:05:08.479] [exthost] [info] ExtensionService#loadCommonJSModule file:///home/dotnet/.vscode/extensions/hookyqr.beautify-1.5.0/extension
[2021-11-30 09:05:08.503] [exthost] [info] ExtensionService#_doActivateExtension mohamedbenhida.laravel-intellisense, startup: true, activationEvent: '*'
[2021-11-30 09:05:08.504] [exthost] [info] ExtensionService#loadCommonJSModule file:///home/dotnet/.vscode/extensions/mohamedbenhida.laravel-intellisense-0.2.0/dist/extension.js
[2021-11-30 09:05:08.513] [exthost] [info] ExtensionService#_doActivateExtension ms-vscode.sublime-keybindings, startup: true, activationEvent: '*'
[2021-11-30 09:05:08.513] [exthost] [info] ExtensionService#loadCommonJSModule file:///home/dotnet/.vscode/extensions/ms-vscode.sublime-keybindings-4.0.10/dist/extension.js
[2021-11-30 09:05:08.515] [exthost] [info] ExtensionService#_doActivateExtension naumovs.color-highlight, startup: true, activationEvent: '*'
[2021-11-30 09:05:08.515] [exthost] [info] ExtensionService#loadCommonJSModule file:///home/dotnet/.vscode/extensions/naumovs.color-highlight-2.5.0/dist/extension-node.js
[2021-11-30 09:05:08.519] [exthost] [info] ExtensionService#_doActivateExtension stef-k.laravel-goto-controller, startup: true, activationEvent: '*'
[2021-11-30 09:05:08.519] [exthost] [info] ExtensionService#loadCommonJSModule file:///home/dotnet/.vscode/extensions/stef-k.laravel-goto-controller-0.0.15/out/extension
[2021-11-30 09:05:08.522] [exthost] [info] ExtensionService#_doActivateExtension vscodevim.vim, startup: true, activationEvent: '*'
[2021-11-30 09:05:08.522] [exthost] [info] ExtensionService#loadCommonJSModule file:///home/dotnet/.vscode/extensions/vscodevim.vim-1.21.10/out/extension
[2021-11-30 09:05:08.568] [exthost] [info] ExtensionService#_doActivateExtension vscode.npm, startup: true, activationEvent: 'workspaceContains:package.json'
[2021-11-30 09:05:08.568] [exthost] [info] ExtensionService#loadCommonJSModule file:///usr/share/code/resources/app/extensions/npm/dist/npmMain
[2021-11-30 09:05:09.252] [exthost] [info] ExtensionService#_doActivateExtension ms-vscode.js-debug, startup: false, activationEvent: 'onCommand:extension.js-debug.clearAutoAttachVariables'
[2021-11-30 09:05:09.252] [exthost] [info] ExtensionService#loadCommonJSModule file:///usr/share/code/resources/app/extensions/ms-vscode.js-debug/src/extension.js
[2021-11-30 09:05:09.444] [exthost] [info] ExtensionService#_doActivateExtension vscode.github, startup: false, activationEvent: '*'
[2021-11-30 09:05:09.444] [exthost] [info] ExtensionService#loadCommonJSModule file:///usr/share/code/resources/app/extensions/github/dist/extension.js
[2021-11-30 09:05:09.573] [exthost] [info] ExtensionService#_doActivateExtension vscode.github-authentication, startup: false, activationEvent: 'onAuthenticationRequest:github'
[2021-11-30 09:05:09.573] [exthost] [info] ExtensionService#loadCommonJSModule file:///usr/share/code/resources/app/extensions/github-authentication/dist/extension.js
[2021-11-30 09:05:09.621] [exthost] [info] eager extensions activated
[2021-11-30 09:05:09.648] [exthost] [info] ExtensionService#_doActivateExtension vscode.emmet, startup: false, activationEvent: 'onStartupFinished'
[2021-11-30 09:05:09.648] [exthost] [info] ExtensionService#loadCommonJSModule file:///usr/share/code/resources/app/extensions/emmet/dist/node/emmetNodeMain
[2021-11-30 09:05:09.656] [exthost] [info] ExtensionService#_doActivateExtension vscode.merge-conflict, startup: false, activationEvent: 'onStartupFinished'
[2021-11-30 09:05:09.656] [exthost] [info] ExtensionService#loadCommonJSModule file:///usr/share/code/resources/app/extensions/merge-conflict/dist/mergeConflictMain
[2021-11-30 09:05:09.657] [exthost] [info] ExtensionService#_doActivateExtension bradlc.vscode-tailwindcss, startup: false, activationEvent: 'onStartupFinished'
[2021-11-30 09:05:09.657] [exthost] [info] ExtensionService#loadCommonJSModule file:///home/dotnet/.vscode/extensions/bradlc.vscode-tailwindcss-0.7.2/dist/extension/index.js
[2021-11-30 09:05:09.666] [exthost] [info] ExtensionService#_doActivateExtension dbaeumer.vscode-eslint, startup: false, activationEvent: 'onStartupFinished'
[2021-11-30 09:05:09.666] [exthost] [info] ExtensionService#loadCommonJSModule file:///home/dotnet/.vscode/extensions/dbaeumer.vscode-eslint-2.2.2/client/out/extension
[2021-11-30 09:05:09.674] [exthost] [info] ExtensionService#_doActivateExtension eamodio.gitlens, startup: false, activationEvent: 'onStartupFinished'
[2021-11-30 09:05:09.674] [exthost] [info] ExtensionService#loadCommonJSModule file:///home/dotnet/.vscode/extensions/eamodio.gitlens-11.6.1/dist/gitlens
[2021-11-30 09:05:09.751] [exthost] [info] ExtensionService#_doActivateExtension esbenp.prettier-vscode, startup: false, activationEvent: 'onStartupFinished'
[2021-11-30 09:05:09.751] [exthost] [info] ExtensionService#loadCommonJSModule file:///home/dotnet/.vscode/extensions/esbenp.prettier-vscode-9.0.0/dist/extension
[2021-11-30 09:05:29.626] [exthost] [info] ExtensionService#_doActivateExtension octref.vetur, startup: false, activationEvent: 'onLanguage:vue'
[2021-11-30 09:05:29.626] [exthost] [info] ExtensionService#loadCommonJSModule file:///home/dotnet/.vscode/extensions/octref.vetur-0.35.0/dist/vueMain.js
[2021-11-30 09:05:29.646] [exthost] [info] ExtensionService#_doActivateExtension wix.vscode-import-cost, startup: false, activationEvent: 'onLanguage:vue'
[2021-11-30 09:05:29.646] [exthost] [info] ExtensionService#loadCommonJSModule file:///home/dotnet/.vscode/extensions/wix.vscode-import-cost-2.15.0/out/extension.js
[2021-11-30 09:11:52.109] [exthost] [info] ExtensionService#_doActivateExtension vscode.configuration-editing, startup: false, activationEvent: 'onLanguage:jsonc'
[2021-11-30 09:11:52.109] [exthost] [info] ExtensionService#loadCommonJSModule file:///usr/share/code/resources/app/extensions/configuration-editing/dist/configurationEditingMain
[2021-11-30 09:11:52.112] [exthost] [info] ExtensionService#_doActivateExtension vscode.json-language-features, startup: false, activationEvent: 'onLanguage:jsonc'
[2021-11-30 09:11:52.112] [exthost] [info] ExtensionService#loadCommonJSModule file:///usr/share/code/resources/app/extensions/json-language-features/client/dist/node/jsonClientMain
[2021-11-30 09:11:52.126] [exthost] [info] ExtensionService#_doActivateExtension vscode.typescript-language-features, startup: false, activationEvent: 'onLanguage:jsonc'
[2021-11-30 09:11:52.126] [exthost] [info] ExtensionService#loadCommonJSModule file:///usr/share/code/resources/app/extensions/typescript-language-features/dist/extension
[2021-11-30 09:13:49.507] [exthost] [warning] TextEditor is closed/disposed
[2021-11-30 09:13:49.573] [exthost] [info] ExtensionService#_doActivateExtension vscode.php-language-features, startup: false, activationEvent: 'onLanguage:php'
[2021-11-30 09:13:49.573] [exthost] [info] ExtensionService#loadCommonJSModule file:///usr/share/code/resources/app/extensions/php-language-features/dist/phpMain
[2021-11-30 09:13:49.582] [exthost] [info] ExtensionService#_doActivateExtension amiralizadeh9480.laravel-extra-intellisense, startup: false, activationEvent: 'onLanguage:php'
[2021-11-30 09:13:49.582] [exthost] [info] ExtensionService#loadCommonJSModule file:///home/dotnet/.vscode/extensions/amiralizadeh9480.laravel-extra-intellisense-0.6.1/dist/extension.js
[2021-11-30 09:13:49.589] [exthost] [info] ExtensionService#_doActivateExtension bmewburn.vscode-intelephense-client, startup: false, activationEvent: 'onLanguage:php'
[2021-11-30 09:13:49.589] [exthost] [info] ExtensionService#loadCommonJSModule file:///home/dotnet/.vscode/extensions/bmewburn.vscode-intelephense-client-1.7.1/lib/extension
[2021-11-30 09:13:49.602] [exthost] [info] ExtensionService#_doActivateExtension codingyu.laravel-goto-view, startup: false, activationEvent: 'onLanguage:php'
[2021-11-30 09:13:49.602] [exthost] [info] ExtensionService#loadCommonJSModule file:///home/dotnet/.vscode/extensions/codingyu.laravel-goto-view-1.3.4/out/src/extension
[2021-11-30 09:13:49.604] [exthost] [info] ExtensionService#_doActivateExtension junstyle.php-cs-fixer, startup: false, activationEvent: 'onLanguage:php'
[2021-11-30 09:13:49.604] [exthost] [info] ExtensionService#loadCommonJSModule file:///home/dotnet/.vscode/extensions/junstyle.php-cs-fixer-0.2.8/index
[2021-11-30 09:13:49.622] [exthost] [info] ExtensionService#_doActivateExtension MehediDracula.php-constructor, startup: false, activationEvent: 'onLanguage:php'
[2021-11-30 09:13:49.622] [exthost] [info] ExtensionService#loadCommonJSModule file:///home/dotnet/.vscode/extensions/mehedidracula.php-constructor-0.1.2/src/extension
[2021-11-30 09:13:49.623] [exthost] [info] ExtensionService#_doActivateExtension MehediDracula.php-namespace-resolver, startup: false, activationEvent: 'onLanguage:php'
[2021-11-30 09:13:49.623] [exthost] [info] ExtensionService#loadCommonJSModule file:///home/dotnet/.vscode/extensions/mehedidracula.php-namespace-resolver-1.1.8/src/extension
[2021-11-30 09:13:49.628] [exthost] [info] ExtensionService#_doActivateExtension neilbrayfield.php-docblocker, startup: false, activationEvent: 'onLanguage:php'
[2021-11-30 09:13:49.628] [exthost] [info] ExtensionService#loadCommonJSModule file:///home/dotnet/.vscode/extensions/neilbrayfield.php-docblocker-2.6.1/out/src/extension.js
[2021-11-30 09:18:07.455] [exthost] [warning] TextEditor is closed/disposed
[2021-11-30 09:19:27.590] [exthost] [info] ExtensionService#_doActivateExtension Angular.ng-template, startup: false, activationEvent: 'onLanguage:typescript'
[2021-11-30 09:19:27.590] [exthost] [info] ExtensionService#loadCommonJSModule file:///home/dotnet/.vscode/extensions/angular.ng-template-13.0.0/index
[2021-11-30 09:19:27.847] [exthost] [info] ExtensionService#_doActivateExtension christian-kohler.npm-intellisense, startup: false, activationEvent: 'onLanguage:typescript'
[2021-11-30 09:19:27.847] [exthost] [info] ExtensionService#loadCommonJSModule file:///home/dotnet/.vscode/extensions/christian-kohler.npm-intellisense-1.4.0/out/src/extension
[2021-11-30 09:19:27.895] [exthost] [info] ExtensionService#_doActivateExtension steoates.autoimport, startup: false, activationEvent: 'onLanguage:typescript'
[2021-11-30 09:19:27.896] [exthost] [info] ExtensionService#loadCommonJSModule file:///home/dotnet/.vscode/extensions/steoates.autoimport-1.5.4/out/src/extension
[2021-11-30 09:21:22.760] [exthost] [info] ExtensionService#_doActivateExtension vscode.css-language-features, startup: false, activationEvent: 'onLanguage:css'
[2021-11-30 09:21:22.761] [exthost] [info] ExtensionService#loadCommonJSModule file:///usr/share/code/resources/app/extensions/css-language-features/client/dist/node/cssClientMain
[2021-11-30 09:24:50.115] [exthost] [warning] TextEditor is closed/disposed
[2021-11-30 09:25:00.828] [exthost] [warning] TextEditor is closed/disposed
[2021-11-30 09:25:32.926] [exthost] [warning] TextEditor is closed/disposed
[2021-11-30 09:25:38.581] [exthost] [warning] TextEditor is closed/disposed
[2021-11-30 09:25:49.445] [exthost] [warning] TextEditor is closed/disposed
[2021-11-30 09:25:50.185] [exthost] [warning] TextEditor is closed/disposed
[2021-11-30 09:26:01.064] [exthost] [warning] TextEditor is closed/disposed
[2021-11-30 09:26:02.839] [exthost] [warning] TextEditor is closed/disposed
[2021-11-30 09:26:06.270] [exthost] [warning] TextEditor is closed/disposed
[2021-11-30 09:26:08.321] [exthost] [warning] TextEditor is closed/disposed
[2021-11-30 09:26:16.554] [exthost] [warning] TextEditor is closed/disposed
[2021-11-30 09:26:17.997] [exthost] [warning] TextEditor is closed/disposed
[2021-11-30 09:26:19.583] [exthost] [warning] TextEditor is closed/disposed
[2021-11-30 09:26:24.478] [exthost] [warning] TextEditor is closed/disposed
[2021-11-30 09:26:43.082] [exthost] [warning] TextEditor is closed/disposed
[2021-11-30 09:26:50.168] [exthost] [warning] TextEditor is closed/disposed
[2021-11-30 09:28:15.878] [exthost] [warning] TextEditor is closed/disposed
[2021-11-30 09:29:52.604] [exthost] [warning] TextEditor is closed/disposed
[2021-11-30 09:31:01.742] [exthost] [warning] TextEditor is closed/disposed
[2021-11-30 09:31:08.687] [exthost] [warning] TextEditor is closed/disposed
[2021-11-30 09:33:00.284] [exthost] [warning] TextEditor is closed/disposed
[2021-11-30 09:33:23.658] [exthost] [warning] TextEditor is closed/disposed
[2021-11-30 09:34:24.784] [exthost] [warning] TextEditor is closed/disposed
[2021-11-30 09:39:31.819] [exthost] [warning] TextEditor is closed/disposed
[2021-11-30 09:43:41.658] [exthost] [warning] TextEditor is closed/disposed
[2021-11-30 09:45:00.235] [exthost] [warning] TextEditor is closed/disposed
[2021-11-30 09:51:42.455] [exthost] [warning] TextEditor is closed/disposed
[2021-11-30 09:51:53.515] [exthost] [warning] TextEditor is closed/disposed
[2021-11-30 09:51:56.741] [exthost] [warning] TextEditor is closed/disposed
[2021-11-30 10:03:51.843] [exthost] [warning] TextEditor is closed/disposed
[2021-11-30 10:03:51.843] [exthost] [warning] TextEditor is closed/disposed
[2021-11-30 10:03:51.862] [exthost] [warning] {"name":"DISPOSED","message":"TextEditor(vs.editor.ICodeEditor:5,$model4) has been disposed"}
[2021-11-30 10:03:54.663] [exthost] [warning] TextEditor is closed/disposed
[2021-11-30 10:03:54.696] [exthost] [warning] TextEditor is closed/disposed
[2021-11-30 10:03:54.696] [exthost] [warning] TextEditor is closed/disposed
[2021-11-30 10:03:54.725] [exthost] [warning] {"name":"DISPOSED","message":"TextEditor(vs.editor.ICodeEditor:5,$model41) has been disposed"}
[2021-11-30 10:03:56.112] [exthost] [warning] TextEditor is closed/disposed
[2021-11-30 10:03:56.124] [exthost] [warning] TextEditor is closed/disposed
[2021-11-30 10:03:56.124] [exthost] [warning] TextEditor is closed/disposed
[2021-11-30 10:03:56.216] [exthost] [warning] {"name":"DISPOSED","message":"TextEditor(vs.editor.ICodeEditor:5,$model14) has been disposed"}
[2021-11-30 10:03:57.765] [exthost] [warning] TextEditor is closed/disposed
[2021-11-30 10:03:57.766] [exthost] [warning] TextEditor is closed/disposed
[2021-11-30 10:03:57.766] [exthost] [warning] TextEditor is closed/disposed
[2021-11-30 10:03:57.781] [exthost] [warning] {"name":"DISPOSED","message":"TextEditor(vs.editor.ICodeEditor:5,$model1) has been disposed"}
[2021-11-30 10:04:05.193] [exthost] [warning] TextEditor is closed/disposed
[2021-11-30 10:04:07.989] [exthost] [warning] TextEditor is closed/disposed
[2021-11-30 10:28:47.578] [exthost] [warning] TextEditor is closed/disposed
[2021-11-30 10:50:06.727] [exthost] [warning] TextEditor is closed/disposed
[2021-11-30 10:51:02.482] [exthost] [warning] TextEditor is closed/disposed
[2021-11-30 11:07:38.897] [exthost] [warning] TextEditor is closed/disposed
[2021-11-30 11:13:36.994] [exthost] [warning] TextEditor is closed/disposed
[2021-11-30 11:14:23.316] [exthost] [warning] TextEditor is closed/disposed
[2021-11-30 11:14:23.531] [exthost] [error] [octref.vetur] provider FAILED
[2021-11-30 11:14:23.536] [exthost] [error] Error: Request textDocument/semanticTokens/full failed with message: Cannot read property 'flags' of undefined
    at /home/dotnet/.vscode/extensions/octref.vetur-0.35.0/dist/vueMain.js:1:64858
    at /home/dotnet/.vscode/extensions/octref.vetur-0.35.0/dist/vueMain.js:1:65153
    at Immediate.<anonymous> (/home/dotnet/.vscode/extensions/octref.vetur-0.35.0/dist/vueMain.js:1:65518)
    at processImmediate (internal/timers.js:461:21)
[2021-11-30 11:14:23.561] [exthost] [error] [octref.vetur] provider FAILED
[2021-11-30 11:14:23.561] [exthost] [error] Error: Request textDocument/semanticTokens/range failed with message: Cannot read property 'flags' of undefined
    at /home/dotnet/.vscode/extensions/octref.vetur-0.35.0/dist/vueMain.js:1:64858
    at /home/dotnet/.vscode/extensions/octref.vetur-0.35.0/dist/vueMain.js:1:65153
    at Immediate.<anonymous> (/home/dotnet/.vscode/extensions/octref.vetur-0.35.0/dist/vueMain.js:1:65518)
    at processImmediate (internal/timers.js:461:21)
[2021-11-30 11:14:23.715] [exthost] [error] [octref.vetur] provider FAILED
[2021-11-30 11:14:23.715] [exthost] [error] Error: Request textDocument/semanticTokens/range failed with message: Cannot read property 'flags' of undefined
    at /home/dotnet/.vscode/extensions/octref.vetur-0.35.0/dist/vueMain.js:1:64858
    at /home/dotnet/.vscode/extensions/octref.vetur-0.35.0/dist/vueMain.js:1:65153
    at Immediate.<anonymous> (/home/dotnet/.vscode/extensions/octref.vetur-0.35.0/dist/vueMain.js:1:65518)
    at processImmediate (internal/timers.js:461:21)
[2021-11-30 11:14:27.617] [exthost] [warning] TextEditor is closed/disposed
[2021-11-30 11:14:31.160] [exthost] [error] [octref.vetur] provider FAILED
[2021-11-30 11:14:31.160] [exthost] [error] Error: Request textDocument/semanticTokens/full failed with message: Cannot read property 'flags' of undefined
    at /home/dotnet/.vscode/extensions/octref.vetur-0.35.0/dist/vueMain.js:1:64858
    at /home/dotnet/.vscode/extensions/octref.vetur-0.35.0/dist/vueMain.js:1:65153
    at Immediate.<anonymous> (/home/dotnet/.vscode/extensions/octref.vetur-0.35.0/dist/vueMain.js:1:65518)
    at processImmediate (internal/timers.js:461:21)
[2021-11-30 11:14:31.160] [exthost] [error] [octref.vetur] provider FAILED
[2021-11-30 11:14:31.160] [exthost] [error] Error: Request textDocument/semanticTokens/range failed with message: Cannot read property 'flags' of undefined
    at /home/dotnet/.vscode/extensions/octref.vetur-0.35.0/dist/vueMain.js:1:64858
    at /home/dotnet/.vscode/extensions/octref.vetur-0.35.0/dist/vueMain.js:1:65153
    at Immediate.<anonymous> (/home/dotnet/.vscode/extensions/octref.vetur-0.35.0/dist/vueMain.js:1:65518)
    at processImmediate (internal/timers.js:461:21)
[2021-11-30 11:14:31.171] [exthost] [error] [octref.vetur] provider FAILED
[2021-11-30 11:14:31.171] [exthost] [error] Error: Request textDocument/semanticTokens/range failed with message: Cannot read property 'flags' of undefined
    at /home/dotnet/.vscode/extensions/octref.vetur-0.35.0/dist/vueMain.js:1:64858
    at /home/dotnet/.vscode/extensions/octref.vetur-0.35.0/dist/vueMain.js:1:65153
    at Immediate.<anonymous> (/home/dotnet/.vscode/extensions/octref.vetur-0.35.0/dist/vueMain.js:1:65518)
    at processImmediate (internal/timers.js:461:21)
[2021-11-30 11:14:32.237] [exthost] [warning] TextEditor is closed/disposed
[2021-11-30 11:14:32.502] [exthost] [error] [octref.vetur] provider FAILED
[2021-11-30 11:14:32.502] [exthost] [error] Error: Request textDocument/semanticTokens/range failed with message: Cannot read property 'flags' of undefined
    at /home/dotnet/.vscode/extensions/octref.vetur-0.35.0/dist/vueMain.js:1:64858
    at /home/dotnet/.vscode/extensions/octref.vetur-0.35.0/dist/vueMain.js:1:65153
    at Immediate.<anonymous> (/home/dotnet/.vscode/extensions/octref.vetur-0.35.0/dist/vueMain.js:1:65518)
    at processImmediate (internal/timers.js:461:21)
[2021-11-30 11:14:35.672] [exthost] [warning] TextEditor is closed/disposed
[2021-11-30 11:15:23.973] [exthost] [warning] TextEditor is closed/disposed
[2021-11-30 11:15:24.437] [exthost] [error] [octref.vetur] provider FAILED
[2021-11-30 11:15:24.437] [exthost] [error] Error: Request textDocument/semanticTokens/range failed with message: Cannot read property 'flags' of undefined
    at /home/dotnet/.vscode/extensions/octref.vetur-0.35.0/dist/vueMain.js:1:64858
    at /home/dotnet/.vscode/extensions/octref.vetur-0.35.0/dist/vueMain.js:1:65153
    at Immediate.<anonymous> (/home/dotnet/.vscode/extensions/octref.vetur-0.35.0/dist/vueMain.js:1:65518)
    at processImmediate (internal/timers.js:461:21)
[2021-11-30 11:15:25.939] [exthost] [warning] TextEditor is closed/disposed
[2021-11-30 11:15:29.377] [exthost] [warning] TextEditor is closed/disposed
[2021-11-30 11:15:30.875] [exthost] [warning] TextEditor is closed/disposed
[2021-11-30 11:15:30.944] [exthost] [error] [octref.vetur] provider FAILED
[2021-11-30 11:15:30.945] [exthost] [error] Error: Request textDocument/semanticTokens/full failed with message: Cannot read property 'flags' of undefined
    at /home/dotnet/.vscode/extensions/octref.vetur-0.35.0/dist/vueMain.js:1:64858
    at /home/dotnet/.vscode/extensions/octref.vetur-0.35.0/dist/vueMain.js:1:65153
    at Immediate.<anonymous> (/home/dotnet/.vscode/extensions/octref.vetur-0.35.0/dist/vueMain.js:1:65518)
    at processImmediate (internal/timers.js:461:21)
[2021-11-30 11:15:30.980] [exthost] [error] [octref.vetur] provider FAILED
[2021-11-30 11:15:30.981] [exthost] [error] Error: Request textDocument/semanticTokens/range failed with message: Cannot read property 'flags' of undefined
    at /home/dotnet/.vscode/extensions/octref.vetur-0.35.0/dist/vueMain.js:1:64858
    at /home/dotnet/.vscode/extensions/octref.vetur-0.35.0/dist/vueMain.js:1:65153
    at Immediate.<anonymous> (/home/dotnet/.vscode/extensions/octref.vetur-0.35.0/dist/vueMain.js:1:65518)
    at processImmediate (internal/timers.js:461:21)
[2021-11-30 11:15:31.279] [exthost] [error] [octref.vetur] provider FAILED
[2021-11-30 11:15:31.279] [exthost] [error] Error: Request textDocument/semanticTokens/range failed with message: Cannot read property 'flags' of undefined
    at /home/dotnet/.vscode/extensions/octref.vetur-0.35.0/dist/vueMain.js:1:64858
    at /home/dotnet/.vscode/extensions/octref.vetur-0.35.0/dist/vueMain.js:1:65153
    at Immediate.<anonymous> (/home/dotnet/.vscode/extensions/octref.vetur-0.35.0/dist/vueMain.js:1:65518)
    at processImmediate (internal/timers.js:461:21)
[2021-11-30 11:15:32.535] [exthost] [warning] TextEditor is closed/disposed
[2021-11-30 11:15:35.462] [exthost] [warning] TextEditor is closed/disposed
[2021-11-30 11:15:39.338] [exthost] [warning] TextEditor is closed/disposed
[2021-11-30 11:15:44.674] [exthost] [warning] TextEditor is closed/disposed
[2021-11-30 11:33:57.573] [exthost] [warning] TextEditor is closed/disposed
[2021-11-30 11:43:38.946] [exthost] [warning] TextEditor is closed/disposed
[2021-11-30 11:56:34.454] [exthost] [warning] TextEditor is closed/disposed
[2021-11-30 11:57:55.297] [exthost] [warning] TextEditor is closed/disposed
[2021-11-30 11:58:09.433] [exthost] [warning] TextEditor is closed/disposed
[2021-11-30 11:58:25.661] [exthost] [warning] TextEditor is closed/disposed
[2021-11-30 11:59:32.701] [exthost] [warning] TextEditor is closed/disposed
[2021-11-30 12:00:33.474] [exthost] [warning] TextEditor is closed/disposed
[2021-11-30 12:10:08.264] [exthost] [warning] TextEditor is closed/disposed
[2021-11-30 12:10:08.573] [exthost] [error] [vscode.typescript-language-features] provider FAILED
[2021-11-30 12:10:08.574] [exthost] [error] Error: <semantic> TypeScript Server Error (4.4.3)
Could not find source file: '/var/www/soft1.myvirtualtours.io/resources/js/src/router.js'.
Error: Could not find source file: '/var/www/soft1.myvirtualtours.io/resources/js/src/router.js'.
    at getValidSourceFile (/usr/share/code/resources/app/extensions/node_modules/typescript/lib/tsserver.js:156511:29)
    at Proxy.getDocumentHighlights (/usr/share/code/resources/app/extensions/node_modules/typescript/lib/tsserver.js:156893:30)
    at IOSession.Session.getDocumentHighlights (/usr/share/code/resources/app/extensions/node_modules/typescript/lib/tsserver.js:167883:71)
    at Session.handlers.ts.Map.ts.getEntries._a.<computed> (/usr/share/code/resources/app/extensions/node_modules/typescript/lib/tsserver.js:167185:61)
    at /usr/share/code/resources/app/extensions/node_modules/typescript/lib/tsserver.js:168880:88
    at IOSession.Session.executeWithRequestId (/usr/share/code/resources/app/extensions/node_modules/typescript/lib/tsserver.js:168871:28)
    at IOSession.Session.executeCommand (/usr/share/code/resources/app/extensions/node_modules/typescript/lib/tsserver.js:168880:33)
    at IOSession.Session.onMessage (/usr/share/code/resources/app/extensions/node_modules/typescript/lib/tsserver.js:168906:35)
    at Interface.<anonymous> (/usr/share/code/resources/app/extensions/node_modules/typescript/lib/tsserver.js:171511:31)
    at Interface.emit (events.js:315:20)
    at Interface._onLine (readline.js:337:10)
    at Interface._normalWrite (readline.js:482:12)
    at Socket.ondata (readline.js:194:10)
    at Socket.emit (events.js:315:20)
    at addChunk (internal/streams/readable.js:309:12)
    at readableAddChunk (internal/streams/readable.js:284:9)
    at Socket.Readable.push (internal/streams/readable.js:223:10)
    at Pipe.onStreamRead (internal/stream_base_commons.js:188:23)
    at Function.create (/usr/share/code/resources/app/extensions/typescript-language-features/dist/extension.js:1:459856)
    at dispatchResponse (/usr/share/code/resources/app/extensions/typescript-language-features/dist/extension.js:1:453692)
    at dispatchMessage (/usr/share/code/resources/app/extensions/typescript-language-features/dist/extension.js:1:452549)
    at /usr/share/code/resources/app/extensions/typescript-language-features/dist/extension.js:1:452034
    at a.fire (/usr/share/code/resources/app/out/vs/workbench/services/extensions/node/extensionHostProcess.js:66:1712)
    at m.onLengthData (/usr/share/code/resources/app/extensions/typescript-language-features/dist/extension.js:1:462785)
    at Socket.<anonymous> (/usr/share/code/resources/app/extensions/typescript-language-features/dist/extension.js:1:462432)
    at Socket.emit (events.js:315:20)
    at Socket.EventEmitter.emit (domain.js:467:12)
    at addChunk (internal/streams/readable.js:309:12)
    at readableAddChunk (internal/streams/readable.js:284:9)
    at Socket.Readable.push (internal/streams/readable.js:223:10)
    at Pipe.onStreamRead (internal/stream_base_commons.js:188:23)
[2021-11-30 12:10:08.627] [exthost] [error] [vscode.typescript-language-features] provider FAILED
[2021-11-30 12:10:08.627] [exthost] [error] Error: <semantic> TypeScript Server Error (4.4.3)
Could not find source file: '/var/www/soft1.myvirtualtours.io/resources/js/src/router.js'.
Error: Could not find source file: '/var/www/soft1.myvirtualtours.io/resources/js/src/router.js'.
    at getValidSourceFile (/usr/share/code/resources/app/extensions/node_modules/typescript/lib/tsserver.js:156511:29)
    at Proxy.getApplicableRefactors (/usr/share/code/resources/app/extensions/node_modules/typescript/lib/tsserver.js:157559:24)
    at IOSession.Session.getApplicableRefactors (/usr/share/code/resources/app/extensions/node_modules/typescript/lib/tsserver.js:168512:53)
    at Session.handlers.ts.Map.ts.getEntries._a.<computed> (/usr/share/code/resources/app/extensions/node_modules/typescript/lib/tsserver.js:167223:61)
    at /usr/share/code/resources/app/extensions/node_modules/typescript/lib/tsserver.js:168880:88
    at IOSession.Session.executeWithRequestId (/usr/share/code/resources/app/extensions/node_modules/typescript/lib/tsserver.js:168871:28)
    at IOSession.Session.executeCommand (/usr/share/code/resources/app/extensions/node_modules/typescript/lib/tsserver.js:168880:33)
    at IOSession.Session.onMessage (/usr/share/code/resources/app/extensions/node_modules/typescript/lib/tsserver.js:168906:35)
    at Interface.<anonymous> (/usr/share/code/resources/app/extensions/node_modules/typescript/lib/tsserver.js:171511:31)
    at Interface.emit (events.js:315:20)
    at Interface._onLine (readline.js:337:10)
    at Interface._normalWrite (readline.js:482:12)
    at Socket.ondata (readline.js:194:10)
    at Socket.emit (events.js:315:20)
    at addChunk (internal/streams/readable.js:309:12)
    at readableAddChunk (internal/streams/readable.js:284:9)
    at Socket.Readable.push (internal/streams/readable.js:223:10)
    at Pipe.onStreamRead (internal/stream_base_commons.js:188:23)
    at Function.create (/usr/share/code/resources/app/extensions/typescript-language-features/dist/extension.js:1:459856)
    at dispatchResponse (/usr/share/code/resources/app/extensions/typescript-language-features/dist/extension.js:1:453692)
    at dispatchMessage (/usr/share/code/resources/app/extensions/typescript-language-features/dist/extension.js:1:452549)
    at /usr/share/code/resources/app/extensions/typescript-language-features/dist/extension.js:1:452034
    at a.fire (/usr/share/code/resources/app/out/vs/workbench/services/extensions/node/extensionHostProcess.js:66:1712)
    at m.onLengthData (/usr/share/code/resources/app/extensions/typescript-language-features/dist/extension.js:1:462785)
    at Socket.<anonymous> (/usr/share/code/resources/app/extensions/typescript-language-features/dist/extension.js:1:462432)
    at Socket.emit (events.js:315:20)
    at Socket.EventEmitter.emit (domain.js:467:12)
    at addChunk (internal/streams/readable.js:309:12)
    at readableAddChunk (internal/streams/readable.js:284:9)
    at Socket.Readable.push (internal/streams/readable.js:223:10)
    at Pipe.onStreamRead (internal/stream_base_commons.js:188:23)
[2021-11-30 12:10:08.990] [exthost] [error] [vscode.typescript-language-features] provider FAILED
[2021-11-30 12:10:08.990] [exthost] [error] Error: <semantic> TypeScript Server Error (4.4.3)
Could not find source file: '/var/www/soft1.myvirtualtours.io/resources/js/src/router.js'.
Error: Could not find source file: '/var/www/soft1.myvirtualtours.io/resources/js/src/router.js'.
    at getValidSourceFile (/usr/share/code/resources/app/extensions/node_modules/typescript/lib/tsserver.js:156511:29)
    at Proxy.getApplicableRefactors (/usr/share/code/resources/app/extensions/node_modules/typescript/lib/tsserver.js:157559:24)
    at IOSession.Session.getApplicableRefactors (/usr/share/code/resources/app/extensions/node_modules/typescript/lib/tsserver.js:168512:53)
    at Session.handlers.ts.Map.ts.getEntries._a.<computed> (/usr/share/code/resources/app/extensions/node_modules/typescript/lib/tsserver.js:167223:61)
    at /usr/share/code/resources/app/extensions/node_modules/typescript/lib/tsserver.js:168880:88
    at IOSession.Session.executeWithRequestId (/usr/share/code/resources/app/extensions/node_modules/typescript/lib/tsserver.js:168871:28)
    at IOSession.Session.executeCommand (/usr/share/code/resources/app/extensions/node_modules/typescript/lib/tsserver.js:168880:33)
    at IOSession.Session.onMessage (/usr/share/code/resources/app/extensions/node_modules/typescript/lib/tsserver.js:168906:35)
    at Interface.<anonymous> (/usr/share/code/resources/app/extensions/node_modules/typescript/lib/tsserver.js:171511:31)
    at Interface.emit (events.js:315:20)
    at Interface._onLine (readline.js:337:10)
    at Interface._normalWrite (readline.js:482:12)
    at Socket.ondata (readline.js:194:10)
    at Socket.emit (events.js:315:20)
    at addChunk (internal/streams/readable.js:309:12)
    at readableAddChunk (internal/streams/readable.js:284:9)
    at Socket.Readable.push (internal/streams/readable.js:223:10)
    at Pipe.onStreamRead (internal/stream_base_commons.js:188:23)
    at Function.create (/usr/share/code/resources/app/extensions/typescript-language-features/dist/extension.js:1:459856)
    at dispatchResponse (/usr/share/code/resources/app/extensions/typescript-language-features/dist/extension.js:1:453692)
    at dispatchMessage (/usr/share/code/resources/app/extensions/typescript-language-features/dist/extension.js:1:452549)
    at /usr/share/code/resources/app/extensions/typescript-language-features/dist/extension.js:1:452034
    at a.fire (/usr/share/code/resources/app/out/vs/workbench/services/extensions/node/extensionHostProcess.js:66:1712)
    at m.onLengthData (/usr/share/code/resources/app/extensions/typescript-language-features/dist/extension.js:1:462785)
    at Socket.<anonymous> (/usr/share/code/resources/app/extensions/typescript-language-features/dist/extension.js:1:462432)
    at Socket.emit (events.js:315:20)
    at Socket.EventEmitter.emit (domain.js:467:12)
    at addChunk (internal/streams/readable.js:309:12)
    at readableAddChunk (internal/streams/readable.js:284:9)
    at Socket.Readable.push (internal/streams/readable.js:223:10)
    at Pipe.onStreamRead (internal/stream_base_commons.js:188:23)
[2021-11-30 12:10:11.472] [exthost] [error] [vscode.typescript-language-features] provider FAILED
[2021-11-30 12:10:11.472] [exthost] [error] Error: <semantic> TypeScript Server Error (4.4.3)
Could not find source file: '/var/www/soft1.myvirtualtours.io/resources/js/src/router.js'.
Error: Could not find source file: '/var/www/soft1.myvirtualtours.io/resources/js/src/router.js'.
    at getValidSourceFile (/usr/share/code/resources/app/extensions/node_modules/typescript/lib/tsserver.js:156511:29)
    at Proxy.getDocumentHighlights (/usr/share/code/resources/app/extensions/node_modules/typescript/lib/tsserver.js:156893:30)
    at IOSession.Session.getDocumentHighlights (/usr/share/code/resources/app/extensions/node_modules/typescript/lib/tsserver.js:167883:71)
    at Session.handlers.ts.Map.ts.getEntries._a.<computed> (/usr/share/code/resources/app/extensions/node_modules/typescript/lib/tsserver.js:167185:61)
    at /usr/share/code/resources/app/extensions/node_modules/typescript/lib/tsserver.js:168880:88
    at IOSession.Session.executeWithRequestId (/usr/share/code/resources/app/extensions/node_modules/typescript/lib/tsserver.js:168871:28)
    at IOSession.Session.executeCommand (/usr/share/code/resources/app/extensions/node_modules/typescript/lib/tsserver.js:168880:33)
    at IOSession.Session.onMessage (/usr/share/code/resources/app/extensions/node_modules/typescript/lib/tsserver.js:168906:35)
    at Interface.<anonymous> (/usr/share/code/resources/app/extensions/node_modules/typescript/lib/tsserver.js:171511:31)
    at Interface.emit (events.js:315:20)
    at Interface._onLine (readline.js:337:10)
    at Interface._normalWrite (readline.js:482:12)
    at Socket.ondata (readline.js:194:10)
    at Socket.emit (events.js:315:20)
    at addChunk (internal/streams/readable.js:309:12)
    at readableAddChunk (internal/streams/readable.js:284:9)
    at Socket.Readable.push (internal/streams/readable.js:223:10)
    at Pipe.onStreamRead (internal/stream_base_commons.js:188:23)
    at Function.create (/usr/share/code/resources/app/extensions/typescript-language-features/dist/extension.js:1:459856)
    at dispatchResponse (/usr/share/code/resources/app/extensions/typescript-language-features/dist/extension.js:1:453692)
    at dispatchMessage (/usr/share/code/resources/app/extensions/typescript-language-features/dist/extension.js:1:452549)
    at /usr/share/code/resources/app/extensions/typescript-language-features/dist/extension.js:1:452034
    at a.fire (/usr/share/code/resources/app/out/vs/workbench/services/extensions/node/extensionHostProcess.js:66:1712)
    at m.onLengthData (/usr/share/code/resources/app/extensions/typescript-language-features/dist/extension.js:1:462785)
    at Socket.<anonymous> (/usr/share/code/resources/app/extensions/typescript-language-features/dist/extension.js:1:462432)
    at Socket.emit (events.js:315:20)
    at Socket.EventEmitter.emit (domain.js:467:12)
    at addChunk (internal/streams/readable.js:309:12)
    at readableAddChunk (internal/streams/readable.js:284:9)
    at Socket.Readable.push (internal/streams/readable.js:223:10)
    at Pipe.onStreamRead (internal/stream_base_commons.js:188:23)
[2021-11-30 12:10:11.720] [exthost] [error] [vscode.typescript-language-features] provider FAILED
[2021-11-30 12:10:11.720] [exthost] [error] Error: <semantic> TypeScript Server Error (4.4.3)
Could not find source file: '/var/www/soft1.myvirtualtours.io/resources/js/src/router.js'.
Error: Could not find source file: '/var/www/soft1.myvirtualtours.io/resources/js/src/router.js'.
    at getValidSourceFile (/usr/share/code/resources/app/extensions/node_modules/typescript/lib/tsserver.js:156511:29)
    at Proxy.getApplicableRefactors (/usr/share/code/resources/app/extensions/node_modules/typescript/lib/tsserver.js:157559:24)
    at IOSession.Session.getApplicableRefactors (/usr/share/code/resources/app/extensions/node_modules/typescript/lib/tsserver.js:168512:53)
    at Session.handlers.ts.Map.ts.getEntries._a.<computed> (/usr/share/code/resources/app/extensions/node_modules/typescript/lib/tsserver.js:167223:61)
    at /usr/share/code/resources/app/extensions/node_modules/typescript/lib/tsserver.js:168880:88
    at IOSession.Session.executeWithRequestId (/usr/share/code/resources/app/extensions/node_modules/typescript/lib/tsserver.js:168871:28)
    at IOSession.Session.executeCommand (/usr/share/code/resources/app/extensions/node_modules/typescript/lib/tsserver.js:168880:33)
    at IOSession.Session.onMessage (/usr/share/code/resources/app/extensions/node_modules/typescript/lib/tsserver.js:168906:35)
    at Interface.<anonymous> (/usr/share/code/resources/app/extensions/node_modules/typescript/lib/tsserver.js:171511:31)
    at Interface.emit (events.js:315:20)
    at Interface._onLine (readline.js:337:10)
    at Interface._normalWrite (readline.js:482:12)
    at Socket.ondata (readline.js:194:10)
    at Socket.emit (events.js:315:20)
    at addChunk (internal/streams/readable.js:309:12)
    at readableAddChunk (internal/streams/readable.js:284:9)
    at Socket.Readable.push (internal/streams/readable.js:223:10)
    at Pipe.onStreamRead (internal/stream_base_commons.js:188:23)
    at Function.create (/usr/share/code/resources/app/extensions/typescript-language-features/dist/extension.js:1:459856)
    at dispatchResponse (/usr/share/code/resources/app/extensions/typescript-language-features/dist/extension.js:1:453692)
    at dispatchMessage (/usr/share/code/resources/app/extensions/typescript-language-features/dist/extension.js:1:452549)
    at /usr/share/code/resources/app/extensions/typescript-language-features/dist/extension.js:1:452034
    at a.fire (/usr/share/code/resources/app/out/vs/workbench/services/extensions/node/extensionHostProcess.js:66:1712)
    at m.onLengthData (/usr/share/code/resources/app/extensions/typescript-language-features/dist/extension.js:1:462785)
    at Socket.<anonymous> (/usr/share/code/resources/app/extensions/typescript-language-features/dist/extension.js:1:462432)
    at Socket.emit (events.js:315:20)
    at Socket.EventEmitter.emit (domain.js:467:12)
    at addChunk (internal/streams/readable.js:309:12)
    at readableAddChunk (internal/streams/readable.js:284:9)
    at Socket.Readable.push (internal/streams/readable.js:223:10)
    at Pipe.onStreamRead (internal/stream_base_commons.js:188:23)
[2021-11-30 12:10:11.855] [exthost] [error] [vscode.typescript-language-features] provider FAILED
[2021-11-30 12:10:11.855] [exthost] [error] Error: <semantic> TypeScript Server Error (4.4.3)
Could not find source file: '/var/www/soft1.myvirtualtours.io/resources/js/src/router.js'.
Error: Could not find source file: '/var/www/soft1.myvirtualtours.io/resources/js/src/router.js'.
    at getValidSourceFile (/usr/share/code/resources/app/extensions/node_modules/typescript/lib/tsserver.js:156511:29)
    at Proxy.getDocumentHighlights (/usr/share/code/resources/app/extensions/node_modules/typescript/lib/tsserver.js:156893:30)
    at IOSession.Session.getDocumentHighlights (/usr/share/code/resources/app/extensions/node_modules/typescript/lib/tsserver.js:167883:71)
    at Session.handlers.ts.Map.ts.getEntries._a.<computed> (/usr/share/code/resources/app/extensions/node_modules/typescript/lib/tsserver.js:167185:61)
    at /usr/share/code/resources/app/extensions/node_modules/typescript/lib/tsserver.js:168880:88
    at IOSession.Session.executeWithRequestId (/usr/share/code/resources/app/extensions/node_modules/typescript/lib/tsserver.js:168871:28)
    at IOSession.Session.executeCommand (/usr/share/code/resources/app/extensions/node_modules/typescript/lib/tsserver.js:168880:33)
    at IOSession.Session.onMessage (/usr/share/code/resources/app/extensions/node_modules/typescript/lib/tsserver.js:168906:35)
    at Interface.<anonymous> (/usr/share/code/resources/app/extensions/node_modules/typescript/lib/tsserver.js:171511:31)
    at Interface.emit (events.js:315:20)
    at Interface._onLine (readline.js:337:10)
    at Interface._normalWrite (readline.js:482:12)
    at Socket.ondata (readline.js:194:10)
    at Socket.emit (events.js:315:20)
    at addChunk (internal/streams/readable.js:309:12)
    at readableAddChunk (internal/streams/readable.js:284:9)
    at Socket.Readable.push (internal/streams/readable.js:223:10)
    at Pipe.onStreamRead (internal/stream_base_commons.js:188:23)
    at Function.create (/usr/share/code/resources/app/extensions/typescript-language-features/dist/extension.js:1:459856)
    at dispatchResponse (/usr/share/code/resources/app/extensions/typescript-language-features/dist/extension.js:1:453692)
    at dispatchMessage (/usr/share/code/resources/app/extensions/typescript-language-features/dist/extension.js:1:452549)
    at /usr/share/code/resources/app/extensions/typescript-language-features/dist/extension.js:1:452034
    at a.fire (/usr/share/code/resources/app/out/vs/workbench/services/extensions/node/extensionHostProcess.js:66:1712)
    at m.onLengthData (/usr/share/code/resources/app/extensions/typescript-language-features/dist/extension.js:1:462785)
    at Socket.<anonymous> (/usr/share/code/resources/app/extensions/typescript-language-features/dist/extension.js:1:462432)
    at Socket.emit (events.js:315:20)
    at Socket.EventEmitter.emit (domain.js:467:12)
    at addChunk (internal/streams/readable.js:309:12)
    at readableAddChunk (internal/streams/readable.js:284:9)
    at Socket.Readable.push (internal/streams/readable.js:223:10)
    at Pipe.onStreamRead (internal/stream_base_commons.js:188:23)
[2021-11-30 12:10:12.098] [exthost] [error] [vscode.typescript-language-features] provider FAILED
[2021-11-30 12:10:12.099] [exthost] [error] Error: <semantic> TypeScript Server Error (4.4.3)
Could not find source file: '/var/www/soft1.myvirtualtours.io/resources/js/src/router.js'.
Error: Could not find source file: '/var/www/soft1.myvirtualtours.io/resources/js/src/router.js'.
    at getValidSourceFile (/usr/share/code/resources/app/extensions/node_modules/typescript/lib/tsserver.js:156511:29)
    at Proxy.getDocumentHighlights (/usr/share/code/resources/app/extensions/node_modules/typescript/lib/tsserver.js:156893:30)
    at IOSession.Session.getDocumentHighlights (/usr/share/code/resources/app/extensions/node_modules/typescript/lib/tsserver.js:167883:71)
    at Session.handlers.ts.Map.ts.getEntries._a.<computed> (/usr/share/code/resources/app/extensions/node_modules/typescript/lib/tsserver.js:167185:61)
    at /usr/share/code/resources/app/extensions/node_modules/typescript/lib/tsserver.js:168880:88
    at IOSession.Session.executeWithRequestId (/usr/share/code/resources/app/extensions/node_modules/typescript/lib/tsserver.js:168871:28)
    at IOSession.Session.executeCommand (/usr/share/code/resources/app/extensions/node_modules/typescript/lib/tsserver.js:168880:33)
    at IOSession.Session.onMessage (/usr/share/code/resources/app/extensions/node_modules/typescript/lib/tsserver.js:168906:35)
    at Interface.<anonymous> (/usr/share/code/resources/app/extensions/node_modules/typescript/lib/tsserver.js:171511:31)
    at Interface.emit (events.js:315:20)
    at Interface._onLine (readline.js:337:10)
    at Interface._normalWrite (readline.js:482:12)
    at Socket.ondata (readline.js:194:10)
    at Socket.emit (events.js:315:20)
    at addChunk (internal/streams/readable.js:309:12)
    at readableAddChunk (internal/streams/readable.js:284:9)
    at Socket.Readable.push (internal/streams/readable.js:223:10)
    at Pipe.onStreamRead (internal/stream_base_commons.js:188:23)
    at Function.create (/usr/share/code/resources/app/extensions/typescript-language-features/dist/extension.js:1:459856)
    at dispatchResponse (/usr/share/code/resources/app/extensions/typescript-language-features/dist/extension.js:1:453692)
    at dispatchMessage (/usr/share/code/resources/app/extensions/typescript-language-features/dist/extension.js:1:452549)
    at /usr/share/code/resources/app/extensions/typescript-language-features/dist/extension.js:1:452034
    at a.fire (/usr/share/code/resources/app/out/vs/workbench/services/extensions/node/extensionHostProcess.js:66:1712)
    at m.onLengthData (/usr/share/code/resources/app/extensions/typescript-language-features/dist/extension.js:1:462785)
    at Socket.<anonymous> (/usr/share/code/resources/app/extensions/typescript-language-features/dist/extension.js:1:462432)
    at Socket.emit (events.js:315:20)
    at Socket.EventEmitter.emit (domain.js:467:12)
    at addChunk (internal/streams/readable.js:309:12)
    at readableAddChunk (internal/streams/readable.js:284:9)
    at Socket.Readable.push (internal/streams/readable.js:223:10)
    at Pipe.onStreamRead (internal/stream_base_commons.js:188:23)
[2021-11-30 12:10:12.216] [exthost] [error] [vscode.typescript-language-features] provider FAILED
[2021-11-30 12:10:12.216] [exthost] [error] Error: <semantic> TypeScript Server Error (4.4.3)
Could not find source file: '/var/www/soft1.myvirtualtours.io/resources/js/src/router.js'.
Error: Could not find source file: '/var/www/soft1.myvirtualtours.io/resources/js/src/router.js'.
    at getValidSourceFile (/usr/share/code/resources/app/extensions/node_modules/typescript/lib/tsserver.js:156511:29)
    at Proxy.getDocumentHighlights (/usr/share/code/resources/app/extensions/node_modules/typescript/lib/tsserver.js:156893:30)
    at IOSession.Session.getDocumentHighlights (/usr/share/code/resources/app/extensions/node_modules/typescript/lib/tsserver.js:167883:71)
    at Session.handlers.ts.Map.ts.getEntries._a.<computed> (/usr/share/code/resources/app/extensions/node_modules/typescript/lib/tsserver.js:167185:61)
    at /usr/share/code/resources/app/extensions/node_modules/typescript/lib/tsserver.js:168880:88
    at IOSession.Session.executeWithRequestId (/usr/share/code/resources/app/extensions/node_modules/typescript/lib/tsserver.js:168871:28)
    at IOSession.Session.executeCommand (/usr/share/code/resources/app/extensions/node_modules/typescript/lib/tsserver.js:168880:33)
    at IOSession.Session.onMessage (/usr/share/code/resources/app/extensions/node_modules/typescript/lib/tsserver.js:168906:35)
    at Interface.<anonymous> (/usr/share/code/resources/app/extensions/node_modules/typescript/lib/tsserver.js:171511:31)
    at Interface.emit (events.js:315:20)
    at Interface._onLine (readline.js:337:10)
    at Interface._normalWrite (readline.js:482:12)
    at Socket.ondata (readline.js:194:10)
    at Socket.emit (events.js:315:20)
    at addChunk (internal/streams/readable.js:309:12)
    at readableAddChunk (internal/streams/readable.js:284:9)
    at Socket.Readable.push (internal/streams/readable.js:223:10)
    at Pipe.onStreamRead (internal/stream_base_commons.js:188:23)
    at Function.create (/usr/share/code/resources/app/extensions/typescript-language-features/dist/extension.js:1:459856)
    at dispatchResponse (/usr/share/code/resources/app/extensions/typescript-language-features/dist/extension.js:1:453692)
    at dispatchMessage (/usr/share/code/resources/app/extensions/typescript-language-features/dist/extension.js:1:452549)
    at /usr/share/code/resources/app/extensions/typescript-language-features/dist/extension.js:1:452034
    at a.fire (/usr/share/code/resources/app/out/vs/workbench/services/extensions/node/extensionHostProcess.js:66:1712)
    at m.onLengthData (/usr/share/code/resources/app/extensions/typescript-language-features/dist/extension.js:1:462785)
    at Socket.<anonymous> (/usr/share/code/resources/app/extensions/typescript-language-features/dist/extension.js:1:462432)
    at Socket.emit (events.js:315:20)
    at Socket.EventEmitter.emit (domain.js:467:12)
    at addChunk (internal/streams/readable.js:309:12)
    at readableAddChunk (internal/streams/readable.js:284:9)
    at Socket.Readable.push (internal/streams/readable.js:223:10)
    at Pipe.onStreamRead (internal/stream_base_commons.js:188:23)
[2021-11-30 12:10:12.718] [exthost] [error] [vscode.typescript-language-features] provider FAILED
[2021-11-30 12:10:12.718] [exthost] [error] Error: <semantic> TypeScript Server Error (4.4.3)
Could not find source file: '/var/www/soft1.myvirtualtours.io/resources/js/src/router.js'.
Error: Could not find source file: '/var/www/soft1.myvirtualtours.io/resources/js/src/router.js'.
    at getValidSourceFile (/usr/share/code/resources/app/extensions/node_modules/typescript/lib/tsserver.js:156511:29)
    at Proxy.getDocumentHighlights (/usr/share/code/resources/app/extensions/node_modules/typescript/lib/tsserver.js:156893:30)
    at IOSession.Session.getDocumentHighlights (/usr/share/code/resources/app/extensions/node_modules/typescript/lib/tsserver.js:167883:71)
    at Session.handlers.ts.Map.ts.getEntries._a.<computed> (/usr/share/code/resources/app/extensions/node_modules/typescript/lib/tsserver.js:167185:61)
    at /usr/share/code/resources/app/extensions/node_modules/typescript/lib/tsserver.js:168880:88
    at IOSession.Session.executeWithRequestId (/usr/share/code/resources/app/extensions/node_modules/typescript/lib/tsserver.js:168871:28)
    at IOSession.Session.executeCommand (/usr/share/code/resources/app/extensions/node_modules/typescript/lib/tsserver.js:168880:33)
    at IOSession.Session.onMessage (/usr/share/code/resources/app/extensions/node_modules/typescript/lib/tsserver.js:168906:35)
    at Interface.<anonymous> (/usr/share/code/resources/app/extensions/node_modules/typescript/lib/tsserver.js:171511:31)
    at Interface.emit (events.js:315:20)
    at Interface._onLine (readline.js:337:10)
    at Interface._normalWrite (readline.js:482:12)
    at Socket.ondata (readline.js:194:10)
    at Socket.emit (events.js:315:20)
    at addChunk (internal/streams/readable.js:309:12)
    at readableAddChunk (internal/streams/readable.js:284:9)
    at Socket.Readable.push (internal/streams/readable.js:223:10)
    at Pipe.onStreamRead (internal/stream_base_commons.js:188:23)
    at Function.create (/usr/share/code/resources/app/extensions/typescript-language-features/dist/extension.js:1:459856)
    at dispatchResponse (/usr/share/code/resources/app/extensions/typescript-language-features/dist/extension.js:1:453692)
    at dispatchMessage (/usr/share/code/resources/app/extensions/typescript-language-features/dist/extension.js:1:452549)
    at /usr/share/code/resources/app/extensions/typescript-language-features/dist/extension.js:1:452034
    at a.fire (/usr/share/code/resources/app/out/vs/workbench/services/extensions/node/extensionHostProcess.js:66:1712)
    at m.onLengthData (/usr/share/code/resources/app/extensions/typescript-language-features/dist/extension.js:1:462785)
    at Socket.<anonymous> (/usr/share/code/resources/app/extensions/typescript-language-features/dist/extension.js:1:462432)
    at Socket.emit (events.js:315:20)
    at Socket.EventEmitter.emit (domain.js:467:12)
    at addChunk (internal/streams/readable.js:309:12)
    at readableAddChunk (internal/streams/readable.js:284:9)
    at Socket.Readable.push (internal/streams/readable.js:223:10)
    at Pipe.onStreamRead (internal/stream_base_commons.js:188:23)
[2021-11-30 12:10:12.900] [exthost] [error] [vscode.typescript-language-features] provider FAILED
[2021-11-30 12:10:12.900] [exthost] [error] Error: <semantic> TypeScript Server Error (4.4.3)
Could not find source file: '/var/www/soft1.myvirtualtours.io/resources/js/src/router.js'.
Error: Could not find source file: '/var/www/soft1.myvirtualtours.io/resources/js/src/router.js'.
    at getValidSourceFile (/usr/share/code/resources/app/extensions/node_modules/typescript/lib/tsserver.js:156511:29)
    at Proxy.getDocumentHighlights (/usr/share/code/resources/app/extensions/node_modules/typescript/lib/tsserver.js:156893:30)
    at IOSession.Session.getDocumentHighlights (/usr/share/code/resources/app/extensions/node_modules/typescript/lib/tsserver.js:167883:71)
    at Session.handlers.ts.Map.ts.getEntries._a.<computed> (/usr/share/code/resources/app/extensions/node_modules/typescript/lib/tsserver.js:167185:61)
    at /usr/share/code/resources/app/extensions/node_modules/typescript/lib/tsserver.js:168880:88
    at IOSession.Session.executeWithRequestId (/usr/share/code/resources/app/extensions/node_modules/typescript/lib/tsserver.js:168871:28)
    at IOSession.Session.executeCommand (/usr/share/code/resources/app/extensions/node_modules/typescript/lib/tsserver.js:168880:33)
    at IOSession.Session.onMessage (/usr/share/code/resources/app/extensions/node_modules/typescript/lib/tsserver.js:168906:35)
    at Interface.<anonymous> (/usr/share/code/resources/app/extensions/node_modules/typescript/lib/tsserver.js:171511:31)
    at Interface.emit (events.js:315:20)
    at Interface._onLine (readline.js:337:10)
    at Interface._normalWrite (readline.js:482:12)
    at Socket.ondata (readline.js:194:10)
    at Socket.emit (events.js:315:20)
    at addChunk (internal/streams/readable.js:309:12)
    at readableAddChunk (internal/streams/readable.js:284:9)
    at Socket.Readable.push (internal/streams/readable.js:223:10)
    at Pipe.onStreamRead (internal/stream_base_commons.js:188:23)
    at Function.create (/usr/share/code/resources/app/extensions/typescript-language-features/dist/extension.js:1:459856)
    at dispatchResponse (/usr/share/code/resources/app/extensions/typescript-language-features/dist/extension.js:1:453692)
    at dispatchMessage (/usr/share/code/resources/app/extensions/typescript-language-features/dist/extension.js:1:452549)
    at /usr/share/code/resources/app/extensions/typescript-language-features/dist/extension.js:1:452034
    at a.fire (/usr/share/code/resources/app/out/vs/workbench/services/extensions/node/extensionHostProcess.js:66:1712)
    at m.onLengthData (/usr/share/code/resources/app/extensions/typescript-language-features/dist/extension.js:1:462785)
    at Socket.<anonymous> (/usr/share/code/resources/app/extensions/typescript-language-features/dist/extension.js:1:462432)
    at Socket.emit (events.js:315:20)
    at Socket.EventEmitter.emit (domain.js:467:12)
    at addChunk (internal/streams/readable.js:309:12)
    at readableAddChunk (internal/streams/readable.js:284:9)
    at Socket.Readable.push (internal/streams/readable.js:223:10)
    at Pipe.onStreamRead (internal/stream_base_commons.js:188:23)
[2021-11-30 12:10:13.098] [exthost] [error] [vscode.typescript-language-features] provider FAILED
[2021-11-30 12:10:13.098] [exthost] [error] Error: <semantic> TypeScript Server Error (4.4.3)
Could not find source file: '/var/www/soft1.myvirtualtours.io/resources/js/src/router.js'.
Error: Could not find source file: '/var/www/soft1.myvirtualtours.io/resources/js/src/router.js'.
    at getValidSourceFile (/usr/share/code/resources/app/extensions/node_modules/typescript/lib/tsserver.js:156511:29)
    at Proxy.getDocumentHighlights (/usr/share/code/resources/app/extensions/node_modules/typescript/lib/tsserver.js:156893:30)
    at IOSession.Session.getDocumentHighlights (/usr/share/code/resources/app/extensions/node_modules/typescript/lib/tsserver.js:167883:71)
    at Session.handlers.ts.Map.ts.getEntries._a.<computed> (/usr/share/code/resources/app/extensions/node_modules/typescript/lib/tsserver.js:167185:61)
    at /usr/share/code/resources/app/extensions/node_modules/typescript/lib/tsserver.js:168880:88
    at IOSession.Session.executeWithRequestId (/usr/share/code/resources/app/extensions/node_modules/typescript/lib/tsserver.js:168871:28)
    at IOSession.Session.executeCommand (/usr/share/code/resources/app/extensions/node_modules/typescript/lib/tsserver.js:168880:33)
    at IOSession.Session.onMessage (/usr/share/code/resources/app/extensions/node_modules/typescript/lib/tsserver.js:168906:35)
    at Interface.<anonymous> (/usr/share/code/resources/app/extensions/node_modules/typescript/lib/tsserver.js:171511:31)
    at Interface.emit (events.js:315:20)
    at Interface._onLine (readline.js:337:10)
    at Interface._normalWrite (readline.js:482:12)
    at Socket.ondata (readline.js:194:10)
    at Socket.emit (events.js:315:20)
    at addChunk (internal/streams/readable.js:309:12)
    at readableAddChunk (internal/streams/readable.js:284:9)
    at Socket.Readable.push (internal/streams/readable.js:223:10)
    at Pipe.onStreamRead (internal/stream_base_commons.js:188:23)
    at Function.create (/usr/share/code/resources/app/extensions/typescript-language-features/dist/extension.js:1:459856)
    at dispatchResponse (/usr/share/code/resources/app/extensions/typescript-language-features/dist/extension.js:1:453692)
    at dispatchMessage (/usr/share/code/resources/app/extensions/typescript-language-features/dist/extension.js:1:452549)
    at /usr/share/code/resources/app/extensions/typescript-language-features/dist/extension.js:1:452034
    at a.fire (/usr/share/code/resources/app/out/vs/workbench/services/extensions/node/extensionHostProcess.js:66:1712)
    at m.onLengthData (/usr/share/code/resources/app/extensions/typescript-language-features/dist/extension.js:1:462785)
    at Socket.<anonymous> (/usr/share/code/resources/app/extensions/typescript-language-features/dist/extension.js:1:462432)
    at Socket.emit (events.js:315:20)
    at Socket.EventEmitter.emit (domain.js:467:12)
    at addChunk (internal/streams/readable.js:309:12)
    at readableAddChunk (internal/streams/readable.js:284:9)
    at Socket.Readable.push (internal/streams/readable.js:223:10)
    at Pipe.onStreamRead (internal/stream_base_commons.js:188:23)
[2021-11-30 12:10:13.299] [exthost] [error] [vscode.typescript-language-features] provider FAILED
[2021-11-30 12:10:13.299] [exthost] [error] Error: <semantic> TypeScript Server Error (4.4.3)
Could not find source file: '/var/www/soft1.myvirtualtours.io/resources/js/src/router.js'.
Error: Could not find source file: '/var/www/soft1.myvirtualtours.io/resources/js/src/router.js'.
    at getValidSourceFile (/usr/share/code/resources/app/extensions/node_modules/typescript/lib/tsserver.js:156511:29)
    at Proxy.getDocumentHighlights (/usr/share/code/resources/app/extensions/node_modules/typescript/lib/tsserver.js:156893:30)
    at IOSession.Session.getDocumentHighlights (/usr/share/code/resources/app/extensions/node_modules/typescript/lib/tsserver.js:167883:71)
    at Session.handlers.ts.Map.ts.getEntries._a.<computed> (/usr/share/code/resources/app/extensions/node_modules/typescript/lib/tsserver.js:167185:61)
    at /usr/share/code/resources/app/extensions/node_modules/typescript/lib/tsserver.js:168880:88
    at IOSession.Session.executeWithRequestId (/usr/share/code/resources/app/extensions/node_modules/typescript/lib/tsserver.js:168871:28)
    at IOSession.Session.executeCommand (/usr/share/code/resources/app/extensions/node_modules/typescript/lib/tsserver.js:168880:33)
    at IOSession.Session.onMessage (/usr/share/code/resources/app/extensions/node_modules/typescript/lib/tsserver.js:168906:35)
    at Interface.<anonymous> (/usr/share/code/resources/app/extensions/node_modules/typescript/lib/tsserver.js:171511:31)
    at Interface.emit (events.js:315:20)
    at Interface._onLine (readline.js:337:10)
    at Interface._normalWrite (readline.js:482:12)
    at Socket.ondata (readline.js:194:10)
    at Socket.emit (events.js:315:20)
    at addChunk (internal/streams/readable.js:309:12)
    at readableAddChunk (internal/streams/readable.js:284:9)
    at Socket.Readable.push (internal/streams/readable.js:223:10)
    at Pipe.onStreamRead (internal/stream_base_commons.js:188:23)
    at Function.create (/usr/share/code/resources/app/extensions/typescript-language-features/dist/extension.js:1:459856)
    at dispatchResponse (/usr/share/code/resources/app/extensions/typescript-language-features/dist/extension.js:1:453692)
    at dispatchMessage (/usr/share/code/resources/app/extensions/typescript-language-features/dist/extension.js:1:452549)
    at /usr/share/code/resources/app/extensions/typescript-language-features/dist/extension.js:1:452034
    at a.fire (/usr/share/code/resources/app/out/vs/workbench/services/extensions/node/extensionHostProcess.js:66:1712)
    at m.onLengthData (/usr/share/code/resources/app/extensions/typescript-language-features/dist/extension.js:1:462785)
    at Socket.<anonymous> (/usr/share/code/resources/app/extensions/typescript-language-features/dist/extension.js:1:462432)
    at Socket.emit (events.js:315:20)
    at Socket.EventEmitter.emit (domain.js:467:12)
    at addChunk (internal/streams/readable.js:309:12)
    at readableAddChunk (internal/streams/readable.js:284:9)
    at Socket.Readable.push (internal/streams/readable.js:223:10)
    at Pipe.onStreamRead (internal/stream_base_commons.js:188:23)
[2021-11-30 12:10:13.550] [exthost] [error] [vscode.typescript-language-features] provider FAILED
[2021-11-30 12:10:13.550] [exthost] [error] Error: <semantic> TypeScript Server Error (4.4.3)
Could not find source file: '/var/www/soft1.myvirtualtours.io/resources/js/src/router.js'.
Error: Could not find source file: '/var/www/soft1.myvirtualtours.io/resources/js/src/router.js'.
    at getValidSourceFile (/usr/share/code/resources/app/extensions/node_modules/typescript/lib/tsserver.js:156511:29)
    at Proxy.getApplicableRefactors (/usr/share/code/resources/app/extensions/node_modules/typescript/lib/tsserver.js:157559:24)
    at IOSession.Session.getApplicableRefactors (/usr/share/code/resources/app/extensions/node_modules/typescript/lib/tsserver.js:168512:53)
    at Session.handlers.ts.Map.ts.getEntries._a.<computed> (/usr/share/code/resources/app/extensions/node_modules/typescript/lib/tsserver.js:167223:61)
    at /usr/share/code/resources/app/extensions/node_modules/typescript/lib/tsserver.js:168880:88
    at IOSession.Session.executeWithRequestId (/usr/share/code/resources/app/extensions/node_modules/typescript/lib/tsserver.js:168871:28)
    at IOSession.Session.executeCommand (/usr/share/code/resources/app/extensions/node_modules/typescript/lib/tsserver.js:168880:33)
    at IOSession.Session.onMessage (/usr/share/code/resources/app/extensions/node_modules/typescript/lib/tsserver.js:168906:35)
    at Interface.<anonymous> (/usr/share/code/resources/app/extensions/node_modules/typescript/lib/tsserver.js:171511:31)
    at Interface.emit (events.js:315:20)
    at Interface._onLine (readline.js:337:10)
    at Interface._normalWrite (readline.js:482:12)
    at Socket.ondata (readline.js:194:10)
    at Socket.emit (events.js:315:20)
    at addChunk (internal/streams/readable.js:309:12)
    at readableAddChunk (internal/streams/readable.js:284:9)
    at Socket.Readable.push (internal/streams/readable.js:223:10)
    at Pipe.onStreamRead (internal/stream_base_commons.js:188:23)
    at Function.create (/usr/share/code/resources/app/extensions/typescript-language-features/dist/extension.js:1:459856)
    at dispatchResponse (/usr/share/code/resources/app/extensions/typescript-language-features/dist/extension.js:1:453692)
    at dispatchMessage (/usr/share/code/resources/app/extensions/typescript-language-features/dist/extension.js:1:452549)
    at /usr/share/code/resources/app/extensions/typescript-language-features/dist/extension.js:1:452034
    at a.fire (/usr/share/code/resources/app/out/vs/workbench/services/extensions/node/extensionHostProcess.js:66:1712)
    at m.onLengthData (/usr/share/code/resources/app/extensions/typescript-language-features/dist/extension.js:1:462785)
    at Socket.<anonymous> (/usr/share/code/resources/app/extensions/typescript-language-features/dist/extension.js:1:462432)
    at Socket.emit (events.js:315:20)
    at Socket.EventEmitter.emit (domain.js:467:12)
    at addChunk (internal/streams/readable.js:309:12)
    at readableAddChunk (internal/streams/readable.js:284:9)
    at Socket.Readable.push (internal/streams/readable.js:223:10)
    at Pipe.onStreamRead (internal/stream_base_commons.js:188:23)
[2021-11-30 12:10:13.917] [exthost] [error] [vscode.typescript-language-features] provider FAILED
[2021-11-30 12:10:13.918] [exthost] [error] Error: <semantic> TypeScript Server Error (4.4.3)
Could not find source file: '/var/www/soft1.myvirtualtours.io/resources/js/src/router.js'.
Error: Could not find source file: '/var/www/soft1.myvirtualtours.io/resources/js/src/router.js'.
    at getValidSourceFile (/usr/share/code/resources/app/extensions/node_modules/typescript/lib/tsserver.js:156511:29)
    at Proxy.getDefinitionAndBoundSpan (/usr/share/code/resources/app/extensions/node_modules/typescript/lib/tsserver.js:156873:73)
    at IOSession.Session.getDefinitionAndBoundSpan (/usr/share/code/resources/app/extensions/node_modules/typescript/lib/tsserver.js:167731:83)
    at Session.handlers.ts.Map.ts.getEntries._a.<computed> (/usr/share/code/resources/app/extensions/node_modules/typescript/lib/tsserver.js:166986:61)
    at /usr/share/code/resources/app/extensions/node_modules/typescript/lib/tsserver.js:168880:88
    at IOSession.Session.executeWithRequestId (/usr/share/code/resources/app/extensions/node_modules/typescript/lib/tsserver.js:168871:28)
    at IOSession.Session.executeCommand (/usr/share/code/resources/app/extensions/node_modules/typescript/lib/tsserver.js:168880:33)
    at IOSession.Session.onMessage (/usr/share/code/resources/app/extensions/node_modules/typescript/lib/tsserver.js:168906:35)
    at Interface.<anonymous> (/usr/share/code/resources/app/extensions/node_modules/typescript/lib/tsserver.js:171511:31)
    at Interface.emit (events.js:315:20)
    at Interface._onLine (readline.js:337:10)
    at Interface._normalWrite (readline.js:482:12)
    at Socket.ondata (readline.js:194:10)
    at Socket.emit (events.js:315:20)
    at addChunk (internal/streams/readable.js:309:12)
    at readableAddChunk (internal/streams/readable.js:284:9)
    at Socket.Readable.push (internal/streams/readable.js:223:10)
    at Pipe.onStreamRead (internal/stream_base_commons.js:188:23)
    at Function.create (/usr/share/code/resources/app/extensions/typescript-language-features/dist/extension.js:1:459856)
    at dispatchResponse (/usr/share/code/resources/app/extensions/typescript-language-features/dist/extension.js:1:453692)
    at dispatchMessage (/usr/share/code/resources/app/extensions/typescript-language-features/dist/extension.js:1:452549)
    at /usr/share/code/resources/app/extensions/typescript-language-features/dist/extension.js:1:452034
    at a.fire (/usr/share/code/resources/app/out/vs/workbench/services/extensions/node/extensionHostProcess.js:66:1712)
    at m.onLengthData (/usr/share/code/resources/app/extensions/typescript-language-features/dist/extension.js:1:462785)
    at Socket.<anonymous> (/usr/share/code/resources/app/extensions/typescript-language-features/dist/extension.js:1:462432)
    at Socket.emit (events.js:315:20)
    at Socket.EventEmitter.emit (domain.js:467:12)
    at addChunk (internal/streams/readable.js:309:12)
    at readableAddChunk (internal/streams/readable.js:284:9)
    at Socket.Readable.push (internal/streams/readable.js:223:10)
    at Pipe.onStreamRead (internal/stream_base_commons.js:188:23)
[2021-11-30 12:10:18.683] [exthost] [warning] TextEditor is closed/disposed
[2021-11-30 12:10:48.866] [exthost] [warning] TextEditor is closed/disposed
[2021-11-30 12:10:51.473] [exthost] [warning] TextEditor is closed/disposed
[2021-11-30 12:12:40.553] [exthost] [warning] TextEditor is closed/disposed
[2021-11-30 12:18:48.772] [exthost] [warning] TextEditor is closed/disposed
[2021-11-30 12:19:50.671] [exthost] [warning] TextEditor is closed/disposed
[2021-11-30 12:20:21.650] [exthost] [warning] TextEditor is closed/disposed
[2021-11-30 12:21:43.318] [exthost] [warning] TextEditor is closed/disposed
[2021-11-30 12:24:18.907] [exthost] [warning] TextEditor is closed/disposed
[2021-11-30 12:24:25.435] [exthost] [warning] TextEditor is closed/disposed
[2021-11-30 12:26:34.531] [exthost] [warning] TextEditor is closed/disposed
[2021-11-30 12:26:39.153] [exthost] [warning] TextEditor is closed/disposed
[2021-11-30 12:27:38.250] [exthost] [warning] TextEditor is closed/disposed
[2021-11-30 12:28:28.779] [exthost] [warning] TextEditor is closed/disposed
[2021-11-30 12:28:48.227] [exthost] [warning] TextEditor is closed/disposed
[2021-11-30 12:28:53.795] [exthost] [warning] TextEditor is closed/disposed
[2021-11-30 12:29:04.778] [exthost] [warning] TextEditor is closed/disposed
[2021-11-30 12:35:34.473] [exthost] [warning] TextEditor is closed/disposed
[2021-11-30 12:39:51.541] [exthost] [warning] TextEditor is closed/disposed
[2021-11-30 12:40:01.400] [exthost] [warning] TextEditor is closed/disposed
[2021-11-30 12:41:09.770] [exthost] [warning] TextEditor is closed/disposed
[2021-11-30 14:06:58.081] [exthost] [error] [octref.vetur] provider FAILED
[2021-11-30 14:06:58.082] [exthost] [error] Error: Request textDocument/codeAction failed with message: Debug Failure. Invalid cast. The supplied value [object Object] did not pass the test 'isLabeledStatement'.
    at /home/dotnet/.vscode/extensions/octref.vetur-0.35.0/dist/vueMain.js:1:64858
    at /home/dotnet/.vscode/extensions/octref.vetur-0.35.0/dist/vueMain.js:1:65153
    at Immediate.<anonymous> (/home/dotnet/.vscode/extensions/octref.vetur-0.35.0/dist/vueMain.js:1:65518)
    at processImmediate (internal/timers.js:461:21)
[2021-11-30 14:22:31.017] [exthost] [warning] TextEditor is closed/disposed
[2021-11-30 14:23:12.997] [exthost] [warning] TextEditor is closed/disposed
[2021-11-30 14:24:13.372] [exthost] [warning] TextEditor is closed/disposed
[2021-11-30 14:29:09.899] [exthost] [warning] TextEditor is closed/disposed
[2021-11-30 14:29:39.183] [exthost] [warning] TextEditor is closed/disposed
[2021-11-30 14:29:41.514] [exthost] [warning] TextEditor is closed/disposed
[2021-11-30 15:26:17.386] [exthost] [warning] TextEditor is closed/disposed
[2021-11-30 15:36:16.608] [exthost] [warning] TextEditor is closed/disposed
[2021-11-30 16:17:47.639] [exthost] [warning] TextEditor is closed/disposed
[2021-11-30 16:22:25.933] [exthost] [warning] TextEditor is closed/disposed
[2021-11-30 16:27:03.708] [exthost] [warning] TextEditor is closed/disposed
[2021-11-30 16:27:20.739] [exthost] [warning] TextEditor is closed/disposed
[2021-11-30 16:32:11.776] [exthost] [warning] TextEditor is closed/disposed
[2021-11-30 16:44:42.532] [exthost] [warning] TextEditor is closed/disposed
[2021-11-30 16:44:45.236] [exthost] [warning] TextEditor is closed/disposed
[2021-11-30 16:44:49.860] [exthost] [warning] TextEditor is closed/disposed
[2021-11-30 16:44:58.392] [exthost] [warning] TextEditor is closed/disposed
[2021-11-30 16:45:03.874] [exthost] [warning] TextEditor is closed/disposed
[2021-11-30 16:45:40.466] [exthost] [warning] TextEditor is closed/disposed
[2021-11-30 16:46:08.992] [exthost] [warning] TextEditor is closed/disposed
[2021-11-30 16:57:20.636] [exthost] [warning] TextEditor is closed/disposed
[2021-11-30 17:25:34.524] [exthost] [warning] TextEditor is closed/disposed
[2021-11-30 17:25:37.148] [exthost] [error] [octref.vetur] provider FAILED
[2021-11-30 17:25:37.149] [exthost] [error] Error: Request textDocument/semanticTokens/full failed with message: Cannot read property 'flags' of undefined
    at /home/dotnet/.vscode/extensions/octref.vetur-0.35.0/dist/vueMain.js:1:64858
    at /home/dotnet/.vscode/extensions/octref.vetur-0.35.0/dist/vueMain.js:1:65153
    at Immediate.<anonymous> (/home/dotnet/.vscode/extensions/octref.vetur-0.35.0/dist/vueMain.js:1:65518)
    at processImmediate (internal/timers.js:461:21)
[2021-11-30 17:25:37.149] [exthost] [error] [octref.vetur] provider FAILED
[2021-11-30 17:25:37.149] [exthost] [error] Error: Request textDocument/semanticTokens/range failed with message: Cannot read property 'flags' of undefined
    at /home/dotnet/.vscode/extensions/octref.vetur-0.35.0/dist/vueMain.js:1:64858
    at /home/dotnet/.vscode/extensions/octref.vetur-0.35.0/dist/vueMain.js:1:65153
    at Immediate.<anonymous> (/home/dotnet/.vscode/extensions/octref.vetur-0.35.0/dist/vueMain.js:1:65518)
    at processImmediate (internal/timers.js:461:21)
[2021-11-30 17:25:38.645] [exthost] [error] [octref.vetur] provider FAILED
[2021-11-30 17:25:38.645] [exthost] [error] Error: Request textDocument/semanticTokens/range failed with message: Cannot read property 'flags' of undefined
    at /home/dotnet/.vscode/extensions/octref.vetur-0.35.0/dist/vueMain.js:1:64858
    at /home/dotnet/.vscode/extensions/octref.vetur-0.35.0/dist/vueMain.js:1:65153
    at Immediate.<anonymous> (/home/dotnet/.vscode/extensions/octref.vetur-0.35.0/dist/vueMain.js:1:65518)
    at processImmediate (internal/timers.js:461:21)
[2021-11-30 17:25:39.629] [exthost] [error] [octref.vetur] provider FAILED
[2021-11-30 17:25:39.629] [exthost] [error] Error: Request textDocument/semanticTokens/range failed with message: Cannot read property 'flags' of undefined
    at /home/dotnet/.vscode/extensions/octref.vetur-0.35.0/dist/vueMain.js:1:64858
    at /home/dotnet/.vscode/extensions/octref.vetur-0.35.0/dist/vueMain.js:1:65153
    at Immediate.<anonymous> (/home/dotnet/.vscode/extensions/octref.vetur-0.35.0/dist/vueMain.js:1:65518)
    at processImmediate (internal/timers.js:461:21)
[2021-11-30 17:25:40.727] [exthost] [error] [octref.vetur] provider FAILED
[2021-11-30 17:25:40.727] [exthost] [error] Error: Request textDocument/semanticTokens/full failed with message: Cannot read property 'flags' of undefined
    at /home/dotnet/.vscode/extensions/octref.vetur-0.35.0/dist/vueMain.js:1:64858
    at /home/dotnet/.vscode/extensions/octref.vetur-0.35.0/dist/vueMain.js:1:65153
    at Immediate.<anonymous> (/home/dotnet/.vscode/extensions/octref.vetur-0.35.0/dist/vueMain.js:1:65518)
    at processImmediate (internal/timers.js:461:21)
[2021-11-30 17:25:40.808] [exthost] [error] [octref.vetur] provider FAILED
[2021-11-30 17:25:40.809] [exthost] [error] Error: Request textDocument/semanticTokens/range failed with message: Cannot read property 'flags' of undefined
    at /home/dotnet/.vscode/extensions/octref.vetur-0.35.0/dist/vueMain.js:1:64858
    at /home/dotnet/.vscode/extensions/octref.vetur-0.35.0/dist/vueMain.js:1:65153
    at Immediate.<anonymous> (/home/dotnet/.vscode/extensions/octref.vetur-0.35.0/dist/vueMain.js:1:65518)
    at processImmediate (internal/timers.js:461:21)
[2021-11-30 17:25:41.069] [exthost] [error] [octref.vetur] provider FAILED
[2021-11-30 17:25:41.070] [exthost] [error] Error: Request textDocument/semanticTokens/range failed with message: Cannot read property 'flags' of undefined
    at /home/dotnet/.vscode/extensions/octref.vetur-0.35.0/dist/vueMain.js:1:64858
    at /home/dotnet/.vscode/extensions/octref.vetur-0.35.0/dist/vueMain.js:1:65153
    at Immediate.<anonymous> (/home/dotnet/.vscode/extensions/octref.vetur-0.35.0/dist/vueMain.js:1:65518)
    at processImmediate (internal/timers.js:461:21)
[2021-11-30 17:25:41.508] [exthost] [error] [octref.vetur] provider FAILED
[2021-11-30 17:25:41.509] [exthost] [error] Error: Request textDocument/semanticTokens/full failed with message: Cannot read property 'flags' of undefined
    at /home/dotnet/.vscode/extensions/octref.vetur-0.35.0/dist/vueMain.js:1:64858
    at /home/dotnet/.vscode/extensions/octref.vetur-0.35.0/dist/vueMain.js:1:65153
    at Immediate.<anonymous> (/home/dotnet/.vscode/extensions/octref.vetur-0.35.0/dist/vueMain.js:1:65518)
    at processImmediate (internal/timers.js:461:21)
[2021-11-30 17:25:41.892] [exthost] [error] [octref.vetur] provider FAILED
[2021-11-30 17:25:41.892] [exthost] [error] Error: Request textDocument/semanticTokens/range failed with message: Cannot read property 'flags' of undefined
    at /home/dotnet/.vscode/extensions/octref.vetur-0.35.0/dist/vueMain.js:1:64858
    at /home/dotnet/.vscode/extensions/octref.vetur-0.35.0/dist/vueMain.js:1:65153
    at Immediate.<anonymous> (/home/dotnet/.vscode/extensions/octref.vetur-0.35.0/dist/vueMain.js:1:65518)
    at processImmediate (internal/timers.js:461:21)
[2021-11-30 17:25:42.914] [exthost] [error] [octref.vetur] provider FAILED
[2021-11-30 17:25:42.914] [exthost] [error] Error: Request textDocument/semanticTokens/full failed with message: Cannot read property 'flags' of undefined
    at /home/dotnet/.vscode/extensions/octref.vetur-0.35.0/dist/vueMain.js:1:64858
    at /home/dotnet/.vscode/extensions/octref.vetur-0.35.0/dist/vueMain.js:1:65153
    at Immediate.<anonymous> (/home/dotnet/.vscode/extensions/octref.vetur-0.35.0/dist/vueMain.js:1:65518)
    at processImmediate (internal/timers.js:461:21)
[2021-11-30 17:25:42.938] [exthost] [error] [octref.vetur] provider FAILED
[2021-11-30 17:25:42.938] [exthost] [error] Error: Request textDocument/semanticTokens/range failed with message: Cannot read property 'flags' of undefined
    at /home/dotnet/.vscode/extensions/octref.vetur-0.35.0/dist/vueMain.js:1:64858
    at /home/dotnet/.vscode/extensions/octref.vetur-0.35.0/dist/vueMain.js:1:65153
    at Immediate.<anonymous> (/home/dotnet/.vscode/extensions/octref.vetur-0.35.0/dist/vueMain.js:1:65518)
    at processImmediate (internal/timers.js:461:21)
[2021-11-30 17:25:43.840] [exthost] [error] [octref.vetur] provider FAILED
[2021-11-30 17:25:43.840] [exthost] [error] Error: Request textDocument/semanticTokens/range failed with message: Cannot read property 'flags' of undefined
    at /home/dotnet/.vscode/extensions/octref.vetur-0.35.0/dist/vueMain.js:1:64858
    at /home/dotnet/.vscode/extensions/octref.vetur-0.35.0/dist/vueMain.js:1:65153
    at Immediate.<anonymous> (/home/dotnet/.vscode/extensions/octref.vetur-0.35.0/dist/vueMain.js:1:65518)
    at processImmediate (internal/timers.js:461:21)
[2021-11-30 17:25:44.194] [exthost] [error] [octref.vetur] provider FAILED
[2021-11-30 17:25:44.194] [exthost] [error] Error: Request textDocument/semanticTokens/range failed with message: Cannot read property 'flags' of undefined
    at /home/dotnet/.vscode/extensions/octref.vetur-0.35.0/dist/vueMain.js:1:64858
    at /home/dotnet/.vscode/extensions/octref.vetur-0.35.0/dist/vueMain.js:1:65153
    at Immediate.<anonymous> (/home/dotnet/.vscode/extensions/octref.vetur-0.35.0/dist/vueMain.js:1:65518)
    at processImmediate (internal/timers.js:461:21)
[2021-11-30 17:25:44.213] [exthost] [error] [octref.vetur] provider FAILED
[2021-11-30 17:25:44.214] [exthost] [error] Error: Request textDocument/semanticTokens/range failed with message: Cannot read property 'flags' of undefined
    at /home/dotnet/.vscode/extensions/octref.vetur-0.35.0/dist/vueMain.js:1:64858
    at /home/dotnet/.vscode/extensions/octref.vetur-0.35.0/dist/vueMain.js:1:65153
    at Immediate.<anonymous> (/home/dotnet/.vscode/extensions/octref.vetur-0.35.0/dist/vueMain.js:1:65518)
    at processImmediate (internal/timers.js:461:21)
[2021-11-30 17:25:44.348] [exthost] [error] [octref.vetur] provider FAILED
[2021-11-30 17:25:44.349] [exthost] [error] Error: Request textDocument/semanticTokens/full failed with message: Cannot read property 'flags' of undefined
    at /home/dotnet/.vscode/extensions/octref.vetur-0.35.0/dist/vueMain.js:1:64858
    at /home/dotnet/.vscode/extensions/octref.vetur-0.35.0/dist/vueMain.js:1:65153
    at Immediate.<anonymous> (/home/dotnet/.vscode/extensions/octref.vetur-0.35.0/dist/vueMain.js:1:65518)
    at processImmediate (internal/timers.js:461:21)
[2021-11-30 17:25:44.594] [exthost] [error] [octref.vetur] provider FAILED
[2021-11-30 17:25:44.594] [exthost] [error] Error: Request textDocument/semanticTokens/range failed with message: Cannot read property 'flags' of undefined
    at /home/dotnet/.vscode/extensions/octref.vetur-0.35.0/dist/vueMain.js:1:64858
    at /home/dotnet/.vscode/extensions/octref.vetur-0.35.0/dist/vueMain.js:1:65153
    at Immediate.<anonymous> (/home/dotnet/.vscode/extensions/octref.vetur-0.35.0/dist/vueMain.js:1:65518)
    at processImmediate (internal/timers.js:461:21)
[2021-11-30 17:25:44.778] [exthost] [error] [octref.vetur] provider FAILED
[2021-11-30 17:25:44.779] [exthost] [error] Error: Request textDocument/semanticTokens/range failed with message: Cannot read property 'flags' of undefined
    at /home/dotnet/.vscode/extensions/octref.vetur-0.35.0/dist/vueMain.js:1:64858
    at /home/dotnet/.vscode/extensions/octref.vetur-0.35.0/dist/vueMain.js:1:65153
    at Immediate.<anonymous> (/home/dotnet/.vscode/extensions/octref.vetur-0.35.0/dist/vueMain.js:1:65518)
    at processImmediate (internal/timers.js:461:21)
[2021-11-30 17:25:45.900] [exthost] [error] [octref.vetur] provider FAILED
[2021-11-30 17:25:45.900] [exthost] [error] Error: Request textDocument/semanticTokens/range failed with message: Cannot read property 'flags' of undefined
    at /home/dotnet/.vscode/extensions/octref.vetur-0.35.0/dist/vueMain.js:1:64858
    at /home/dotnet/.vscode/extensions/octref.vetur-0.35.0/dist/vueMain.js:1:65153
    at Immediate.<anonymous> (/home/dotnet/.vscode/extensions/octref.vetur-0.35.0/dist/vueMain.js:1:65518)
    at processImmediate (internal/timers.js:461:21)
[2021-11-30 17:25:46.851] [exthost] [error] [octref.vetur] provider FAILED
[2021-11-30 17:25:46.851] [exthost] [error] Error: Request textDocument/semanticTokens/full failed with message: Cannot read property 'flags' of undefined
    at /home/dotnet/.vscode/extensions/octref.vetur-0.35.0/dist/vueMain.js:1:64858
    at /home/dotnet/.vscode/extensions/octref.vetur-0.35.0/dist/vueMain.js:1:65153
    at Immediate.<anonymous> (/home/dotnet/.vscode/extensions/octref.vetur-0.35.0/dist/vueMain.js:1:65518)
    at processImmediate (internal/timers.js:461:21)
[2021-11-30 17:25:47.493] [exthost] [error] [octref.vetur] provider FAILED
[2021-11-30 17:25:47.505] [exthost] [error] Error: Request textDocument/semanticTokens/range failed with message: Cannot read property 'flags' of undefined
    at /home/dotnet/.vscode/extensions/octref.vetur-0.35.0/dist/vueMain.js:1:64858
    at /home/dotnet/.vscode/extensions/octref.vetur-0.35.0/dist/vueMain.js:1:65153
    at Immediate.<anonymous> (/home/dotnet/.vscode/extensions/octref.vetur-0.35.0/dist/vueMain.js:1:65518)
    at processImmediate (internal/timers.js:461:21)
[2021-11-30 17:25:48.269] [exthost] [error] [octref.vetur] provider FAILED
[2021-11-30 17:25:48.269] [exthost] [error] Error: Request textDocument/semanticTokens/range failed with message: Cannot read property 'flags' of undefined
    at /home/dotnet/.vscode/extensions/octref.vetur-0.35.0/dist/vueMain.js:1:64858
    at /home/dotnet/.vscode/extensions/octref.vetur-0.35.0/dist/vueMain.js:1:65153
    at Immediate.<anonymous> (/home/dotnet/.vscode/extensions/octref.vetur-0.35.0/dist/vueMain.js:1:65518)
    at processImmediate (internal/timers.js:461:21)
[2021-11-30 17:25:49.142] [exthost] [error] [octref.vetur] provider FAILED
[2021-11-30 17:25:49.142] [exthost] [error] Error: Request textDocument/semanticTokens/range failed with message: Cannot read property 'flags' of undefined
    at /home/dotnet/.vscode/extensions/octref.vetur-0.35.0/dist/vueMain.js:1:64858
    at /home/dotnet/.vscode/extensions/octref.vetur-0.35.0/dist/vueMain.js:1:65153
    at Immediate.<anonymous> (/home/dotnet/.vscode/extensions/octref.vetur-0.35.0/dist/vueMain.js:1:65518)
    at processImmediate (internal/timers.js:461:21)
[2021-11-30 17:25:49.567] [exthost] [error] [octref.vetur] provider FAILED
[2021-11-30 17:25:49.568] [exthost] [error] Error: Request textDocument/semanticTokens/range failed with message: Cannot read property 'flags' of undefined
    at /home/dotnet/.vscode/extensions/octref.vetur-0.35.0/dist/vueMain.js:1:64858
    at /home/dotnet/.vscode/extensions/octref.vetur-0.35.0/dist/vueMain.js:1:65153
    at Immediate.<anonymous> (/home/dotnet/.vscode/extensions/octref.vetur-0.35.0/dist/vueMain.js:1:65518)
    at processImmediate (internal/timers.js:461:21)
[2021-11-30 17:25:49.835] [exthost] [error] [octref.vetur] provider FAILED
[2021-11-30 17:25:49.835] [exthost] [error] Error: Request textDocument/semanticTokens/range failed with message: Cannot read property 'flags' of undefined
    at /home/dotnet/.vscode/extensions/octref.vetur-0.35.0/dist/vueMain.js:1:64858
    at /home/dotnet/.vscode/extensions/octref.vetur-0.35.0/dist/vueMain.js:1:65153
    at Immediate.<anonymous> (/home/dotnet/.vscode/extensions/octref.vetur-0.35.0/dist/vueMain.js:1:65518)
    at processImmediate (internal/timers.js:461:21)
[2021-11-30 17:25:49.995] [exthost] [error] [octref.vetur] provider FAILED
[2021-11-30 17:25:49.995] [exthost] [error] Error: Request textDocument/semanticTokens/full failed with message: Cannot read property 'flags' of undefined
    at /home/dotnet/.vscode/extensions/octref.vetur-0.35.0/dist/vueMain.js:1:64858
    at /home/dotnet/.vscode/extensions/octref.vetur-0.35.0/dist/vueMain.js:1:65153
    at Immediate.<anonymous> (/home/dotnet/.vscode/extensions/octref.vetur-0.35.0/dist/vueMain.js:1:65518)
    at processImmediate (internal/timers.js:461:21)
[2021-11-30 17:25:50.967] [exthost] [error] [octref.vetur] provider FAILED
[2021-11-30 17:25:50.967] [exthost] [error] Error: Request textDocument/semanticTokens/range failed with message: Cannot read property 'flags' of undefined
    at /home/dotnet/.vscode/extensions/octref.vetur-0.35.0/dist/vueMain.js:1:64858
    at /home/dotnet/.vscode/extensions/octref.vetur-0.35.0/dist/vueMain.js:1:65153
    at Immediate.<anonymous> (/home/dotnet/.vscode/extensions/octref.vetur-0.35.0/dist/vueMain.js:1:65518)
    at processImmediate (internal/timers.js:461:21)
[2021-11-30 17:25:51.413] [exthost] [error] [octref.vetur] provider FAILED
[2021-11-30 17:25:51.413] [exthost] [error] Error: Request textDocument/semanticTokens/range failed with message: Cannot read property 'flags' of undefined
    at /home/dotnet/.vscode/extensions/octref.vetur-0.35.0/dist/vueMain.js:1:64858
    at /home/dotnet/.vscode/extensions/octref.vetur-0.35.0/dist/vueMain.js:1:65153
    at Immediate.<anonymous> (/home/dotnet/.vscode/extensions/octref.vetur-0.35.0/dist/vueMain.js:1:65518)
    at processImmediate (internal/timers.js:461:21)
[2021-11-30 17:25:51.647] [exthost] [error] [octref.vetur] provider FAILED
[2021-11-30 17:25:51.647] [exthost] [error] Error: Request textDocument/semanticTokens/range failed with message: Cannot read property 'flags' of undefined
    at /home/dotnet/.vscode/extensions/octref.vetur-0.35.0/dist/vueMain.js:1:64858
    at /home/dotnet/.vscode/extensions/octref.vetur-0.35.0/dist/vueMain.js:1:65153
    at Immediate.<anonymous> (/home/dotnet/.vscode/extensions/octref.vetur-0.35.0/dist/vueMain.js:1:65518)
    at processImmediate (internal/timers.js:461:21)
[2021-11-30 17:25:52.124] [exthost] [error] [octref.vetur] provider FAILED
[2021-11-30 17:25:52.124] [exthost] [error] Error: Request textDocument/semanticTokens/range failed with message: Cannot read property 'flags' of undefined
    at /home/dotnet/.vscode/extensions/octref.vetur-0.35.0/dist/vueMain.js:1:64858
    at /home/dotnet/.vscode/extensions/octref.vetur-0.35.0/dist/vueMain.js:1:65153
    at Immediate.<anonymous> (/home/dotnet/.vscode/extensions/octref.vetur-0.35.0/dist/vueMain.js:1:65518)
    at processImmediate (internal/timers.js:461:21)
[2021-11-30 17:25:52.692] [exthost] [error] [octref.vetur] provider FAILED
[2021-11-30 17:25:52.692] [exthost] [error] Error: Request textDocument/semanticTokens/range failed with message: Cannot read property 'flags' of undefined
    at /home/dotnet/.vscode/extensions/octref.vetur-0.35.0/dist/vueMain.js:1:64858
    at /home/dotnet/.vscode/extensions/octref.vetur-0.35.0/dist/vueMain.js:1:65153
    at Immediate.<anonymous> (/home/dotnet/.vscode/extensions/octref.vetur-0.35.0/dist/vueMain.js:1:65518)
    at processImmediate (internal/timers.js:461:21)
[2021-11-30 17:25:53.750] [exthost] [error] [octref.vetur] provider FAILED
[2021-11-30 17:25:53.750] [exthost] [error] Error: Request textDocument/semanticTokens/full failed with message: Cannot read property 'flags' of undefined
    at /home/dotnet/.vscode/extensions/octref.vetur-0.35.0/dist/vueMain.js:1:64858
    at /home/dotnet/.vscode/extensions/octref.vetur-0.35.0/dist/vueMain.js:1:65153
    at Immediate.<anonymous> (/home/dotnet/.vscode/extensions/octref.vetur-0.35.0/dist/vueMain.js:1:65518)
    at processImmediate (internal/timers.js:461:21)
[2021-11-30 17:26:02.583] [exthost] [error] [octref.vetur] provider FAILED
[2021-11-30 17:26:02.583] [exthost] [error] Error: Request textDocument/semanticTokens/range failed with message: Cannot read property 'flags' of undefined
    at /home/dotnet/.vscode/extensions/octref.vetur-0.35.0/dist/vueMain.js:1:64858
    at /home/dotnet/.vscode/extensions/octref.vetur-0.35.0/dist/vueMain.js:1:65153
    at Immediate.<anonymous> (/home/dotnet/.vscode/extensions/octref.vetur-0.35.0/dist/vueMain.js:1:65518)
    at processImmediate (internal/timers.js:461:21)
[2021-11-30 17:26:02.873] [exthost] [error] [octref.vetur] provider FAILED
[2021-11-30 17:26:02.873] [exthost] [error] Error: Request textDocument/semanticTokens/full failed with message: Cannot read property 'flags' of undefined
    at /home/dotnet/.vscode/extensions/octref.vetur-0.35.0/dist/vueMain.js:1:64858
    at /home/dotnet/.vscode/extensions/octref.vetur-0.35.0/dist/vueMain.js:1:65153
    at Immediate.<anonymous> (/home/dotnet/.vscode/extensions/octref.vetur-0.35.0/dist/vueMain.js:1:65518)
    at processImmediate (internal/timers.js:461:21)
[2021-11-30 17:28:24.225] [exthost] [error] [octref.vetur] provider FAILED
[2021-11-30 17:28:24.226] [exthost] [error] Error: Request textDocument/semanticTokens/range failed with message: Cannot read property 'flags' of undefined
    at /home/dotnet/.vscode/extensions/octref.vetur-0.35.0/dist/vueMain.js:1:64858
    at /home/dotnet/.vscode/extensions/octref.vetur-0.35.0/dist/vueMain.js:1:65153
    at Immediate.<anonymous> (/home/dotnet/.vscode/extensions/octref.vetur-0.35.0/dist/vueMain.js:1:65518)
    at processImmediate (internal/timers.js:461:21)
[2021-11-30 17:28:24.812] [exthost] [error] [octref.vetur] provider FAILED
[2021-11-30 17:28:24.812] [exthost] [error] Error: Request textDocument/semanticTokens/full failed with message: Cannot read property 'flags' of undefined
    at /home/dotnet/.vscode/extensions/octref.vetur-0.35.0/dist/vueMain.js:1:64858
    at /home/dotnet/.vscode/extensions/octref.vetur-0.35.0/dist/vueMain.js:1:65153
    at Immediate.<anonymous> (/home/dotnet/.vscode/extensions/octref.vetur-0.35.0/dist/vueMain.js:1:65518)
    at processImmediate (internal/timers.js:461:21)
[2021-11-30 17:28:25.037] [exthost] [error] [octref.vetur] provider FAILED
[2021-11-30 17:28:25.037] [exthost] [error] Error: Request textDocument/semanticTokens/range failed with message: Cannot read property 'flags' of undefined
    at /home/dotnet/.vscode/extensions/octref.vetur-0.35.0/dist/vueMain.js:1:64858
    at /home/dotnet/.vscode/extensions/octref.vetur-0.35.0/dist/vueMain.js:1:65153
    at Immediate.<anonymous> (/home/dotnet/.vscode/extensions/octref.vetur-0.35.0/dist/vueMain.js:1:65518)
    at processImmediate (internal/timers.js:461:21)
[2021-11-30 17:28:25.669] [exthost] [error] [octref.vetur] provider FAILED
[2021-11-30 17:28:25.669] [exthost] [error] Error: Request textDocument/semanticTokens/range failed with message: Cannot read property 'flags' of undefined
    at /home/dotnet/.vscode/extensions/octref.vetur-0.35.0/dist/vueMain.js:1:64858
    at /home/dotnet/.vscode/extensions/octref.vetur-0.35.0/dist/vueMain.js:1:65153
    at Immediate.<anonymous> (/home/dotnet/.vscode/extensions/octref.vetur-0.35.0/dist/vueMain.js:1:65518)
    at processImmediate (internal/timers.js:461:21)
[2021-11-30 17:28:26.201] [exthost] [error] [octref.vetur] provider FAILED
[2021-11-30 17:28:26.202] [exthost] [error] Error: Request textDocument/semanticTokens/full failed with message: Cannot read property 'flags' of undefined
    at /home/dotnet/.vscode/extensions/octref.vetur-0.35.0/dist/vueMain.js:1:64858
    at /home/dotnet/.vscode/extensions/octref.vetur-0.35.0/dist/vueMain.js:1:65153
    at Immediate.<anonymous> (/home/dotnet/.vscode/extensions/octref.vetur-0.35.0/dist/vueMain.js:1:65518)
    at processImmediate (internal/timers.js:461:21)
[2021-11-30 17:28:26.203] [exthost] [error] [octref.vetur] provider FAILED
[2021-11-30 17:28:26.203] [exthost] [error] Error: Request textDocument/semanticTokens/range failed with message: Cannot read property 'flags' of undefined
    at /home/dotnet/.vscode/extensions/octref.vetur-0.35.0/dist/vueMain.js:1:64858
    at /home/dotnet/.vscode/extensions/octref.vetur-0.35.0/dist/vueMain.js:1:65153
    at Immediate.<anonymous> (/home/dotnet/.vscode/extensions/octref.vetur-0.35.0/dist/vueMain.js:1:65518)
    at processImmediate (internal/timers.js:461:21)
[2021-11-30 17:28:26.679] [exthost] [error] [octref.vetur] provider FAILED
[2021-11-30 17:28:26.680] [exthost] [error] Error: Request textDocument/semanticTokens/range failed with message: Cannot read property 'flags' of undefined
    at /home/dotnet/.vscode/extensions/octref.vetur-0.35.0/dist/vueMain.js:1:64858
    at /home/dotnet/.vscode/extensions/octref.vetur-0.35.0/dist/vueMain.js:1:65153
    at Immediate.<anonymous> (/home/dotnet/.vscode/extensions/octref.vetur-0.35.0/dist/vueMain.js:1:65518)
    at processImmediate (internal/timers.js:461:21)
[2021-11-30 17:28:26.848] [exthost] [error] [octref.vetur] provider FAILED
[2021-11-30 17:28:26.848] [exthost] [error] Error: Request textDocument/semanticTokens/range failed with message: Cannot read property 'flags' of undefined
    at /home/dotnet/.vscode/extensions/octref.vetur-0.35.0/dist/vueMain.js:1:64858
    at /home/dotnet/.vscode/extensions/octref.vetur-0.35.0/dist/vueMain.js:1:65153
    at Immediate.<anonymous> (/home/dotnet/.vscode/extensions/octref.vetur-0.35.0/dist/vueMain.js:1:65518)
    at processImmediate (internal/timers.js:461:21)
[2021-11-30 17:28:27.621] [exthost] [error] [octref.vetur] provider FAILED
[2021-11-30 17:28:27.621] [exthost] [error] Error: Request textDocument/semanticTokens/full failed with message: Cannot read property 'flags' of undefined
    at /home/dotnet/.vscode/extensions/octref.vetur-0.35.0/dist/vueMain.js:1:64858
    at /home/dotnet/.vscode/extensions/octref.vetur-0.35.0/dist/vueMain.js:1:65153
    at Immediate.<anonymous> (/home/dotnet/.vscode/extensions/octref.vetur-0.35.0/dist/vueMain.js:1:65518)
    at processImmediate (internal/timers.js:461:21)
[2021-11-30 17:28:28.561] [exthost] [error] [octref.vetur] provider FAILED
[2021-11-30 17:28:28.561] [exthost] [error] Error: Request textDocument/semanticTokens/range failed with message: Cannot read property 'flags' of undefined
    at /home/dotnet/.vscode/extensions/octref.vetur-0.35.0/dist/vueMain.js:1:64858
    at /home/dotnet/.vscode/extensions/octref.vetur-0.35.0/dist/vueMain.js:1:65153
    at Immediate.<anonymous> (/home/dotnet/.vscode/extensions/octref.vetur-0.35.0/dist/vueMain.js:1:65518)
    at processImmediate (internal/timers.js:461:21)
[2021-11-30 17:28:28.787] [exthost] [error] [octref.vetur] provider FAILED
[2021-11-30 17:28:28.787] [exthost] [error] Error: Request textDocument/semanticTokens/range failed with message: Cannot read property 'flags' of undefined
    at /home/dotnet/.vscode/extensions/octref.vetur-0.35.0/dist/vueMain.js:1:64858
    at /home/dotnet/.vscode/extensions/octref.vetur-0.35.0/dist/vueMain.js:1:65153
    at Immediate.<anonymous> (/home/dotnet/.vscode/extensions/octref.vetur-0.35.0/dist/vueMain.js:1:65518)
    at processImmediate (internal/timers.js:461:21)
[2021-11-30 17:28:29.413] [exthost] [error] [octref.vetur] provider FAILED
[2021-11-30 17:28:29.413] [exthost] [error] Error: Request textDocument/semanticTokens/full failed with message: Cannot read property 'flags' of undefined
    at /home/dotnet/.vscode/extensions/octref.vetur-0.35.0/dist/vueMain.js:1:64858
    at /home/dotnet/.vscode/extensions/octref.vetur-0.35.0/dist/vueMain.js:1:65153
    at Immediate.<anonymous> (/home/dotnet/.vscode/extensions/octref.vetur-0.35.0/dist/vueMain.js:1:65518)
    at processImmediate (internal/timers.js:461:21)
[2021-11-30 17:28:30.020] [exthost] [error] [octref.vetur] provider FAILED
[2021-11-30 17:28:30.020] [exthost] [error] Error: Request textDocument/semanticTokens/range failed with message: Cannot read property 'flags' of undefined
    at /home/dotnet/.vscode/extensions/octref.vetur-0.35.0/dist/vueMain.js:1:64858
    at /home/dotnet/.vscode/extensions/octref.vetur-0.35.0/dist/vueMain.js:1:65153
    at Immediate.<anonymous> (/home/dotnet/.vscode/extensions/octref.vetur-0.35.0/dist/vueMain.js:1:65518)
    at processImmediate (internal/timers.js:461:21)
[2021-11-30 17:28:31.647] [exthost] [error] [octref.vetur] provider FAILED
[2021-11-30 17:28:31.647] [exthost] [error] Error: Request textDocument/semanticTokens/full failed with message: Cannot read property 'flags' of undefined
    at /home/dotnet/.vscode/extensions/octref.vetur-0.35.0/dist/vueMain.js:1:64858
    at /home/dotnet/.vscode/extensions/octref.vetur-0.35.0/dist/vueMain.js:1:65153
    at Immediate.<anonymous> (/home/dotnet/.vscode/extensions/octref.vetur-0.35.0/dist/vueMain.js:1:65518)
    at processImmediate (internal/timers.js:461:21)
[2021-11-30 17:30:16.055] [exthost] [error] [octref.vetur] provider FAILED
[2021-11-30 17:30:16.056] [exthost] [error] Error: Request textDocument/semanticTokens/range failed with message: Cannot read property 'flags' of undefined
    at /home/dotnet/.vscode/extensions/octref.vetur-0.35.0/dist/vueMain.js:1:64858
    at /home/dotnet/.vscode/extensions/octref.vetur-0.35.0/dist/vueMain.js:1:65153
    at Immediate.<anonymous> (/home/dotnet/.vscode/extensions/octref.vetur-0.35.0/dist/vueMain.js:1:65518)
    at processImmediate (internal/timers.js:461:21)
[2021-11-30 17:30:16.359] [exthost] [error] [octref.vetur] provider FAILED
[2021-11-30 17:30:16.359] [exthost] [error] Error: Request textDocument/semanticTokens/full failed with message: Cannot read property 'flags' of undefined
    at /home/dotnet/.vscode/extensions/octref.vetur-0.35.0/dist/vueMain.js:1:64858
    at /home/dotnet/.vscode/extensions/octref.vetur-0.35.0/dist/vueMain.js:1:65153
    at Immediate.<anonymous> (/home/dotnet/.vscode/extensions/octref.vetur-0.35.0/dist/vueMain.js:1:65518)
    at processImmediate (internal/timers.js:461:21)
[2021-11-30 17:30:16.450] [exthost] [error] [octref.vetur] provider FAILED
[2021-11-30 17:30:16.450] [exthost] [error] Error: Request textDocument/semanticTokens/range failed with message: Cannot read property 'flags' of undefined
    at /home/dotnet/.vscode/extensions/octref.vetur-0.35.0/dist/vueMain.js:1:64858
    at /home/dotnet/.vscode/extensions/octref.vetur-0.35.0/dist/vueMain.js:1:65153
    at Immediate.<anonymous> (/home/dotnet/.vscode/extensions/octref.vetur-0.35.0/dist/vueMain.js:1:65518)
    at processImmediate (internal/timers.js:461:21)
[2021-11-30 17:30:16.451] [exthost] [error] [octref.vetur] provider FAILED
[2021-11-30 17:30:16.451] [exthost] [error] Error: Request textDocument/semanticTokens/range failed with message: Cannot read property 'flags' of undefined
    at /home/dotnet/.vscode/extensions/octref.vetur-0.35.0/dist/vueMain.js:1:64858
    at /home/dotnet/.vscode/extensions/octref.vetur-0.35.0/dist/vueMain.js:1:65153
    at Immediate.<anonymous> (/home/dotnet/.vscode/extensions/octref.vetur-0.35.0/dist/vueMain.js:1:65518)
    at processImmediate (internal/timers.js:461:21)
[2021-11-30 17:30:16.451] [exthost] [error] [octref.vetur] provider FAILED
[2021-11-30 17:30:16.451] [exthost] [error] Error: Request textDocument/semanticTokens/range failed with message: Cannot read property 'flags' of undefined
    at /home/dotnet/.vscode/extensions/octref.vetur-0.35.0/dist/vueMain.js:1:64858
    at /home/dotnet/.vscode/extensions/octref.vetur-0.35.0/dist/vueMain.js:1:65153
    at Immediate.<anonymous> (/home/dotnet/.vscode/extensions/octref.vetur-0.35.0/dist/vueMain.js:1:65518)
    at processImmediate (internal/timers.js:461:21)
[2021-11-30 17:30:16.601] [exthost] [error] [octref.vetur] provider FAILED
[2021-11-30 17:30:16.601] [exthost] [error] Error: Request textDocument/semanticTokens/range failed with message: Cannot read property 'flags' of undefined
    at /home/dotnet/.vscode/extensions/octref.vetur-0.35.0/dist/vueMain.js:1:64858
    at /home/dotnet/.vscode/extensions/octref.vetur-0.35.0/dist/vueMain.js:1:65153
    at Immediate.<anonymous> (/home/dotnet/.vscode/extensions/octref.vetur-0.35.0/dist/vueMain.js:1:65518)
    at processImmediate (internal/timers.js:461:21)
[2021-11-30 17:30:17.056] [exthost] [error] [octref.vetur] provider FAILED
[2021-11-30 17:30:17.056] [exthost] [error] Error: Request textDocument/semanticTokens/full failed with message: Cannot read property 'flags' of undefined
    at /home/dotnet/.vscode/extensions/octref.vetur-0.35.0/dist/vueMain.js:1:64858
    at /home/dotnet/.vscode/extensions/octref.vetur-0.35.0/dist/vueMain.js:1:65153
    at Immediate.<anonymous> (/home/dotnet/.vscode/extensions/octref.vetur-0.35.0/dist/vueMain.js:1:65518)
    at processImmediate (internal/timers.js:461:21)
[2021-11-30 17:30:21.539] [exthost] [error] [octref.vetur] provider FAILED
[2021-11-30 17:30:21.539] [exthost] [error] Error: Request textDocument/semanticTokens/range failed with message: Cannot read property 'flags' of undefined
    at /home/dotnet/.vscode/extensions/octref.vetur-0.35.0/dist/vueMain.js:1:64858
    at /home/dotnet/.vscode/extensions/octref.vetur-0.35.0/dist/vueMain.js:1:65153
    at Immediate.<anonymous> (/home/dotnet/.vscode/extensions/octref.vetur-0.35.0/dist/vueMain.js:1:65518)
    at processImmediate (internal/timers.js:461:21)
[2021-11-30 17:30:21.736] [exthost] [error] [octref.vetur] provider FAILED
[2021-11-30 17:30:21.736] [exthost] [error] Error: Request textDocument/semanticTokens/full failed with message: Cannot read property 'flags' of undefined
    at /home/dotnet/.vscode/extensions/octref.vetur-0.35.0/dist/vueMain.js:1:64858
    at /home/dotnet/.vscode/extensions/octref.vetur-0.35.0/dist/vueMain.js:1:65153
    at Immediate.<anonymous> (/home/dotnet/.vscode/extensions/octref.vetur-0.35.0/dist/vueMain.js:1:65518)
    at processImmediate (internal/timers.js:461:21)
[2021-11-30 17:30:22.834] [exthost] [error] [octref.vetur] provider FAILED
[2021-11-30 17:30:22.834] [exthost] [error] Error: Request textDocument/semanticTokens/range failed with message: Cannot read property 'flags' of undefined
    at /home/dotnet/.vscode/extensions/octref.vetur-0.35.0/dist/vueMain.js:1:64858
    at /home/dotnet/.vscode/extensions/octref.vetur-0.35.0/dist/vueMain.js:1:65153
    at Immediate.<anonymous> (/home/dotnet/.vscode/extensions/octref.vetur-0.35.0/dist/vueMain.js:1:65518)
    at processImmediate (internal/timers.js:461:21)
[2021-11-30 17:30:23.186] [exthost] [error] [octref.vetur] provider FAILED
[2021-11-30 17:30:23.186] [exthost] [error] Error: Request textDocument/semanticTokens/full failed with message: Cannot read property 'flags' of undefined
    at /home/dotnet/.vscode/extensions/octref.vetur-0.35.0/dist/vueMain.js:1:64858
    at /home/dotnet/.vscode/extensions/octref.vetur-0.35.0/dist/vueMain.js:1:65153
    at Immediate.<anonymous> (/home/dotnet/.vscode/extensions/octref.vetur-0.35.0/dist/vueMain.js:1:65518)
    at processImmediate (internal/timers.js:461:21)
[2021-11-30 17:30:23.282] [exthost] [error] [octref.vetur] provider FAILED
[2021-11-30 17:30:23.282] [exthost] [error] Error: Request textDocument/semanticTokens/range failed with message: Cannot read property 'flags' of undefined
    at /home/dotnet/.vscode/extensions/octref.vetur-0.35.0/dist/vueMain.js:1:64858
    at /home/dotnet/.vscode/extensions/octref.vetur-0.35.0/dist/vueMain.js:1:65153
    at Immediate.<anonymous> (/home/dotnet/.vscode/extensions/octref.vetur-0.35.0/dist/vueMain.js:1:65518)
    at processImmediate (internal/timers.js:461:21)
[2021-11-30 17:30:23.398] [exthost] [error] [octref.vetur] provider FAILED
[2021-11-30 17:30:23.398] [exthost] [error] Error: Request textDocument/semanticTokens/range failed with message: Cannot read property 'flags' of undefined
    at /home/dotnet/.vscode/extensions/octref.vetur-0.35.0/dist/vueMain.js:1:64858
    at /home/dotnet/.vscode/extensions/octref.vetur-0.35.0/dist/vueMain.js:1:65153
    at Immediate.<anonymous> (/home/dotnet/.vscode/extensions/octref.vetur-0.35.0/dist/vueMain.js:1:65518)
    at processImmediate (internal/timers.js:461:21)
[2021-11-30 17:30:23.673] [exthost] [error] [octref.vetur] provider FAILED
[2021-11-30 17:30:23.673] [exthost] [error] Error: Request textDocument/semanticTokens/full failed with message: Cannot read property 'flags' of undefined
    at /home/dotnet/.vscode/extensions/octref.vetur-0.35.0/dist/vueMain.js:1:64858
    at /home/dotnet/.vscode/extensions/octref.vetur-0.35.0/dist/vueMain.js:1:65153
    at Immediate.<anonymous> (/home/dotnet/.vscode/extensions/octref.vetur-0.35.0/dist/vueMain.js:1:65518)
    at processImmediate (internal/timers.js:461:21)
[2021-11-30 17:30:23.751] [exthost] [error] [octref.vetur] provider FAILED
[2021-11-30 17:30:23.751] [exthost] [error] Error: Request textDocument/semanticTokens/range failed with message: Cannot read property 'flags' of undefined
    at /home/dotnet/.vscode/extensions/octref.vetur-0.35.0/dist/vueMain.js:1:64858
    at /home/dotnet/.vscode/extensions/octref.vetur-0.35.0/dist/vueMain.js:1:65153
    at Immediate.<anonymous> (/home/dotnet/.vscode/extensions/octref.vetur-0.35.0/dist/vueMain.js:1:65518)
    at processImmediate (internal/timers.js:461:21)
[2021-11-30 17:30:23.969] [exthost] [error] [octref.vetur] provider FAILED
[2021-11-30 17:30:23.969] [exthost] [error] Error: Request textDocument/semanticTokens/full failed with message: Cannot read property 'flags' of undefined
    at /home/dotnet/.vscode/extensions/octref.vetur-0.35.0/dist/vueMain.js:1:64858
    at /home/dotnet/.vscode/extensions/octref.vetur-0.35.0/dist/vueMain.js:1:65153
    at Immediate.<anonymous> (/home/dotnet/.vscode/extensions/octref.vetur-0.35.0/dist/vueMain.js:1:65518)
    at processImmediate (internal/timers.js:461:21)
[2021-11-30 17:30:24.070] [exthost] [error] [octref.vetur] provider FAILED
[2021-11-30 17:30:24.070] [exthost] [error] Error: Request textDocument/semanticTokens/range failed with message: Cannot read property 'flags' of undefined
    at /home/dotnet/.vscode/extensions/octref.vetur-0.35.0/dist/vueMain.js:1:64858
    at /home/dotnet/.vscode/extensions/octref.vetur-0.35.0/dist/vueMain.js:1:65153
    at Immediate.<anonymous> (/home/dotnet/.vscode/extensions/octref.vetur-0.35.0/dist/vueMain.js:1:65518)
    at processImmediate (internal/timers.js:461:21)
[2021-11-30 17:30:24.336] [exthost] [error] [octref.vetur] provider FAILED
[2021-11-30 17:30:24.336] [exthost] [error] Error: Request textDocument/semanticTokens/full failed with message: Cannot read property 'flags' of undefined
    at /home/dotnet/.vscode/extensions/octref.vetur-0.35.0/dist/vueMain.js:1:64858
    at /home/dotnet/.vscode/extensions/octref.vetur-0.35.0/dist/vueMain.js:1:65153
    at Immediate.<anonymous> (/home/dotnet/.vscode/extensions/octref.vetur-0.35.0/dist/vueMain.js:1:65518)
    at processImmediate (internal/timers.js:461:21)
[2021-11-30 17:30:24.510] [exthost] [error] [octref.vetur] provider FAILED
[2021-11-30 17:30:24.510] [exthost] [error] Error: Request textDocument/semanticTokens/range failed with message: Cannot read property 'flags' of undefined
    at /home/dotnet/.vscode/extensions/octref.vetur-0.35.0/dist/vueMain.js:1:64858
    at /home/dotnet/.vscode/extensions/octref.vetur-0.35.0/dist/vueMain.js:1:65153
    at Immediate.<anonymous> (/home/dotnet/.vscode/extensions/octref.vetur-0.35.0/dist/vueMain.js:1:65518)
    at processImmediate (internal/timers.js:461:21)
[2021-11-30 17:30:24.712] [exthost] [error] [octref.vetur] provider FAILED
[2021-11-30 17:30:24.712] [exthost] [error] Error: Request textDocument/semanticTokens/full failed with message: Cannot read property 'flags' of undefined
    at /home/dotnet/.vscode/extensions/octref.vetur-0.35.0/dist/vueMain.js:1:64858
    at /home/dotnet/.vscode/extensions/octref.vetur-0.35.0/dist/vueMain.js:1:65153
    at Immediate.<anonymous> (/home/dotnet/.vscode/extensions/octref.vetur-0.35.0/dist/vueMain.js:1:65518)
    at processImmediate (internal/timers.js:461:21)
[2021-11-30 17:30:26.100] [exthost] [error] [octref.vetur] provider FAILED
[2021-11-30 17:30:26.101] [exthost] [error] Error: Request textDocument/semanticTokens/range failed with message: Cannot read property 'flags' of undefined
    at /home/dotnet/.vscode/extensions/octref.vetur-0.35.0/dist/vueMain.js:1:64858
    at /home/dotnet/.vscode/extensions/octref.vetur-0.35.0/dist/vueMain.js:1:65153
    at Immediate.<anonymous> (/home/dotnet/.vscode/extensions/octref.vetur-0.35.0/dist/vueMain.js:1:65518)
    at processImmediate (internal/timers.js:461:21)
[2021-11-30 17:30:26.937] [exthost] [error] [octref.vetur] provider FAILED
[2021-11-30 17:30:26.937] [exthost] [error] Error: Request textDocument/semanticTokens/full failed with message: Cannot read property 'flags' of undefined
    at /home/dotnet/.vscode/extensions/octref.vetur-0.35.0/dist/vueMain.js:1:64858
    at /home/dotnet/.vscode/extensions/octref.vetur-0.35.0/dist/vueMain.js:1:65153
    at Immediate.<anonymous> (/home/dotnet/.vscode/extensions/octref.vetur-0.35.0/dist/vueMain.js:1:65518)
    at processImmediate (internal/timers.js:461:21)
[2021-11-30 17:33:19.954] [exthost] [error] [octref.vetur] provider FAILED
[2021-11-30 17:33:19.955] [exthost] [error] Error: Request textDocument/semanticTokens/range failed with message: Cannot read property 'flags' of undefined
    at /home/dotnet/.vscode/extensions/octref.vetur-0.35.0/dist/vueMain.js:1:64858
    at /home/dotnet/.vscode/extensions/octref.vetur-0.35.0/dist/vueMain.js:1:65153
    at Immediate.<anonymous> (/home/dotnet/.vscode/extensions/octref.vetur-0.35.0/dist/vueMain.js:1:65518)
    at processImmediate (internal/timers.js:461:21)
[2021-11-30 17:33:20.084] [exthost] [error] [octref.vetur] provider FAILED
[2021-11-30 17:33:20.084] [exthost] [error] Error: Request textDocument/semanticTokens/range failed with message: Cannot read property 'flags' of undefined
    at /home/dotnet/.vscode/extensions/octref.vetur-0.35.0/dist/vueMain.js:1:64858
    at /home/dotnet/.vscode/extensions/octref.vetur-0.35.0/dist/vueMain.js:1:65153
    at Immediate.<anonymous> (/home/dotnet/.vscode/extensions/octref.vetur-0.35.0/dist/vueMain.js:1:65518)
    at processImmediate (internal/timers.js:461:21)
[2021-11-30 17:33:24.176] [exthost] [error] [octref.vetur] provider FAILED
[2021-11-30 17:33:24.176] [exthost] [error] Error: Request textDocument/semanticTokens/range failed with message: Cannot read property 'flags' of undefined
    at /home/dotnet/.vscode/extensions/octref.vetur-0.35.0/dist/vueMain.js:1:64858
    at /home/dotnet/.vscode/extensions/octref.vetur-0.35.0/dist/vueMain.js:1:65153
    at Immediate.<anonymous> (/home/dotnet/.vscode/extensions/octref.vetur-0.35.0/dist/vueMain.js:1:65518)
    at processImmediate (internal/timers.js:461:21)
[2021-11-30 17:33:24.631] [exthost] [error] [octref.vetur] provider FAILED
[2021-11-30 17:33:24.631] [exthost] [error] Error: Request textDocument/semanticTokens/range failed with message: Cannot read property 'flags' of undefined
    at /home/dotnet/.vscode/extensions/octref.vetur-0.35.0/dist/vueMain.js:1:64858
    at /home/dotnet/.vscode/extensions/octref.vetur-0.35.0/dist/vueMain.js:1:65153
    at Immediate.<anonymous> (/home/dotnet/.vscode/extensions/octref.vetur-0.35.0/dist/vueMain.js:1:65518)
    at processImmediate (internal/timers.js:461:21)
[2021-11-30 17:33:25.448] [exthost] [error] [octref.vetur] provider FAILED
[2021-11-30 17:33:25.448] [exthost] [error] Error: Request textDocument/semanticTokens/range failed with message: Cannot read property 'flags' of undefined
    at /home/dotnet/.vscode/extensions/octref.vetur-0.35.0/dist/vueMain.js:1:64858
    at /home/dotnet/.vscode/extensions/octref.vetur-0.35.0/dist/vueMain.js:1:65153
    at Immediate.<anonymous> (/home/dotnet/.vscode/extensions/octref.vetur-0.35.0/dist/vueMain.js:1:65518)
    at processImmediate (internal/timers.js:461:21)
[2021-11-30 17:33:47.684] [exthost] [error] [octref.vetur] provider FAILED
[2021-11-30 17:33:47.684] [exthost] [error] Error: Request textDocument/semanticTokens/range failed with message: Cannot read property 'flags' of undefined
    at /home/dotnet/.vscode/extensions/octref.vetur-0.35.0/dist/vueMain.js:1:64858
    at /home/dotnet/.vscode/extensions/octref.vetur-0.35.0/dist/vueMain.js:1:65153
    at Immediate.<anonymous> (/home/dotnet/.vscode/extensions/octref.vetur-0.35.0/dist/vueMain.js:1:65518)
    at processImmediate (internal/timers.js:461:21)
[2021-11-30 17:33:47.950] [exthost] [error] [octref.vetur] provider FAILED
[2021-11-30 17:33:47.950] [exthost] [error] Error: Request textDocument/semanticTokens/range failed with message: Cannot read property 'flags' of undefined
    at /home/dotnet/.vscode/extensions/octref.vetur-0.35.0/dist/vueMain.js:1:64858
    at /home/dotnet/.vscode/extensions/octref.vetur-0.35.0/dist/vueMain.js:1:65153
    at Immediate.<anonymous> (/home/dotnet/.vscode/extensions/octref.vetur-0.35.0/dist/vueMain.js:1:65518)
    at processImmediate (internal/timers.js:461:21)
[2021-11-30 17:33:48.402] [exthost] [error] [octref.vetur] provider FAILED
[2021-11-30 17:33:48.402] [exthost] [error] Error: Request textDocument/semanticTokens/range failed with message: Cannot read property 'flags' of undefined
    at /home/dotnet/.vscode/extensions/octref.vetur-0.35.0/dist/vueMain.js:1:64858
    at /home/dotnet/.vscode/extensions/octref.vetur-0.35.0/dist/vueMain.js:1:65153
    at Immediate.<anonymous> (/home/dotnet/.vscode/extensions/octref.vetur-0.35.0/dist/vueMain.js:1:65518)
    at processImmediate (internal/timers.js:461:21)
[2021-11-30 17:34:03.392] [exthost] [error] [octref.vetur] provider FAILED
[2021-11-30 17:34:03.392] [exthost] [error] Error: Request textDocument/semanticTokens/range failed with message: Cannot read property 'flags' of undefined
    at /home/dotnet/.vscode/extensions/octref.vetur-0.35.0/dist/vueMain.js:1:64858
    at /home/dotnet/.vscode/extensions/octref.vetur-0.35.0/dist/vueMain.js:1:65153
    at Immediate.<anonymous> (/home/dotnet/.vscode/extensions/octref.vetur-0.35.0/dist/vueMain.js:1:65518)
    at processImmediate (internal/timers.js:461:21)
[2021-11-30 17:34:04.099] [exthost] [error] [octref.vetur] provider FAILED
[2021-11-30 17:34:04.099] [exthost] [error] Error: Request textDocument/semanticTokens/full failed with message: Cannot read property 'flags' of undefined
    at /home/dotnet/.vscode/extensions/octref.vetur-0.35.0/dist/vueMain.js:1:64858
    at /home/dotnet/.vscode/extensions/octref.vetur-0.35.0/dist/vueMain.js:1:65153
    at Immediate.<anonymous> (/home/dotnet/.vscode/extensions/octref.vetur-0.35.0/dist/vueMain.js:1:65518)
    at processImmediate (internal/timers.js:461:21)
[2021-11-30 17:34:04.705] [exthost] [error] [octref.vetur] provider FAILED
[2021-11-30 17:34:04.705] [exthost] [error] Error: Request textDocument/semanticTokens/range failed with message: Cannot read property 'flags' of undefined
    at /home/dotnet/.vscode/extensions/octref.vetur-0.35.0/dist/vueMain.js:1:64858
    at /home/dotnet/.vscode/extensions/octref.vetur-0.35.0/dist/vueMain.js:1:65153
    at Immediate.<anonymous> (/home/dotnet/.vscode/extensions/octref.vetur-0.35.0/dist/vueMain.js:1:65518)
    at processImmediate (internal/timers.js:461:21)
[2021-11-30 17:34:04.723] [exthost] [error] [octref.vetur] provider FAILED
[2021-11-30 17:34:04.723] [exthost] [error] Error: Request textDocument/semanticTokens/range failed with message: Cannot read property 'flags' of undefined
    at /home/dotnet/.vscode/extensions/octref.vetur-0.35.0/dist/vueMain.js:1:64858
    at /home/dotnet/.vscode/extensions/octref.vetur-0.35.0/dist/vueMain.js:1:65153
    at Immediate.<anonymous> (/home/dotnet/.vscode/extensions/octref.vetur-0.35.0/dist/vueMain.js:1:65518)
    at processImmediate (internal/timers.js:461:21)
[2021-11-30 17:34:04.729] [exthost] [error] [octref.vetur] provider FAILED
[2021-11-30 17:34:04.729] [exthost] [error] Error: Request textDocument/semanticTokens/range failed with message: Cannot read property 'flags' of undefined
    at /home/dotnet/.vscode/extensions/octref.vetur-0.35.0/dist/vueMain.js:1:64858
    at /home/dotnet/.vscode/extensions/octref.vetur-0.35.0/dist/vueMain.js:1:65153
    at Immediate.<anonymous> (/home/dotnet/.vscode/extensions/octref.vetur-0.35.0/dist/vueMain.js:1:65518)
    at processImmediate (internal/timers.js:461:21)
[2021-11-30 17:34:04.921] [exthost] [error] [octref.vetur] provider FAILED
[2021-11-30 17:34:04.921] [exthost] [error] Error: Request textDocument/semanticTokens/range failed with message: Cannot read property 'flags' of undefined
    at /home/dotnet/.vscode/extensions/octref.vetur-0.35.0/dist/vueMain.js:1:64858
    at /home/dotnet/.vscode/extensions/octref.vetur-0.35.0/dist/vueMain.js:1:65153
    at Immediate.<anonymous> (/home/dotnet/.vscode/extensions/octref.vetur-0.35.0/dist/vueMain.js:1:65518)
    at processImmediate (internal/timers.js:461:21)
[2021-11-30 17:34:04.983] [exthost] [error] [octref.vetur] provider FAILED
[2021-11-30 17:34:04.983] [exthost] [error] Error: Request textDocument/semanticTokens/range failed with message: Cannot read property 'flags' of undefined
    at /home/dotnet/.vscode/extensions/octref.vetur-0.35.0/dist/vueMain.js:1:64858
    at /home/dotnet/.vscode/extensions/octref.vetur-0.35.0/dist/vueMain.js:1:65153
    at Immediate.<anonymous> (/home/dotnet/.vscode/extensions/octref.vetur-0.35.0/dist/vueMain.js:1:65518)
    at processImmediate (internal/timers.js:461:21)
[2021-11-30 17:34:05.330] [exthost] [error] [octref.vetur] provider FAILED
[2021-11-30 17:34:05.330] [exthost] [error] Error: Request textDocument/semanticTokens/full failed with message: Cannot read property 'flags' of undefined
    at /home/dotnet/.vscode/extensions/octref.vetur-0.35.0/dist/vueMain.js:1:64858
    at /home/dotnet/.vscode/extensions/octref.vetur-0.35.0/dist/vueMain.js:1:65153
    at Immediate.<anonymous> (/home/dotnet/.vscode/extensions/octref.vetur-0.35.0/dist/vueMain.js:1:65518)
    at processImmediate (internal/timers.js:461:21)
[2021-11-30 17:34:05.336] [exthost] [error] [octref.vetur] provider FAILED
[2021-11-30 17:34:05.336] [exthost] [error] Error: Request textDocument/semanticTokens/range failed with message: Cannot read property 'flags' of undefined
    at /home/dotnet/.vscode/extensions/octref.vetur-0.35.0/dist/vueMain.js:1:64858
    at /home/dotnet/.vscode/extensions/octref.vetur-0.35.0/dist/vueMain.js:1:65153
    at Immediate.<anonymous> (/home/dotnet/.vscode/extensions/octref.vetur-0.35.0/dist/vueMain.js:1:65518)
    at processImmediate (internal/timers.js:461:21)
[2021-11-30 17:34:07.845] [exthost] [error] [octref.vetur] provider FAILED
[2021-11-30 17:34:07.845] [exthost] [error] Error: Request textDocument/semanticTokens/range failed with message: Cannot read property 'flags' of undefined
    at /home/dotnet/.vscode/extensions/octref.vetur-0.35.0/dist/vueMain.js:1:64858
    at /home/dotnet/.vscode/extensions/octref.vetur-0.35.0/dist/vueMain.js:1:65153
    at Immediate.<anonymous> (/home/dotnet/.vscode/extensions/octref.vetur-0.35.0/dist/vueMain.js:1:65518)
    at processImmediate (internal/timers.js:461:21)
[2021-11-30 17:34:09.077] [exthost] [error] [octref.vetur] provider FAILED
[2021-11-30 17:34:09.077] [exthost] [error] Error: Request textDocument/semanticTokens/range failed with message: Cannot read property 'flags' of undefined
    at /home/dotnet/.vscode/extensions/octref.vetur-0.35.0/dist/vueMain.js:1:64858
    at /home/dotnet/.vscode/extensions/octref.vetur-0.35.0/dist/vueMain.js:1:65153
    at Immediate.<anonymous> (/home/dotnet/.vscode/extensions/octref.vetur-0.35.0/dist/vueMain.js:1:65518)
    at processImmediate (internal/timers.js:461:21)
[2021-11-30 17:34:09.565] [exthost] [error] [octref.vetur] provider FAILED
[2021-11-30 17:34:09.565] [exthost] [error] Error: Request textDocument/semanticTokens/full failed with message: Cannot read property 'flags' of undefined
    at /home/dotnet/.vscode/extensions/octref.vetur-0.35.0/dist/vueMain.js:1:64858
    at /home/dotnet/.vscode/extensions/octref.vetur-0.35.0/dist/vueMain.js:1:65153
    at Immediate.<anonymous> (/home/dotnet/.vscode/extensions/octref.vetur-0.35.0/dist/vueMain.js:1:65518)
    at processImmediate (internal/timers.js:461:21)
[2021-11-30 17:34:11.760] [exthost] [error] [octref.vetur] provider FAILED
[2021-11-30 17:34:11.760] [exthost] [error] Error: Request textDocument/semanticTokens/range failed with message: Cannot read property 'flags' of undefined
    at /home/dotnet/.vscode/extensions/octref.vetur-0.35.0/dist/vueMain.js:1:64858
    at /home/dotnet/.vscode/extensions/octref.vetur-0.35.0/dist/vueMain.js:1:65153
    at Immediate.<anonymous> (/home/dotnet/.vscode/extensions/octref.vetur-0.35.0/dist/vueMain.js:1:65518)
    at processImmediate (internal/timers.js:461:21)
[2021-11-30 17:34:13.796] [exthost] [error] [octref.vetur] provider FAILED
[2021-11-30 17:34:13.796] [exthost] [error] Error: Request textDocument/semanticTokens/range failed with message: Cannot read property 'flags' of undefined
    at /home/dotnet/.vscode/extensions/octref.vetur-0.35.0/dist/vueMain.js:1:64858
    at /home/dotnet/.vscode/extensions/octref.vetur-0.35.0/dist/vueMain.js:1:65153
    at Immediate.<anonymous> (/home/dotnet/.vscode/extensions/octref.vetur-0.35.0/dist/vueMain.js:1:65518)
    at processImmediate (internal/timers.js:461:21)
[2021-11-30 17:34:15.409] [exthost] [error] [octref.vetur] provider FAILED
[2021-11-30 17:34:15.409] [exthost] [error] Error: Request textDocument/semanticTokens/range failed with message: Cannot read property 'flags' of undefined
    at /home/dotnet/.vscode/extensions/octref.vetur-0.35.0/dist/vueMain.js:1:64858
    at /home/dotnet/.vscode/extensions/octref.vetur-0.35.0/dist/vueMain.js:1:65153
    at Immediate.<anonymous> (/home/dotnet/.vscode/extensions/octref.vetur-0.35.0/dist/vueMain.js:1:65518)
    at processImmediate (internal/timers.js:461:21)
[2021-11-30 17:34:17.044] [exthost] [error] [octref.vetur] provider FAILED
[2021-11-30 17:34:17.044] [exthost] [error] Error: Request textDocument/semanticTokens/range failed with message: Cannot read property 'flags' of undefined
    at /home/dotnet/.vscode/extensions/octref.vetur-0.35.0/dist/vueMain.js:1:64858
    at /home/dotnet/.vscode/extensions/octref.vetur-0.35.0/dist/vueMain.js:1:65153
    at Immediate.<anonymous> (/home/dotnet/.vscode/extensions/octref.vetur-0.35.0/dist/vueMain.js:1:65518)
    at processImmediate (internal/timers.js:461:21)
[2021-11-30 17:34:19.052] [exthost] [error] [octref.vetur] provider FAILED
[2021-11-30 17:34:19.052] [exthost] [error] Error: Request textDocument/semanticTokens/range failed with message: Cannot read property 'flags' of undefined
    at /home/dotnet/.vscode/extensions/octref.vetur-0.35.0/dist/vueMain.js:1:64858
    at /home/dotnet/.vscode/extensions/octref.vetur-0.35.0/dist/vueMain.js:1:65153
    at Immediate.<anonymous> (/home/dotnet/.vscode/extensions/octref.vetur-0.35.0/dist/vueMain.js:1:65518)
    at processImmediate (internal/timers.js:461:21)
[2021-11-30 17:34:20.273] [exthost] [error] [octref.vetur] provider FAILED
[2021-11-30 17:34:20.273] [exthost] [error] Error: Request textDocument/semanticTokens/range failed with message: Cannot read property 'flags' of undefined
    at /home/dotnet/.vscode/extensions/octref.vetur-0.35.0/dist/vueMain.js:1:64858
    at /home/dotnet/.vscode/extensions/octref.vetur-0.35.0/dist/vueMain.js:1:65153
    at Immediate.<anonymous> (/home/dotnet/.vscode/extensions/octref.vetur-0.35.0/dist/vueMain.js:1:65518)
    at processImmediate (internal/timers.js:461:21)
[2021-11-30 17:34:21.447] [exthost] [error] [octref.vetur] provider FAILED
[2021-11-30 17:34:21.447] [exthost] [error] Error: Request textDocument/semanticTokens/range failed with message: Cannot read property 'flags' of undefined
    at /home/dotnet/.vscode/extensions/octref.vetur-0.35.0/dist/vueMain.js:1:64858
    at /home/dotnet/.vscode/extensions/octref.vetur-0.35.0/dist/vueMain.js:1:65153
    at Immediate.<anonymous> (/home/dotnet/.vscode/extensions/octref.vetur-0.35.0/dist/vueMain.js:1:65518)
    at processImmediate (internal/timers.js:461:21)
[2021-11-30 17:34:22.766] [exthost] [error] [octref.vetur] provider FAILED
[2021-11-30 17:34:22.766] [exthost] [error] Error: Request textDocument/semanticTokens/range failed with message: Cannot read property 'flags' of undefined
    at /home/dotnet/.vscode/extensions/octref.vetur-0.35.0/dist/vueMain.js:1:64858
    at /home/dotnet/.vscode/extensions/octref.vetur-0.35.0/dist/vueMain.js:1:65153
    at Immediate.<anonymous> (/home/dotnet/.vscode/extensions/octref.vetur-0.35.0/dist/vueMain.js:1:65518)
    at processImmediate (internal/timers.js:461:21)
[2021-11-30 17:34:25.715] [exthost] [error] [octref.vetur] provider FAILED
[2021-11-30 17:34:25.715] [exthost] [error] Error: Request textDocument/semanticTokens/range failed with message: Cannot read property 'flags' of undefined
    at /home/dotnet/.vscode/extensions/octref.vetur-0.35.0/dist/vueMain.js:1:64858
    at /home/dotnet/.vscode/extensions/octref.vetur-0.35.0/dist/vueMain.js:1:65153
    at Immediate.<anonymous> (/home/dotnet/.vscode/extensions/octref.vetur-0.35.0/dist/vueMain.js:1:65518)
    at processImmediate (internal/timers.js:461:21)
[2021-11-30 17:34:27.390] [exthost] [error] [octref.vetur] provider FAILED
[2021-11-30 17:34:27.390] [exthost] [error] Error: Request textDocument/semanticTokens/range failed with message: Cannot read property 'flags' of undefined
    at /home/dotnet/.vscode/extensions/octref.vetur-0.35.0/dist/vueMain.js:1:64858
    at /home/dotnet/.vscode/extensions/octref.vetur-0.35.0/dist/vueMain.js:1:65153
    at Immediate.<anonymous> (/home/dotnet/.vscode/extensions/octref.vetur-0.35.0/dist/vueMain.js:1:65518)
    at processImmediate (internal/timers.js:461:21)
[2021-11-30 17:34:29.469] [exthost] [error] [octref.vetur] provider FAILED
[2021-11-30 17:34:29.469] [exthost] [error] Error: Request textDocument/semanticTokens/full failed with message: Cannot read property 'flags' of undefined
    at /home/dotnet/.vscode/extensions/octref.vetur-0.35.0/dist/vueMain.js:1:64858
    at /home/dotnet/.vscode/extensions/octref.vetur-0.35.0/dist/vueMain.js:1:65153
    at Immediate.<anonymous> (/home/dotnet/.vscode/extensions/octref.vetur-0.35.0/dist/vueMain.js:1:65518)
    at processImmediate (internal/timers.js:461:21)
[2021-11-30 17:34:29.470] [exthost] [error] [octref.vetur] provider FAILED
[2021-11-30 17:34:29.470] [exthost] [error] Error: Request textDocument/semanticTokens/range failed with message: Cannot read property 'flags' of undefined
    at /home/dotnet/.vscode/extensions/octref.vetur-0.35.0/dist/vueMain.js:1:64858
    at /home/dotnet/.vscode/extensions/octref.vetur-0.35.0/dist/vueMain.js:1:65153
    at Immediate.<anonymous> (/home/dotnet/.vscode/extensions/octref.vetur-0.35.0/dist/vueMain.js:1:65518)
    at processImmediate (internal/timers.js:461:21)
[2021-11-30 17:34:31.290] [exthost] [error] [octref.vetur] provider FAILED
[2021-11-30 17:34:31.290] [exthost] [error] Error: Request textDocument/semanticTokens/range failed with message: Cannot read property 'flags' of undefined
    at /home/dotnet/.vscode/extensions/octref.vetur-0.35.0/dist/vueMain.js:1:64858
    at /home/dotnet/.vscode/extensions/octref.vetur-0.35.0/dist/vueMain.js:1:65153
    at Immediate.<anonymous> (/home/dotnet/.vscode/extensions/octref.vetur-0.35.0/dist/vueMain.js:1:65518)
    at processImmediate (internal/timers.js:461:21)
[2021-11-30 17:34:33.801] [exthost] [error] [octref.vetur] provider FAILED
[2021-11-30 17:34:33.801] [exthost] [error] Error: Request textDocument/semanticTokens/range failed with message: Cannot read property 'flags' of undefined
    at /home/dotnet/.vscode/extensions/octref.vetur-0.35.0/dist/vueMain.js:1:64858
    at /home/dotnet/.vscode/extensions/octref.vetur-0.35.0/dist/vueMain.js:1:65153
    at Immediate.<anonymous> (/home/dotnet/.vscode/extensions/octref.vetur-0.35.0/dist/vueMain.js:1:65518)
    at processImmediate (internal/timers.js:461:21)
[2021-11-30 17:34:34.148] [exthost] [error] [octref.vetur] provider FAILED
[2021-11-30 17:34:34.148] [exthost] [error] Error: Request textDocument/semanticTokens/range failed with message: Cannot read property 'flags' of undefined
    at /home/dotnet/.vscode/extensions/octref.vetur-0.35.0/dist/vueMain.js:1:64858
    at /home/dotnet/.vscode/extensions/octref.vetur-0.35.0/dist/vueMain.js:1:65153
    at Immediate.<anonymous> (/home/dotnet/.vscode/extensions/octref.vetur-0.35.0/dist/vueMain.js:1:65518)
    at processImmediate (internal/timers.js:461:21)
[2021-11-30 17:34:34.620] [exthost] [error] [octref.vetur] provider FAILED
[2021-11-30 17:34:34.620] [exthost] [error] Error: Request textDocument/semanticTokens/range failed with message: Cannot read property 'flags' of undefined
    at /home/dotnet/.vscode/extensions/octref.vetur-0.35.0/dist/vueMain.js:1:64858
    at /home/dotnet/.vscode/extensions/octref.vetur-0.35.0/dist/vueMain.js:1:65153
    at Immediate.<anonymous> (/home/dotnet/.vscode/extensions/octref.vetur-0.35.0/dist/vueMain.js:1:65518)
    at processImmediate (internal/timers.js:461:21)
[2021-11-30 17:34:35.411] [exthost] [error] [octref.vetur] provider FAILED
[2021-11-30 17:34:35.411] [exthost] [error] Error: Request textDocument/semanticTokens/full failed with message: Cannot read property 'flags' of undefined
    at /home/dotnet/.vscode/extensions/octref.vetur-0.35.0/dist/vueMain.js:1:64858
    at /home/dotnet/.vscode/extensions/octref.vetur-0.35.0/dist/vueMain.js:1:65153
    at Immediate.<anonymous> (/home/dotnet/.vscode/extensions/octref.vetur-0.35.0/dist/vueMain.js:1:65518)
    at processImmediate (internal/timers.js:461:21)
[2021-11-30 17:34:57.784] [exthost] [error] [octref.vetur] provider FAILED
[2021-11-30 17:34:57.784] [exthost] [error] Error: Request textDocument/semanticTokens/range failed with message: Cannot read property 'flags' of undefined
    at /home/dotnet/.vscode/extensions/octref.vetur-0.35.0/dist/vueMain.js:1:64858
    at /home/dotnet/.vscode/extensions/octref.vetur-0.35.0/dist/vueMain.js:1:65153
    at Immediate.<anonymous> (/home/dotnet/.vscode/extensions/octref.vetur-0.35.0/dist/vueMain.js:1:65518)
    at processImmediate (internal/timers.js:461:21)
[2021-11-30 17:34:58.023] [exthost] [error] [octref.vetur] provider FAILED
[2021-11-30 17:34:58.023] [exthost] [error] Error: Request textDocument/semanticTokens/full failed with message: Cannot read property 'flags' of undefined
    at /home/dotnet/.vscode/extensions/octref.vetur-0.35.0/dist/vueMain.js:1:64858
    at /home/dotnet/.vscode/extensions/octref.vetur-0.35.0/dist/vueMain.js:1:65153
    at Immediate.<anonymous> (/home/dotnet/.vscode/extensions/octref.vetur-0.35.0/dist/vueMain.js:1:65518)
    at processImmediate (internal/timers.js:461:21)
[2021-11-30 17:35:34.708] [exthost] [error] [octref.vetur] provider FAILED
[2021-11-30 17:35:34.708] [exthost] [error] Error: Request textDocument/semanticTokens/range failed with message: Cannot read property 'flags' of undefined
    at /home/dotnet/.vscode/extensions/octref.vetur-0.35.0/dist/vueMain.js:1:64858
    at /home/dotnet/.vscode/extensions/octref.vetur-0.35.0/dist/vueMain.js:1:65153
    at Immediate.<anonymous> (/home/dotnet/.vscode/extensions/octref.vetur-0.35.0/dist/vueMain.js:1:65518)
    at processImmediate (internal/timers.js:461:21)
[2021-11-30 17:35:35.132] [exthost] [error] [octref.vetur] provider FAILED
[2021-11-30 17:35:35.132] [exthost] [error] Error: Request textDocument/semanticTokens/full failed with message: Cannot read property 'flags' of undefined
    at /home/dotnet/.vscode/extensions/octref.vetur-0.35.0/dist/vueMain.js:1:64858
    at /home/dotnet/.vscode/extensions/octref.vetur-0.35.0/dist/vueMain.js:1:65153
    at Immediate.<anonymous> (/home/dotnet/.vscode/extensions/octref.vetur-0.35.0/dist/vueMain.js:1:65518)
    at processImmediate (internal/timers.js:461:21)
[2021-11-30 17:35:38.974] [exthost] [error] [octref.vetur] provider FAILED
[2021-11-30 17:35:38.974] [exthost] [error] Error: Request textDocument/semanticTokens/range failed with message: Cannot read property 'flags' of undefined
    at /home/dotnet/.vscode/extensions/octref.vetur-0.35.0/dist/vueMain.js:1:64858
    at /home/dotnet/.vscode/extensions/octref.vetur-0.35.0/dist/vueMain.js:1:65153
    at Immediate.<anonymous> (/home/dotnet/.vscode/extensions/octref.vetur-0.35.0/dist/vueMain.js:1:65518)
    at processImmediate (internal/timers.js:461:21)
[2021-11-30 17:35:40.741] [exthost] [error] [octref.vetur] provider FAILED
[2021-11-30 17:35:40.742] [exthost] [error] Error: Request textDocument/semanticTokens/full failed with message: Cannot read property 'flags' of undefined
    at /home/dotnet/.vscode/extensions/octref.vetur-0.35.0/dist/vueMain.js:1:64858
    at /home/dotnet/.vscode/extensions/octref.vetur-0.35.0/dist/vueMain.js:1:65153
    at Immediate.<anonymous> (/home/dotnet/.vscode/extensions/octref.vetur-0.35.0/dist/vueMain.js:1:65518)
    at processImmediate (internal/timers.js:461:21)
[2021-11-30 17:35:40.871] [exthost] [error] [octref.vetur] provider FAILED
[2021-11-30 17:35:40.871] [exthost] [error] Error: Request textDocument/semanticTokens/range failed with message: Cannot read property 'flags' of undefined
    at /home/dotnet/.vscode/extensions/octref.vetur-0.35.0/dist/vueMain.js:1:64858
    at /home/dotnet/.vscode/extensions/octref.vetur-0.35.0/dist/vueMain.js:1:65153
    at Immediate.<anonymous> (/home/dotnet/.vscode/extensions/octref.vetur-0.35.0/dist/vueMain.js:1:65518)
    at processImmediate (internal/timers.js:461:21)
[2021-11-30 17:35:41.072] [exthost] [error] [octref.vetur] provider FAILED
[2021-11-30 17:35:41.072] [exthost] [error] Error: Request textDocument/semanticTokens/range failed with message: Cannot read property 'flags' of undefined
    at /home/dotnet/.vscode/extensions/octref.vetur-0.35.0/dist/vueMain.js:1:64858
    at /home/dotnet/.vscode/extensions/octref.vetur-0.35.0/dist/vueMain.js:1:65153
    at Immediate.<anonymous> (/home/dotnet/.vscode/extensions/octref.vetur-0.35.0/dist/vueMain.js:1:65518)
    at processImmediate (internal/timers.js:461:21)
[2021-11-30 17:35:41.195] [exthost] [error] [octref.vetur] provider FAILED
[2021-11-30 17:35:41.195] [exthost] [error] Error: Request textDocument/semanticTokens/range failed with message: Cannot read property 'flags' of undefined
    at /home/dotnet/.vscode/extensions/octref.vetur-0.35.0/dist/vueMain.js:1:64858
    at /home/dotnet/.vscode/extensions/octref.vetur-0.35.0/dist/vueMain.js:1:65153
    at Immediate.<anonymous> (/home/dotnet/.vscode/extensions/octref.vetur-0.35.0/dist/vueMain.js:1:65518)
    at processImmediate (internal/timers.js:461:21)
[2021-11-30 17:35:41.606] [exthost] [error] [octref.vetur] provider FAILED
[2021-11-30 17:35:41.606] [exthost] [error] Error: Request textDocument/semanticTokens/full failed with message: Cannot read property 'flags' of undefined
    at /home/dotnet/.vscode/extensions/octref.vetur-0.35.0/dist/vueMain.js:1:64858
    at /home/dotnet/.vscode/extensions/octref.vetur-0.35.0/dist/vueMain.js:1:65153
    at Immediate.<anonymous> (/home/dotnet/.vscode/extensions/octref.vetur-0.35.0/dist/vueMain.js:1:65518)
    at processImmediate (internal/timers.js:461:21)
[2021-11-30 17:35:42.483] [exthost] [error] [octref.vetur] provider FAILED
[2021-11-30 17:35:42.483] [exthost] [error] Error: Request textDocument/semanticTokens/range failed with message: Cannot read property 'flags' of undefined
    at /home/dotnet/.vscode/extensions/octref.vetur-0.35.0/dist/vueMain.js:1:64858
    at /home/dotnet/.vscode/extensions/octref.vetur-0.35.0/dist/vueMain.js:1:65153
    at Immediate.<anonymous> (/home/dotnet/.vscode/extensions/octref.vetur-0.35.0/dist/vueMain.js:1:65518)
    at processImmediate (internal/timers.js:461:21)
[2021-11-30 17:35:42.840] [exthost] [error] [octref.vetur] provider FAILED
[2021-11-30 17:35:42.841] [exthost] [error] Error: Request textDocument/semanticTokens/full failed with message: Cannot read property 'flags' of undefined
    at /home/dotnet/.vscode/extensions/octref.vetur-0.35.0/dist/vueMain.js:1:64858
    at /home/dotnet/.vscode/extensions/octref.vetur-0.35.0/dist/vueMain.js:1:65153
    at Immediate.<anonymous> (/home/dotnet/.vscode/extensions/octref.vetur-0.35.0/dist/vueMain.js:1:65518)
    at processImmediate (internal/timers.js:461:21)
[2021-11-30 17:35:46.570] [exthost] [error] [octref.vetur] provider FAILED
[2021-11-30 17:35:46.570] [exthost] [error] Error: Request textDocument/semanticTokens/range failed with message: Cannot read property 'flags' of undefined
    at /home/dotnet/.vscode/extensions/octref.vetur-0.35.0/dist/vueMain.js:1:64858
    at /home/dotnet/.vscode/extensions/octref.vetur-0.35.0/dist/vueMain.js:1:65153
    at Immediate.<anonymous> (/home/dotnet/.vscode/extensions/octref.vetur-0.35.0/dist/vueMain.js:1:65518)
    at processImmediate (internal/timers.js:461:21)
[2021-11-30 17:35:47.282] [exthost] [error] [octref.vetur] provider FAILED
[2021-11-30 17:35:47.282] [exthost] [error] Error: Request textDocument/semanticTokens/full failed with message: Cannot read property 'flags' of undefined
    at /home/dotnet/.vscode/extensions/octref.vetur-0.35.0/dist/vueMain.js:1:64858
    at /home/dotnet/.vscode/extensions/octref.vetur-0.35.0/dist/vueMain.js:1:65153
    at Immediate.<anonymous> (/home/dotnet/.vscode/extensions/octref.vetur-0.35.0/dist/vueMain.js:1:65518)
    at processImmediate (internal/timers.js:461:21)
[2021-11-30 17:35:47.746] [exthost] [error] [octref.vetur] provider FAILED
[2021-11-30 17:35:47.746] [exthost] [error] Error: Request textDocument/semanticTokens/range failed with message: Cannot read property 'flags' of undefined
    at /home/dotnet/.vscode/extensions/octref.vetur-0.35.0/dist/vueMain.js:1:64858
    at /home/dotnet/.vscode/extensions/octref.vetur-0.35.0/dist/vueMain.js:1:65153
    at Immediate.<anonymous> (/home/dotnet/.vscode/extensions/octref.vetur-0.35.0/dist/vueMain.js:1:65518)
    at processImmediate (internal/timers.js:461:21)
[2021-11-30 17:35:48.216] [exthost] [error] [octref.vetur] provider FAILED
[2021-11-30 17:35:48.216] [exthost] [error] Error: Request textDocument/semanticTokens/full failed with message: Cannot read property 'flags' of undefined
    at /home/dotnet/.vscode/extensions/octref.vetur-0.35.0/dist/vueMain.js:1:64858
    at /home/dotnet/.vscode/extensions/octref.vetur-0.35.0/dist/vueMain.js:1:65153
    at Immediate.<anonymous> (/home/dotnet/.vscode/extensions/octref.vetur-0.35.0/dist/vueMain.js:1:65518)
    at processImmediate (internal/timers.js:461:21)
[2021-11-30 17:36:11.361] [exthost] [error] [octref.vetur] provider FAILED
[2021-11-30 17:36:11.361] [exthost] [error] Error: Request textDocument/semanticTokens/range failed with message: Cannot read property 'flags' of undefined
    at /home/dotnet/.vscode/extensions/octref.vetur-0.35.0/dist/vueMain.js:1:64858
    at /home/dotnet/.vscode/extensions/octref.vetur-0.35.0/dist/vueMain.js:1:65153
    at Immediate.<anonymous> (/home/dotnet/.vscode/extensions/octref.vetur-0.35.0/dist/vueMain.js:1:65518)
    at processImmediate (internal/timers.js:461:21)
[2021-11-30 17:36:11.625] [exthost] [error] [octref.vetur] provider FAILED
[2021-11-30 17:36:11.625] [exthost] [error] Error: Request textDocument/semanticTokens/full failed with message: Cannot read property 'flags' of undefined
    at /home/dotnet/.vscode/extensions/octref.vetur-0.35.0/dist/vueMain.js:1:64858
    at /home/dotnet/.vscode/extensions/octref.vetur-0.35.0/dist/vueMain.js:1:65153
    at Immediate.<anonymous> (/home/dotnet/.vscode/extensions/octref.vetur-0.35.0/dist/vueMain.js:1:65518)
    at processImmediate (internal/timers.js:461:21)
[2021-11-30 17:36:11.893] [exthost] [error] [octref.vetur] provider FAILED
[2021-11-30 17:36:11.893] [exthost] [error] Error: Request textDocument/semanticTokens/range failed with message: Cannot read property 'flags' of undefined
    at /home/dotnet/.vscode/extensions/octref.vetur-0.35.0/dist/vueMain.js:1:64858
    at /home/dotnet/.vscode/extensions/octref.vetur-0.35.0/dist/vueMain.js:1:65153
    at Immediate.<anonymous> (/home/dotnet/.vscode/extensions/octref.vetur-0.35.0/dist/vueMain.js:1:65518)
    at processImmediate (internal/timers.js:461:21)
[2021-11-30 17:36:12.096] [exthost] [error] [octref.vetur] provider FAILED
[2021-11-30 17:36:12.096] [exthost] [error] Error: Request textDocument/semanticTokens/full failed with message: Cannot read property 'flags' of undefined
    at /home/dotnet/.vscode/extensions/octref.vetur-0.35.0/dist/vueMain.js:1:64858
    at /home/dotnet/.vscode/extensions/octref.vetur-0.35.0/dist/vueMain.js:1:65153
    at Immediate.<anonymous> (/home/dotnet/.vscode/extensions/octref.vetur-0.35.0/dist/vueMain.js:1:65518)
    at processImmediate (internal/timers.js:461:21)
[2021-11-30 17:36:12.488] [exthost] [error] [octref.vetur] provider FAILED
[2021-11-30 17:36:12.488] [exthost] [error] Error: Request textDocument/semanticTokens/range failed with message: Cannot read property 'flags' of undefined
    at /home/dotnet/.vscode/extensions/octref.vetur-0.35.0/dist/vueMain.js:1:64858
    at /home/dotnet/.vscode/extensions/octref.vetur-0.35.0/dist/vueMain.js:1:65153
    at Immediate.<anonymous> (/home/dotnet/.vscode/extensions/octref.vetur-0.35.0/dist/vueMain.js:1:65518)
    at processImmediate (internal/timers.js:461:21)
[2021-11-30 17:36:12.746] [exthost] [error] [octref.vetur] provider FAILED
[2021-11-30 17:36:12.746] [exthost] [error] Error: Request textDocument/semanticTokens/full failed with message: Cannot read property 'flags' of undefined
    at /home/dotnet/.vscode/extensions/octref.vetur-0.35.0/dist/vueMain.js:1:64858
    at /home/dotnet/.vscode/extensions/octref.vetur-0.35.0/dist/vueMain.js:1:65153
    at Immediate.<anonymous> (/home/dotnet/.vscode/extensions/octref.vetur-0.35.0/dist/vueMain.js:1:65518)
    at processImmediate (internal/timers.js:461:21)
[2021-11-30 17:36:12.886] [exthost] [error] [octref.vetur] provider FAILED
[2021-11-30 17:36:12.886] [exthost] [error] Error: Request textDocument/semanticTokens/range failed with message: Cannot read property 'flags' of undefined
    at /home/dotnet/.vscode/extensions/octref.vetur-0.35.0/dist/vueMain.js:1:64858
    at /home/dotnet/.vscode/extensions/octref.vetur-0.35.0/dist/vueMain.js:1:65153
    at Immediate.<anonymous> (/home/dotnet/.vscode/extensions/octref.vetur-0.35.0/dist/vueMain.js:1:65518)
    at processImmediate (internal/timers.js:461:21)
[2021-11-30 17:36:13.155] [exthost] [error] [octref.vetur] provider FAILED
[2021-11-30 17:36:13.155] [exthost] [error] Error: Request textDocument/semanticTokens/full failed with message: Cannot read property 'flags' of undefined
    at /home/dotnet/.vscode/extensions/octref.vetur-0.35.0/dist/vueMain.js:1:64858
    at /home/dotnet/.vscode/extensions/octref.vetur-0.35.0/dist/vueMain.js:1:65153
    at Immediate.<anonymous> (/home/dotnet/.vscode/extensions/octref.vetur-0.35.0/dist/vueMain.js:1:65518)
    at processImmediate (internal/timers.js:461:21)
[2021-11-30 17:36:13.336] [exthost] [error] [octref.vetur] provider FAILED
[2021-11-30 17:36:13.336] [exthost] [error] Error: Request textDocument/semanticTokens/range failed with message: Cannot read property 'flags' of undefined
    at /home/dotnet/.vscode/extensions/octref.vetur-0.35.0/dist/vueMain.js:1:64858
    at /home/dotnet/.vscode/extensions/octref.vetur-0.35.0/dist/vueMain.js:1:65153
    at Immediate.<anonymous> (/home/dotnet/.vscode/extensions/octref.vetur-0.35.0/dist/vueMain.js:1:65518)
    at processImmediate (internal/timers.js:461:21)
[2021-11-30 17:36:13.588] [exthost] [error] [octref.vetur] provider FAILED
[2021-11-30 17:36:13.588] [exthost] [error] Error: Request textDocument/semanticTokens/full failed with message: Cannot read property 'flags' of undefined
    at /home/dotnet/.vscode/extensions/octref.vetur-0.35.0/dist/vueMain.js:1:64858
    at /home/dotnet/.vscode/extensions/octref.vetur-0.35.0/dist/vueMain.js:1:65153
    at Immediate.<anonymous> (/home/dotnet/.vscode/extensions/octref.vetur-0.35.0/dist/vueMain.js:1:65518)
    at processImmediate (internal/timers.js:461:21)
[2021-11-30 17:36:13.830] [exthost] [error] [octref.vetur] provider FAILED
[2021-11-30 17:36:13.830] [exthost] [error] Error: Request textDocument/semanticTokens/range failed with message: Cannot read property 'flags' of undefined
    at /home/dotnet/.vscode/extensions/octref.vetur-0.35.0/dist/vueMain.js:1:64858
    at /home/dotnet/.vscode/extensions/octref.vetur-0.35.0/dist/vueMain.js:1:65153
    at Immediate.<anonymous> (/home/dotnet/.vscode/extensions/octref.vetur-0.35.0/dist/vueMain.js:1:65518)
    at processImmediate (internal/timers.js:461:21)
[2021-11-30 17:36:14.149] [exthost] [error] [octref.vetur] provider FAILED
[2021-11-30 17:36:14.149] [exthost] [error] Error: Request textDocument/semanticTokens/full failed with message: Cannot read property 'flags' of undefined
    at /home/dotnet/.vscode/extensions/octref.vetur-0.35.0/dist/vueMain.js:1:64858
    at /home/dotnet/.vscode/extensions/octref.vetur-0.35.0/dist/vueMain.js:1:65153
    at Immediate.<anonymous> (/home/dotnet/.vscode/extensions/octref.vetur-0.35.0/dist/vueMain.js:1:65518)
    at processImmediate (internal/timers.js:461:21)
[2021-11-30 17:36:20.302] [exthost] [error] [octref.vetur] provider FAILED
[2021-11-30 17:36:20.302] [exthost] [error] Error: Request textDocument/semanticTokens/range failed with message: Cannot read property 'flags' of undefined
    at /home/dotnet/.vscode/extensions/octref.vetur-0.35.0/dist/vueMain.js:1:64858
    at /home/dotnet/.vscode/extensions/octref.vetur-0.35.0/dist/vueMain.js:1:65153
    at Immediate.<anonymous> (/home/dotnet/.vscode/extensions/octref.vetur-0.35.0/dist/vueMain.js:1:65518)
    at processImmediate (internal/timers.js:461:21)
[2021-11-30 17:36:20.762] [exthost] [error] [octref.vetur] provider FAILED
[2021-11-30 17:36:20.763] [exthost] [error] Error: Request textDocument/semanticTokens/full failed with message: Cannot read property 'flags' of undefined
    at /home/dotnet/.vscode/extensions/octref.vetur-0.35.0/dist/vueMain.js:1:64858
    at /home/dotnet/.vscode/extensions/octref.vetur-0.35.0/dist/vueMain.js:1:65153
    at Immediate.<anonymous> (/home/dotnet/.vscode/extensions/octref.vetur-0.35.0/dist/vueMain.js:1:65518)
    at processImmediate (internal/timers.js:461:21)
[2021-11-30 17:36:21.214] [exthost] [error] [octref.vetur] provider FAILED
[2021-11-30 17:36:21.214] [exthost] [error] Error: Request textDocument/semanticTokens/range failed with message: Cannot read property 'flags' of undefined
    at /home/dotnet/.vscode/extensions/octref.vetur-0.35.0/dist/vueMain.js:1:64858
    at /home/dotnet/.vscode/extensions/octref.vetur-0.35.0/dist/vueMain.js:1:65153
    at Immediate.<anonymous> (/home/dotnet/.vscode/extensions/octref.vetur-0.35.0/dist/vueMain.js:1:65518)
    at processImmediate (internal/timers.js:461:21)
[2021-11-30 17:36:21.518] [exthost] [error] [octref.vetur] provider FAILED
[2021-11-30 17:36:21.518] [exthost] [error] Error: Request textDocument/semanticTokens/full failed with message: Cannot read property 'flags' of undefined
    at /home/dotnet/.vscode/extensions/octref.vetur-0.35.0/dist/vueMain.js:1:64858
    at /home/dotnet/.vscode/extensions/octref.vetur-0.35.0/dist/vueMain.js:1:65153
    at Immediate.<anonymous> (/home/dotnet/.vscode/extensions/octref.vetur-0.35.0/dist/vueMain.js:1:65518)
    at processImmediate (internal/timers.js:461:21)
[2021-11-30 17:36:22.066] [exthost] [error] [octref.vetur] provider FAILED
[2021-11-30 17:36:22.066] [exthost] [error] Error: Request textDocument/semanticTokens/range failed with message: Cannot read property 'flags' of undefined
    at /home/dotnet/.vscode/extensions/octref.vetur-0.35.0/dist/vueMain.js:1:64858
    at /home/dotnet/.vscode/extensions/octref.vetur-0.35.0/dist/vueMain.js:1:65153
    at Immediate.<anonymous> (/home/dotnet/.vscode/extensions/octref.vetur-0.35.0/dist/vueMain.js:1:65518)
    at processImmediate (internal/timers.js:461:21)
[2021-11-30 17:36:22.219] [exthost] [error] [octref.vetur] provider FAILED
[2021-11-30 17:36:22.220] [exthost] [error] Error: Request textDocument/semanticTokens/full failed with message: Cannot read property 'flags' of undefined
    at /home/dotnet/.vscode/extensions/octref.vetur-0.35.0/dist/vueMain.js:1:64858
    at /home/dotnet/.vscode/extensions/octref.vetur-0.35.0/dist/vueMain.js:1:65153
    at Immediate.<anonymous> (/home/dotnet/.vscode/extensions/octref.vetur-0.35.0/dist/vueMain.js:1:65518)
    at processImmediate (internal/timers.js:461:21)
[2021-11-30 17:36:26.350] [exthost] [error] [octref.vetur] provider FAILED
[2021-11-30 17:36:26.350] [exthost] [error] Error: Request textDocument/semanticTokens/range failed with message: Cannot read property 'flags' of undefined
    at /home/dotnet/.vscode/extensions/octref.vetur-0.35.0/dist/vueMain.js:1:64858
    at /home/dotnet/.vscode/extensions/octref.vetur-0.35.0/dist/vueMain.js:1:65153
    at Immediate.<anonymous> (/home/dotnet/.vscode/extensions/octref.vetur-0.35.0/dist/vueMain.js:1:65518)
    at processImmediate (internal/timers.js:461:21)
[2021-11-30 17:36:26.780] [exthost] [error] [octref.vetur] provider FAILED
[2021-11-30 17:36:26.780] [exthost] [error] Error: Request textDocument/semanticTokens/full failed with message: Cannot read property 'flags' of undefined
    at /home/dotnet/.vscode/extensions/octref.vetur-0.35.0/dist/vueMain.js:1:64858
    at /home/dotnet/.vscode/extensions/octref.vetur-0.35.0/dist/vueMain.js:1:65153
    at Immediate.<anonymous> (/home/dotnet/.vscode/extensions/octref.vetur-0.35.0/dist/vueMain.js:1:65518)
    at processImmediate (internal/timers.js:461:21)
[2021-11-30 17:36:27.251] [exthost] [error] [octref.vetur] provider FAILED
[2021-11-30 17:36:27.251] [exthost] [error] Error: Request textDocument/semanticTokens/range failed with message: Cannot read property 'flags' of undefined
    at /home/dotnet/.vscode/extensions/octref.vetur-0.35.0/dist/vueMain.js:1:64858
    at /home/dotnet/.vscode/extensions/octref.vetur-0.35.0/dist/vueMain.js:1:65153
    at Immediate.<anonymous> (/home/dotnet/.vscode/extensions/octref.vetur-0.35.0/dist/vueMain.js:1:65518)
    at processImmediate (internal/timers.js:461:21)
[2021-11-30 17:36:27.595] [exthost] [error] [octref.vetur] provider FAILED
[2021-11-30 17:36:27.595] [exthost] [error] Error: Request textDocument/semanticTokens/full failed with message: Cannot read property 'flags' of undefined
    at /home/dotnet/.vscode/extensions/octref.vetur-0.35.0/dist/vueMain.js:1:64858
    at /home/dotnet/.vscode/extensions/octref.vetur-0.35.0/dist/vueMain.js:1:65153
    at Immediate.<anonymous> (/home/dotnet/.vscode/extensions/octref.vetur-0.35.0/dist/vueMain.js:1:65518)
    at processImmediate (internal/timers.js:461:21)
[2021-11-30 17:36:28.312] [exthost] [error] [octref.vetur] provider FAILED
[2021-11-30 17:36:28.312] [exthost] [error] Error: Request textDocument/semanticTokens/range failed with message: Cannot read property 'flags' of undefined
    at /home/dotnet/.vscode/extensions/octref.vetur-0.35.0/dist/vueMain.js:1:64858
    at /home/dotnet/.vscode/extensions/octref.vetur-0.35.0/dist/vueMain.js:1:65153
    at Immediate.<anonymous> (/home/dotnet/.vscode/extensions/octref.vetur-0.35.0/dist/vueMain.js:1:65518)
    at processImmediate (internal/timers.js:461:21)
[2021-11-30 17:36:28.728] [exthost] [error] [octref.vetur] provider FAILED
[2021-11-30 17:36:28.729] [exthost] [error] Error: Request textDocument/semanticTokens/full failed with message: Cannot read property 'flags' of undefined
    at /home/dotnet/.vscode/extensions/octref.vetur-0.35.0/dist/vueMain.js:1:64858
    at /home/dotnet/.vscode/extensions/octref.vetur-0.35.0/dist/vueMain.js:1:65153
    at Immediate.<anonymous> (/home/dotnet/.vscode/extensions/octref.vetur-0.35.0/dist/vueMain.js:1:65518)
    at processImmediate (internal/timers.js:461:21)
[2021-11-30 17:36:29.879] [exthost] [error] [octref.vetur] provider FAILED
[2021-11-30 17:36:29.879] [exthost] [error] Error: Request textDocument/semanticTokens/range failed with message: Cannot read property 'flags' of undefined
    at /home/dotnet/.vscode/extensions/octref.vetur-0.35.0/dist/vueMain.js:1:64858
    at /home/dotnet/.vscode/extensions/octref.vetur-0.35.0/dist/vueMain.js:1:65153
    at Immediate.<anonymous> (/home/dotnet/.vscode/extensions/octref.vetur-0.35.0/dist/vueMain.js:1:65518)
    at processImmediate (internal/timers.js:461:21)
[2021-11-30 17:36:30.386] [exthost] [error] [octref.vetur] provider FAILED
[2021-11-30 17:36:30.386] [exthost] [error] Error: Request textDocument/semanticTokens/full failed with message: Cannot read property 'flags' of undefined
    at /home/dotnet/.vscode/extensions/octref.vetur-0.35.0/dist/vueMain.js:1:64858
    at /home/dotnet/.vscode/extensions/octref.vetur-0.35.0/dist/vueMain.js:1:65153
    at Immediate.<anonymous> (/home/dotnet/.vscode/extensions/octref.vetur-0.35.0/dist/vueMain.js:1:65518)
    at processImmediate (internal/timers.js:461:21)
[2021-11-30 17:36:43.647] [exthost] [error] [octref.vetur] provider FAILED
[2021-11-30 17:36:43.648] [exthost] [error] Error: Request textDocument/semanticTokens/range failed with message: Cannot read property 'flags' of undefined
    at /home/dotnet/.vscode/extensions/octref.vetur-0.35.0/dist/vueMain.js:1:64858
    at /home/dotnet/.vscode/extensions/octref.vetur-0.35.0/dist/vueMain.js:1:65153
    at Immediate.<anonymous> (/home/dotnet/.vscode/extensions/octref.vetur-0.35.0/dist/vueMain.js:1:65518)
    at processImmediate (internal/timers.js:461:21)
[2021-11-30 17:36:43.897] [exthost] [error] [octref.vetur] provider FAILED
[2021-11-30 17:36:43.897] [exthost] [error] Error: Request textDocument/semanticTokens/full failed with message: Cannot read property 'flags' of undefined
    at /home/dotnet/.vscode/extensions/octref.vetur-0.35.0/dist/vueMain.js:1:64858
    at /home/dotnet/.vscode/extensions/octref.vetur-0.35.0/dist/vueMain.js:1:65153
    at Immediate.<anonymous> (/home/dotnet/.vscode/extensions/octref.vetur-0.35.0/dist/vueMain.js:1:65518)
    at processImmediate (internal/timers.js:461:21)
[2021-11-30 17:36:57.215] [exthost] [error] [octref.vetur] provider FAILED
[2021-11-30 17:36:57.221] [exthost] [error] Error: Request textDocument/semanticTokens/range failed with message: Cannot read property 'flags' of undefined
    at /home/dotnet/.vscode/extensions/octref.vetur-0.35.0/dist/vueMain.js:1:64858
    at /home/dotnet/.vscode/extensions/octref.vetur-0.35.0/dist/vueMain.js:1:65153
    at Immediate.<anonymous> (/home/dotnet/.vscode/extensions/octref.vetur-0.35.0/dist/vueMain.js:1:65518)
    at processImmediate (internal/timers.js:461:21)
[2021-11-30 17:36:57.941] [exthost] [error] [octref.vetur] provider FAILED
[2021-11-30 17:36:57.941] [exthost] [error] Error: Request textDocument/semanticTokens/full failed with message: Cannot read property 'flags' of undefined
    at /home/dotnet/.vscode/extensions/octref.vetur-0.35.0/dist/vueMain.js:1:64858
    at /home/dotnet/.vscode/extensions/octref.vetur-0.35.0/dist/vueMain.js:1:65153
    at Immediate.<anonymous> (/home/dotnet/.vscode/extensions/octref.vetur-0.35.0/dist/vueMain.js:1:65518)
    at processImmediate (internal/timers.js:461:21)
[2021-11-30 17:37:28.919] [exthost] [error] [octref.vetur] provider FAILED
[2021-11-30 17:37:28.919] [exthost] [error] Error: Request textDocument/semanticTokens/range failed with message: Cannot read property 'flags' of undefined
    at /home/dotnet/.vscode/extensions/octref.vetur-0.35.0/dist/vueMain.js:1:64858
    at /home/dotnet/.vscode/extensions/octref.vetur-0.35.0/dist/vueMain.js:1:65153
    at Immediate.<anonymous> (/home/dotnet/.vscode/extensions/octref.vetur-0.35.0/dist/vueMain.js:1:65518)
    at processImmediate (internal/timers.js:461:21)
[2021-11-30 17:37:29.283] [exthost] [error] [octref.vetur] provider FAILED
[2021-11-30 17:37:29.284] [exthost] [error] Error: Request textDocument/semanticTokens/full failed with message: Cannot read property 'flags' of undefined
    at /home/dotnet/.vscode/extensions/octref.vetur-0.35.0/dist/vueMain.js:1:64858
    at /home/dotnet/.vscode/extensions/octref.vetur-0.35.0/dist/vueMain.js:1:65153
    at Immediate.<anonymous> (/home/dotnet/.vscode/extensions/octref.vetur-0.35.0/dist/vueMain.js:1:65518)
    at processImmediate (internal/timers.js:461:21)
[2021-11-30 17:37:44.048] [exthost] [error] [octref.vetur] provider FAILED
[2021-11-30 17:37:44.048] [exthost] [error] Error: Request textDocument/semanticTokens/range failed with message: Cannot read property 'flags' of undefined
    at /home/dotnet/.vscode/extensions/octref.vetur-0.35.0/dist/vueMain.js:1:64858
    at /home/dotnet/.vscode/extensions/octref.vetur-0.35.0/dist/vueMain.js:1:65153
    at Immediate.<anonymous> (/home/dotnet/.vscode/extensions/octref.vetur-0.35.0/dist/vueMain.js:1:65518)
    at processImmediate (internal/timers.js:461:21)
[2021-11-30 17:37:44.523] [exthost] [error] [octref.vetur] provider FAILED
[2021-11-30 17:37:44.523] [exthost] [error] Error: Request textDocument/semanticTokens/full failed with message: Cannot read property 'flags' of undefined
    at /home/dotnet/.vscode/extensions/octref.vetur-0.35.0/dist/vueMain.js:1:64858
    at /home/dotnet/.vscode/extensions/octref.vetur-0.35.0/dist/vueMain.js:1:65153
    at Immediate.<anonymous> (/home/dotnet/.vscode/extensions/octref.vetur-0.35.0/dist/vueMain.js:1:65518)
    at processImmediate (internal/timers.js:461:21)
[2021-11-30 17:37:46.397] [exthost] [error] [octref.vetur] provider FAILED
[2021-11-30 17:37:46.397] [exthost] [error] Error: Request textDocument/semanticTokens/range failed with message: Cannot read property 'flags' of undefined
    at /home/dotnet/.vscode/extensions/octref.vetur-0.35.0/dist/vueMain.js:1:64858
    at /home/dotnet/.vscode/extensions/octref.vetur-0.35.0/dist/vueMain.js:1:65153
    at Immediate.<anonymous> (/home/dotnet/.vscode/extensions/octref.vetur-0.35.0/dist/vueMain.js:1:65518)
    at processImmediate (internal/timers.js:461:21)
[2021-11-30 17:37:47.236] [exthost] [error] [octref.vetur] provider FAILED
[2021-11-30 17:37:47.236] [exthost] [error] Error: Request textDocument/semanticTokens/full failed with message: Cannot read property 'flags' of undefined
    at /home/dotnet/.vscode/extensions/octref.vetur-0.35.0/dist/vueMain.js:1:64858
    at /home/dotnet/.vscode/extensions/octref.vetur-0.35.0/dist/vueMain.js:1:65153
    at Immediate.<anonymous> (/home/dotnet/.vscode/extensions/octref.vetur-0.35.0/dist/vueMain.js:1:65518)
    at processImmediate (internal/timers.js:461:21)
[2021-11-30 17:37:48.001] [exthost] [error] [octref.vetur] provider FAILED
[2021-11-30 17:37:48.001] [exthost] [error] Error: Request textDocument/semanticTokens/range failed with message: Cannot read property 'flags' of undefined
    at /home/dotnet/.vscode/extensions/octref.vetur-0.35.0/dist/vueMain.js:1:64858
    at /home/dotnet/.vscode/extensions/octref.vetur-0.35.0/dist/vueMain.js:1:65153
    at Immediate.<anonymous> (/home/dotnet/.vscode/extensions/octref.vetur-0.35.0/dist/vueMain.js:1:65518)
    at processImmediate (internal/timers.js:461:21)
[2021-11-30 17:37:48.920] [exthost] [error] [octref.vetur] provider FAILED
[2021-11-30 17:37:48.920] [exthost] [error] Error: Request textDocument/semanticTokens/full failed with message: Cannot read property 'flags' of undefined
    at /home/dotnet/.vscode/extensions/octref.vetur-0.35.0/dist/vueMain.js:1:64858
    at /home/dotnet/.vscode/extensions/octref.vetur-0.35.0/dist/vueMain.js:1:65153
    at Immediate.<anonymous> (/home/dotnet/.vscode/extensions/octref.vetur-0.35.0/dist/vueMain.js:1:65518)
    at processImmediate (internal/timers.js:461:21)
[2021-11-30 17:37:49.037] [exthost] [error] [octref.vetur] provider FAILED
[2021-11-30 17:37:49.037] [exthost] [error] Error: Request textDocument/semanticTokens/range failed with message: Cannot read property 'flags' of undefined
    at /home/dotnet/.vscode/extensions/octref.vetur-0.35.0/dist/vueMain.js:1:64858
    at /home/dotnet/.vscode/extensions/octref.vetur-0.35.0/dist/vueMain.js:1:65153
    at Immediate.<anonymous> (/home/dotnet/.vscode/extensions/octref.vetur-0.35.0/dist/vueMain.js:1:65518)
    at processImmediate (internal/timers.js:461:21)
[2021-11-30 17:37:49.629] [exthost] [error] [octref.vetur] provider FAILED
[2021-11-30 17:37:49.629] [exthost] [error] Error: Request textDocument/semanticTokens/range failed with message: Cannot read property 'flags' of undefined
    at /home/dotnet/.vscode/extensions/octref.vetur-0.35.0/dist/vueMain.js:1:64858
    at /home/dotnet/.vscode/extensions/octref.vetur-0.35.0/dist/vueMain.js:1:65153
    at Immediate.<anonymous> (/home/dotnet/.vscode/extensions/octref.vetur-0.35.0/dist/vueMain.js:1:65518)
    at processImmediate (internal/timers.js:461:21)
[2021-11-30 17:37:49.654] [exthost] [error] [octref.vetur] provider FAILED
[2021-11-30 17:37:49.654] [exthost] [error] Error: Request textDocument/semanticTokens/range failed with message: Cannot read property 'flags' of undefined
    at /home/dotnet/.vscode/extensions/octref.vetur-0.35.0/dist/vueMain.js:1:64858
    at /home/dotnet/.vscode/extensions/octref.vetur-0.35.0/dist/vueMain.js:1:65153
    at Immediate.<anonymous> (/home/dotnet/.vscode/extensions/octref.vetur-0.35.0/dist/vueMain.js:1:65518)
    at processImmediate (internal/timers.js:461:21)
[2021-11-30 17:37:53.403] [exthost] [error] [octref.vetur] provider FAILED
[2021-11-30 17:37:53.403] [exthost] [error] Error: Request textDocument/semanticTokens/range failed with message: Cannot read property 'flags' of undefined
    at /home/dotnet/.vscode/extensions/octref.vetur-0.35.0/dist/vueMain.js:1:64858
    at /home/dotnet/.vscode/extensions/octref.vetur-0.35.0/dist/vueMain.js:1:65153
    at Immediate.<anonymous> (/home/dotnet/.vscode/extensions/octref.vetur-0.35.0/dist/vueMain.js:1:65518)
    at processImmediate (internal/timers.js:461:21)
[2021-11-30 17:37:53.478] [exthost] [error] [octref.vetur] provider FAILED
[2021-11-30 17:37:53.478] [exthost] [error] Error: Request textDocument/semanticTokens/range failed with message: Cannot read property 'flags' of undefined
    at /home/dotnet/.vscode/extensions/octref.vetur-0.35.0/dist/vueMain.js:1:64858
    at /home/dotnet/.vscode/extensions/octref.vetur-0.35.0/dist/vueMain.js:1:65153
    at Immediate.<anonymous> (/home/dotnet/.vscode/extensions/octref.vetur-0.35.0/dist/vueMain.js:1:65518)
    at processImmediate (internal/timers.js:461:21)
[2021-11-30 17:37:53.653] [exthost] [error] [octref.vetur] provider FAILED
[2021-11-30 17:37:53.654] [exthost] [error] Error: Request textDocument/semanticTokens/range failed with message: Cannot read property 'flags' of undefined
    at /home/dotnet/.vscode/extensions/octref.vetur-0.35.0/dist/vueMain.js:1:64858
    at /home/dotnet/.vscode/extensions/octref.vetur-0.35.0/dist/vueMain.js:1:65153
    at Immediate.<anonymous> (/home/dotnet/.vscode/extensions/octref.vetur-0.35.0/dist/vueMain.js:1:65518)
    at processImmediate (internal/timers.js:461:21)
[2021-11-30 17:37:53.966] [exthost] [error] [octref.vetur] provider FAILED
[2021-11-30 17:37:53.966] [exthost] [error] Error: Request textDocument/semanticTokens/full failed with message: Cannot read property 'flags' of undefined
    at /home/dotnet/.vscode/extensions/octref.vetur-0.35.0/dist/vueMain.js:1:64858
    at /home/dotnet/.vscode/extensions/octref.vetur-0.35.0/dist/vueMain.js:1:65153
    at Immediate.<anonymous> (/home/dotnet/.vscode/extensions/octref.vetur-0.35.0/dist/vueMain.js:1:65518)
    at processImmediate (internal/timers.js:461:21)
[2021-11-30 17:37:54.399] [exthost] [error] [octref.vetur] provider FAILED
[2021-11-30 17:37:54.399] [exthost] [error] Error: Request textDocument/semanticTokens/range failed with message: Cannot read property 'flags' of undefined
    at /home/dotnet/.vscode/extensions/octref.vetur-0.35.0/dist/vueMain.js:1:64858
    at /home/dotnet/.vscode/extensions/octref.vetur-0.35.0/dist/vueMain.js:1:65153
    at Immediate.<anonymous> (/home/dotnet/.vscode/extensions/octref.vetur-0.35.0/dist/vueMain.js:1:65518)
    at processImmediate (internal/timers.js:461:21)
[2021-11-30 17:37:54.574] [exthost] [error] [octref.vetur] provider FAILED
[2021-11-30 17:37:54.574] [exthost] [error] Error: Request textDocument/semanticTokens/range failed with message: Cannot read property 'flags' of undefined
    at /home/dotnet/.vscode/extensions/octref.vetur-0.35.0/dist/vueMain.js:1:64858
    at /home/dotnet/.vscode/extensions/octref.vetur-0.35.0/dist/vueMain.js:1:65153
    at Immediate.<anonymous> (/home/dotnet/.vscode/extensions/octref.vetur-0.35.0/dist/vueMain.js:1:65518)
    at processImmediate (internal/timers.js:461:21)
[2021-11-30 17:37:54.750] [exthost] [error] [octref.vetur] provider FAILED
[2021-11-30 17:37:54.750] [exthost] [error] Error: Request textDocument/semanticTokens/range failed with message: Cannot read property 'flags' of undefined
    at /home/dotnet/.vscode/extensions/octref.vetur-0.35.0/dist/vueMain.js:1:64858
    at /home/dotnet/.vscode/extensions/octref.vetur-0.35.0/dist/vueMain.js:1:65153
    at Immediate.<anonymous> (/home/dotnet/.vscode/extensions/octref.vetur-0.35.0/dist/vueMain.js:1:65518)
    at processImmediate (internal/timers.js:461:21)
[2021-11-30 17:37:54.897] [exthost] [error] [octref.vetur] provider FAILED
[2021-11-30 17:37:54.897] [exthost] [error] Error: Request textDocument/semanticTokens/range failed with message: Cannot read property 'flags' of undefined
    at /home/dotnet/.vscode/extensions/octref.vetur-0.35.0/dist/vueMain.js:1:64858
    at /home/dotnet/.vscode/extensions/octref.vetur-0.35.0/dist/vueMain.js:1:65153
    at Immediate.<anonymous> (/home/dotnet/.vscode/extensions/octref.vetur-0.35.0/dist/vueMain.js:1:65518)
    at processImmediate (internal/timers.js:461:21)
[2021-11-30 17:37:55.335] [exthost] [error] [octref.vetur] provider FAILED
[2021-11-30 17:37:55.335] [exthost] [error] Error: Request textDocument/semanticTokens/range failed with message: Cannot read property 'flags' of undefined
    at /home/dotnet/.vscode/extensions/octref.vetur-0.35.0/dist/vueMain.js:1:64858
    at /home/dotnet/.vscode/extensions/octref.vetur-0.35.0/dist/vueMain.js:1:65153
    at Immediate.<anonymous> (/home/dotnet/.vscode/extensions/octref.vetur-0.35.0/dist/vueMain.js:1:65518)
    at processImmediate (internal/timers.js:461:21)
[2021-11-30 17:37:55.353] [exthost] [error] [octref.vetur] provider FAILED
[2021-11-30 17:37:55.357] [exthost] [error] Error: Request textDocument/semanticTokens/range failed with message: Cannot read property 'flags' of undefined
    at /home/dotnet/.vscode/extensions/octref.vetur-0.35.0/dist/vueMain.js:1:64858
    at /home/dotnet/.vscode/extensions/octref.vetur-0.35.0/dist/vueMain.js:1:65153
    at Immediate.<anonymous> (/home/dotnet/.vscode/extensions/octref.vetur-0.35.0/dist/vueMain.js:1:65518)
    at processImmediate (internal/timers.js:461:21)
[2021-11-30 17:37:57.025] [exthost] [error] [octref.vetur] provider FAILED
[2021-11-30 17:37:57.025] [exthost] [error] Error: Request textDocument/semanticTokens/full failed with message: Cannot read property 'flags' of undefined
    at /home/dotnet/.vscode/extensions/octref.vetur-0.35.0/dist/vueMain.js:1:64858
    at /home/dotnet/.vscode/extensions/octref.vetur-0.35.0/dist/vueMain.js:1:65153
    at Immediate.<anonymous> (/home/dotnet/.vscode/extensions/octref.vetur-0.35.0/dist/vueMain.js:1:65518)
    at processImmediate (internal/timers.js:461:21)
[2021-11-30 17:37:58.635] [exthost] [error] [octref.vetur] provider FAILED
[2021-11-30 17:37:58.635] [exthost] [error] Error: Request textDocument/semanticTokens/range failed with message: Cannot read property 'flags' of undefined
    at /home/dotnet/.vscode/extensions/octref.vetur-0.35.0/dist/vueMain.js:1:64858
    at /home/dotnet/.vscode/extensions/octref.vetur-0.35.0/dist/vueMain.js:1:65153
    at Immediate.<anonymous> (/home/dotnet/.vscode/extensions/octref.vetur-0.35.0/dist/vueMain.js:1:65518)
    at processImmediate (internal/timers.js:461:21)
[2021-11-30 17:37:58.808] [exthost] [error] [octref.vetur] provider FAILED
[2021-11-30 17:37:58.808] [exthost] [error] Error: Request textDocument/semanticTokens/range failed with message: Cannot read property 'flags' of undefined
    at /home/dotnet/.vscode/extensions/octref.vetur-0.35.0/dist/vueMain.js:1:64858
    at /home/dotnet/.vscode/extensions/octref.vetur-0.35.0/dist/vueMain.js:1:65153
    at Immediate.<anonymous> (/home/dotnet/.vscode/extensions/octref.vetur-0.35.0/dist/vueMain.js:1:65518)
    at processImmediate (internal/timers.js:461:21)
[2021-11-30 17:37:58.936] [exthost] [error] [octref.vetur] provider FAILED
[2021-11-30 17:37:58.936] [exthost] [error] Error: Request textDocument/semanticTokens/range failed with message: Cannot read property 'flags' of undefined
    at /home/dotnet/.vscode/extensions/octref.vetur-0.35.0/dist/vueMain.js:1:64858
    at /home/dotnet/.vscode/extensions/octref.vetur-0.35.0/dist/vueMain.js:1:65153
    at Immediate.<anonymous> (/home/dotnet/.vscode/extensions/octref.vetur-0.35.0/dist/vueMain.js:1:65518)
    at processImmediate (internal/timers.js:461:21)
[2021-11-30 17:37:59.124] [exthost] [error] [octref.vetur] provider FAILED
[2021-11-30 17:37:59.124] [exthost] [error] Error: Request textDocument/semanticTokens/range failed with message: Cannot read property 'flags' of undefined
    at /home/dotnet/.vscode/extensions/octref.vetur-0.35.0/dist/vueMain.js:1:64858
    at /home/dotnet/.vscode/extensions/octref.vetur-0.35.0/dist/vueMain.js:1:65153
    at Immediate.<anonymous> (/home/dotnet/.vscode/extensions/octref.vetur-0.35.0/dist/vueMain.js:1:65518)
    at processImmediate (internal/timers.js:461:21)
[2021-11-30 17:37:59.238] [exthost] [error] [octref.vetur] provider FAILED
[2021-11-30 17:37:59.238] [exthost] [error] Error: Request textDocument/semanticTokens/range failed with message: Cannot read property 'flags' of undefined
    at /home/dotnet/.vscode/extensions/octref.vetur-0.35.0/dist/vueMain.js:1:64858
    at /home/dotnet/.vscode/extensions/octref.vetur-0.35.0/dist/vueMain.js:1:65153
    at Immediate.<anonymous> (/home/dotnet/.vscode/extensions/octref.vetur-0.35.0/dist/vueMain.js:1:65518)
    at processImmediate (internal/timers.js:461:21)
[2021-11-30 17:37:59.899] [exthost] [error] [octref.vetur] provider FAILED
[2021-11-30 17:37:59.899] [exthost] [error] Error: Request textDocument/semanticTokens/full failed with message: Cannot read property 'flags' of undefined
    at /home/dotnet/.vscode/extensions/octref.vetur-0.35.0/dist/vueMain.js:1:64858
    at /home/dotnet/.vscode/extensions/octref.vetur-0.35.0/dist/vueMain.js:1:65153
    at Immediate.<anonymous> (/home/dotnet/.vscode/extensions/octref.vetur-0.35.0/dist/vueMain.js:1:65518)
    at processImmediate (internal/timers.js:461:21)
[2021-11-30 17:38:34.768] [exthost] [warning] TextEditor is closed/disposed
[2021-11-30 17:39:17.363] [exthost] [warning] TextEditor is closed/disposed
[2021-11-30 17:39:17.700] [exthost] [error] [octref.vetur] provider FAILED
[2021-11-30 17:39:17.700] [exthost] [error] Error: Request textDocument/semanticTokens/range failed with message: Cannot read property 'flags' of undefined
    at /home/dotnet/.vscode/extensions/octref.vetur-0.35.0/dist/vueMain.js:1:64858
    at /home/dotnet/.vscode/extensions/octref.vetur-0.35.0/dist/vueMain.js:1:65153
    at Immediate.<anonymous> (/home/dotnet/.vscode/extensions/octref.vetur-0.35.0/dist/vueMain.js:1:65518)
    at processImmediate (internal/timers.js:461:21)
[2021-11-30 17:39:20.036] [exthost] [error] [octref.vetur] provider FAILED
[2021-11-30 17:39:20.036] [exthost] [error] Error: Request textDocument/semanticTokens/range failed with message: Cannot read property 'flags' of undefined
    at /home/dotnet/.vscode/extensions/octref.vetur-0.35.0/dist/vueMain.js:1:64858
    at /home/dotnet/.vscode/extensions/octref.vetur-0.35.0/dist/vueMain.js:1:65153
    at Immediate.<anonymous> (/home/dotnet/.vscode/extensions/octref.vetur-0.35.0/dist/vueMain.js:1:65518)
    at processImmediate (internal/timers.js:461:21)
[2021-11-30 17:39:20.680] [exthost] [error] [octref.vetur] provider FAILED
[2021-11-30 17:39:20.680] [exthost] [error] Error: Request textDocument/semanticTokens/full failed with message: Cannot read property 'flags' of undefined
    at /home/dotnet/.vscode/extensions/octref.vetur-0.35.0/dist/vueMain.js:1:64858
    at /home/dotnet/.vscode/extensions/octref.vetur-0.35.0/dist/vueMain.js:1:65153
    at Immediate.<anonymous> (/home/dotnet/.vscode/extensions/octref.vetur-0.35.0/dist/vueMain.js:1:65518)
    at processImmediate (internal/timers.js:461:21)
[2021-11-30 17:39:21.082] [exthost] [error] [octref.vetur] provider FAILED
[2021-11-30 17:39:21.082] [exthost] [error] Error: Request textDocument/semanticTokens/range failed with message: Cannot read property 'flags' of undefined
    at /home/dotnet/.vscode/extensions/octref.vetur-0.35.0/dist/vueMain.js:1:64858
    at /home/dotnet/.vscode/extensions/octref.vetur-0.35.0/dist/vueMain.js:1:65153
    at Immediate.<anonymous> (/home/dotnet/.vscode/extensions/octref.vetur-0.35.0/dist/vueMain.js:1:65518)
    at processImmediate (internal/timers.js:461:21)
[2021-11-30 17:39:21.596] [exthost] [error] [octref.vetur] provider FAILED
[2021-11-30 17:39:21.596] [exthost] [error] Error: Request textDocument/semanticTokens/range failed with message: Cannot read property 'flags' of undefined
    at /home/dotnet/.vscode/extensions/octref.vetur-0.35.0/dist/vueMain.js:1:64858
    at /home/dotnet/.vscode/extensions/octref.vetur-0.35.0/dist/vueMain.js:1:65153
    at Immediate.<anonymous> (/home/dotnet/.vscode/extensions/octref.vetur-0.35.0/dist/vueMain.js:1:65518)
    at processImmediate (internal/timers.js:461:21)
[2021-11-30 17:39:21.828] [exthost] [error] [octref.vetur] provider FAILED
[2021-11-30 17:39:21.828] [exthost] [error] Error: Request textDocument/semanticTokens/full failed with message: Cannot read property 'flags' of undefined
    at /home/dotnet/.vscode/extensions/octref.vetur-0.35.0/dist/vueMain.js:1:64858
    at /home/dotnet/.vscode/extensions/octref.vetur-0.35.0/dist/vueMain.js:1:65153
    at Immediate.<anonymous> (/home/dotnet/.vscode/extensions/octref.vetur-0.35.0/dist/vueMain.js:1:65518)
    at processImmediate (internal/timers.js:461:21)
[2021-11-30 17:39:39.621] [exthost] [warning] TextEditor is closed/disposed
[2021-11-30 17:40:21.688] [exthost] [warning] TextEditor is closed/disposed
[2021-11-30 17:40:21.876] [exthost] [error] [octref.vetur] provider FAILED
[2021-11-30 17:40:21.876] [exthost] [error] Error: Request textDocument/semanticTokens/range failed with message: Cannot read property 'flags' of undefined
    at /home/dotnet/.vscode/extensions/octref.vetur-0.35.0/dist/vueMain.js:1:64858
    at /home/dotnet/.vscode/extensions/octref.vetur-0.35.0/dist/vueMain.js:1:65153
    at Immediate.<anonymous> (/home/dotnet/.vscode/extensions/octref.vetur-0.35.0/dist/vueMain.js:1:65518)
    at processImmediate (internal/timers.js:461:21)
[2021-11-30 17:40:34.574] [exthost] [error] [octref.vetur] provider FAILED
[2021-11-30 17:40:34.574] [exthost] [error] Error: Request textDocument/semanticTokens/range failed with message: Cannot read property 'flags' of undefined
    at /home/dotnet/.vscode/extensions/octref.vetur-0.35.0/dist/vueMain.js:1:64858
    at /home/dotnet/.vscode/extensions/octref.vetur-0.35.0/dist/vueMain.js:1:65153
    at Immediate.<anonymous> (/home/dotnet/.vscode/extensions/octref.vetur-0.35.0/dist/vueMain.js:1:65518)
    at processImmediate (internal/timers.js:461:21)
[2021-11-30 17:40:34.907] [exthost] [error] [octref.vetur] provider FAILED
[2021-11-30 17:40:34.907] [exthost] [error] Error: Request textDocument/semanticTokens/full failed with message: Cannot read property 'flags' of undefined
    at /home/dotnet/.vscode/extensions/octref.vetur-0.35.0/dist/vueMain.js:1:64858
    at /home/dotnet/.vscode/extensions/octref.vetur-0.35.0/dist/vueMain.js:1:65153
    at Immediate.<anonymous> (/home/dotnet/.vscode/extensions/octref.vetur-0.35.0/dist/vueMain.js:1:65518)
    at processImmediate (internal/timers.js:461:21)
[2021-11-30 17:41:11.489] [exthost] [error] [octref.vetur] provider FAILED
[2021-11-30 17:41:11.489] [exthost] [error] Error: Request textDocument/semanticTokens/range failed with message: Cannot read property 'flags' of undefined
    at /home/dotnet/.vscode/extensions/octref.vetur-0.35.0/dist/vueMain.js:1:64858
    at /home/dotnet/.vscode/extensions/octref.vetur-0.35.0/dist/vueMain.js:1:65153
    at Immediate.<anonymous> (/home/dotnet/.vscode/extensions/octref.vetur-0.35.0/dist/vueMain.js:1:65518)
    at processImmediate (internal/timers.js:461:21)
[2021-11-30 17:49:08.903] [exthost] [warning] TextEditor is closed/disposed
[2021-11-30 17:55:40.728] [exthost] [warning] TextEditor is closed/disposed
[2021-11-30 17:55:41.305] [exthost] [error] [octref.vetur] provider FAILED
[2021-11-30 17:55:41.305] [exthost] [error] Error: Request textDocument/semanticTokens/range failed with message: Cannot read property 'flags' of undefined
    at /home/dotnet/.vscode/extensions/octref.vetur-0.35.0/dist/vueMain.js:1:64858
    at /home/dotnet/.vscode/extensions/octref.vetur-0.35.0/dist/vueMain.js:1:65153
    at Immediate.<anonymous> (/home/dotnet/.vscode/extensions/octref.vetur-0.35.0/dist/vueMain.js:1:65518)
    at processImmediate (internal/timers.js:461:21)
[2021-11-30 17:55:42.242] [exthost] [error] [octref.vetur] provider FAILED
[2021-11-30 17:55:42.243] [exthost] [error] Error: Request textDocument/semanticTokens/range failed with message: Cannot read property 'flags' of undefined
    at /home/dotnet/.vscode/extensions/octref.vetur-0.35.0/dist/vueMain.js:1:64858
    at /home/dotnet/.vscode/extensions/octref.vetur-0.35.0/dist/vueMain.js:1:65153
    at Immediate.<anonymous> (/home/dotnet/.vscode/extensions/octref.vetur-0.35.0/dist/vueMain.js:1:65518)
    at processImmediate (internal/timers.js:461:21)
[2021-11-30 17:55:42.591] [exthost] [error] [octref.vetur] provider FAILED
[2021-11-30 17:55:42.591] [exthost] [error] Error: Request textDocument/semanticTokens/full failed with message: Cannot read property 'flags' of undefined
    at /home/dotnet/.vscode/extensions/octref.vetur-0.35.0/dist/vueMain.js:1:64858
    at /home/dotnet/.vscode/extensions/octref.vetur-0.35.0/dist/vueMain.js:1:65153
    at Immediate.<anonymous> (/home/dotnet/.vscode/extensions/octref.vetur-0.35.0/dist/vueMain.js:1:65518)
    at processImmediate (internal/timers.js:461:21)
[2021-11-30 17:55:44.470] [exthost] [error] [octref.vetur] provider FAILED
[2021-11-30 17:55:44.470] [exthost] [error] Error: Request textDocument/semanticTokens/range failed with message: Cannot read property 'flags' of undefined
    at /home/dotnet/.vscode/extensions/octref.vetur-0.35.0/dist/vueMain.js:1:64858
    at /home/dotnet/.vscode/extensions/octref.vetur-0.35.0/dist/vueMain.js:1:65153
    at Immediate.<anonymous> (/home/dotnet/.vscode/extensions/octref.vetur-0.35.0/dist/vueMain.js:1:65518)
    at processImmediate (internal/timers.js:461:21)
[2021-11-30 17:55:44.907] [exthost] [error] [octref.vetur] provider FAILED
[2021-11-30 17:55:44.907] [exthost] [error] Error: Request textDocument/semanticTokens/full failed with message: Cannot read property 'flags' of undefined
    at /home/dotnet/.vscode/extensions/octref.vetur-0.35.0/dist/vueMain.js:1:64858
    at /home/dotnet/.vscode/extensions/octref.vetur-0.35.0/dist/vueMain.js:1:65153
    at Immediate.<anonymous> (/home/dotnet/.vscode/extensions/octref.vetur-0.35.0/dist/vueMain.js:1:65518)
    at processImmediate (internal/timers.js:461:21)
[2021-11-30 17:55:46.772] [exthost] [error] [octref.vetur] provider FAILED
[2021-11-30 17:55:46.772] [exthost] [error] Error: Request textDocument/semanticTokens/range failed with message: Cannot read property 'flags' of undefined
    at /home/dotnet/.vscode/extensions/octref.vetur-0.35.0/dist/vueMain.js:1:64858
    at /home/dotnet/.vscode/extensions/octref.vetur-0.35.0/dist/vueMain.js:1:65153
    at Immediate.<anonymous> (/home/dotnet/.vscode/extensions/octref.vetur-0.35.0/dist/vueMain.js:1:65518)
    at processImmediate (internal/timers.js:461:21)
[2021-11-30 17:55:48.832] [exthost] [error] [octref.vetur] provider FAILED
[2021-11-30 17:55:48.832] [exthost] [error] Error: Request textDocument/semanticTokens/range failed with message: Cannot read property 'flags' of undefined
    at /home/dotnet/.vscode/extensions/octref.vetur-0.35.0/dist/vueMain.js:1:64858
    at /home/dotnet/.vscode/extensions/octref.vetur-0.35.0/dist/vueMain.js:1:65153
    at Immediate.<anonymous> (/home/dotnet/.vscode/extensions/octref.vetur-0.35.0/dist/vueMain.js:1:65518)
    at processImmediate (internal/timers.js:461:21)
[2021-11-30 17:55:50.138] [exthost] [error] [octref.vetur] provider FAILED
[2021-11-30 17:55:50.138] [exthost] [error] Error: Request textDocument/semanticTokens/range failed with message: Cannot read property 'flags' of undefined
    at /home/dotnet/.vscode/extensions/octref.vetur-0.35.0/dist/vueMain.js:1:64858
    at /home/dotnet/.vscode/extensions/octref.vetur-0.35.0/dist/vueMain.js:1:65153
    at Immediate.<anonymous> (/home/dotnet/.vscode/extensions/octref.vetur-0.35.0/dist/vueMain.js:1:65518)
    at processImmediate (internal/timers.js:461:21)
[2021-11-30 17:55:51.056] [exthost] [error] [octref.vetur] provider FAILED
[2021-11-30 17:55:51.056] [exthost] [error] Error: Request textDocument/semanticTokens/range failed with message: Cannot read property 'flags' of undefined
    at /home/dotnet/.vscode/extensions/octref.vetur-0.35.0/dist/vueMain.js:1:64858
    at /home/dotnet/.vscode/extensions/octref.vetur-0.35.0/dist/vueMain.js:1:65153
    at Immediate.<anonymous> (/home/dotnet/.vscode/extensions/octref.vetur-0.35.0/dist/vueMain.js:1:65518)
    at processImmediate (internal/timers.js:461:21)
[2021-11-30 17:55:51.956] [exthost] [error] [octref.vetur] provider FAILED
[2021-11-30 17:55:51.956] [exthost] [error] Error: Request textDocument/semanticTokens/range failed with message: Cannot read property 'flags' of undefined
    at /home/dotnet/.vscode/extensions/octref.vetur-0.35.0/dist/vueMain.js:1:64858
    at /home/dotnet/.vscode/extensions/octref.vetur-0.35.0/dist/vueMain.js:1:65153
    at Immediate.<anonymous> (/home/dotnet/.vscode/extensions/octref.vetur-0.35.0/dist/vueMain.js:1:65518)
    at processImmediate (internal/timers.js:461:21)
[2021-11-30 17:55:52.611] [exthost] [error] [octref.vetur] provider FAILED
[2021-11-30 17:55:52.611] [exthost] [error] Error: Request textDocument/semanticTokens/range failed with message: Cannot read property 'flags' of undefined
    at /home/dotnet/.vscode/extensions/octref.vetur-0.35.0/dist/vueMain.js:1:64858
    at /home/dotnet/.vscode/extensions/octref.vetur-0.35.0/dist/vueMain.js:1:65153
    at Immediate.<anonymous> (/home/dotnet/.vscode/extensions/octref.vetur-0.35.0/dist/vueMain.js:1:65518)
    at processImmediate (internal/timers.js:461:21)
[2021-11-30 17:55:53.355] [exthost] [error] [octref.vetur] provider FAILED
[2021-11-30 17:55:53.355] [exthost] [error] Error: Request textDocument/semanticTokens/range failed with message: Cannot read property 'flags' of undefined
    at /home/dotnet/.vscode/extensions/octref.vetur-0.35.0/dist/vueMain.js:1:64858
    at /home/dotnet/.vscode/extensions/octref.vetur-0.35.0/dist/vueMain.js:1:65153
    at Immediate.<anonymous> (/home/dotnet/.vscode/extensions/octref.vetur-0.35.0/dist/vueMain.js:1:65518)
    at processImmediate (internal/timers.js:461:21)
[2021-11-30 17:55:54.297] [exthost] [error] [octref.vetur] provider FAILED
[2021-11-30 17:55:54.297] [exthost] [error] Error: Request textDocument/semanticTokens/range failed with message: Cannot read property 'flags' of undefined
    at /home/dotnet/.vscode/extensions/octref.vetur-0.35.0/dist/vueMain.js:1:64858
    at /home/dotnet/.vscode/extensions/octref.vetur-0.35.0/dist/vueMain.js:1:65153
    at Immediate.<anonymous> (/home/dotnet/.vscode/extensions/octref.vetur-0.35.0/dist/vueMain.js:1:65518)
    at processImmediate (internal/timers.js:461:21)
[2021-11-30 17:55:56.858] [exthost] [error] [octref.vetur] provider FAILED
[2021-11-30 17:55:56.859] [exthost] [error] Error: Request textDocument/semanticTokens/range failed with message: Cannot read property 'flags' of undefined
    at /home/dotnet/.vscode/extensions/octref.vetur-0.35.0/dist/vueMain.js:1:64858
    at /home/dotnet/.vscode/extensions/octref.vetur-0.35.0/dist/vueMain.js:1:65153
    at Immediate.<anonymous> (/home/dotnet/.vscode/extensions/octref.vetur-0.35.0/dist/vueMain.js:1:65518)
    at processImmediate (internal/timers.js:461:21)
[2021-11-30 17:55:57.751] [exthost] [error] [octref.vetur] provider FAILED
[2021-11-30 17:55:57.751] [exthost] [error] Error: Request textDocument/semanticTokens/range failed with message: Cannot read property 'flags' of undefined
    at /home/dotnet/.vscode/extensions/octref.vetur-0.35.0/dist/vueMain.js:1:64858
    at /home/dotnet/.vscode/extensions/octref.vetur-0.35.0/dist/vueMain.js:1:65153
    at Immediate.<anonymous> (/home/dotnet/.vscode/extensions/octref.vetur-0.35.0/dist/vueMain.js:1:65518)
    at processImmediate (internal/timers.js:461:21)
[2021-11-30 17:56:29.506] [exthost] [error] [octref.vetur] provider FAILED
[2021-11-30 17:56:29.506] [exthost] [error] Error: Request textDocument/semanticTokens/range failed with message: Cannot read property 'flags' of undefined
    at /home/dotnet/.vscode/extensions/octref.vetur-0.35.0/dist/vueMain.js:1:64858
    at /home/dotnet/.vscode/extensions/octref.vetur-0.35.0/dist/vueMain.js:1:65153
    at Immediate.<anonymous> (/home/dotnet/.vscode/extensions/octref.vetur-0.35.0/dist/vueMain.js:1:65518)
    at processImmediate (internal/timers.js:461:21)
[2021-11-30 17:56:29.760] [exthost] [error] [octref.vetur] provider FAILED
[2021-11-30 17:56:29.760] [exthost] [error] Error: Request textDocument/semanticTokens/range failed with message: Cannot read property 'flags' of undefined
    at /home/dotnet/.vscode/extensions/octref.vetur-0.35.0/dist/vueMain.js:1:64858
    at /home/dotnet/.vscode/extensions/octref.vetur-0.35.0/dist/vueMain.js:1:65153
    at Immediate.<anonymous> (/home/dotnet/.vscode/extensions/octref.vetur-0.35.0/dist/vueMain.js:1:65518)
    at processImmediate (internal/timers.js:461:21)
[2021-11-30 17:56:32.017] [exthost] [error] [octref.vetur] provider FAILED
[2021-11-30 17:56:32.018] [exthost] [error] Error: Request textDocument/semanticTokens/range failed with message: Cannot read property 'flags' of undefined
    at /home/dotnet/.vscode/extensions/octref.vetur-0.35.0/dist/vueMain.js:1:64858
    at /home/dotnet/.vscode/extensions/octref.vetur-0.35.0/dist/vueMain.js:1:65153
    at Immediate.<anonymous> (/home/dotnet/.vscode/extensions/octref.vetur-0.35.0/dist/vueMain.js:1:65518)
    at processImmediate (internal/timers.js:461:21)
[2021-11-30 17:56:32.241] [exthost] [error] [octref.vetur] provider FAILED
[2021-11-30 17:56:32.242] [exthost] [error] Error: Request textDocument/semanticTokens/range failed with message: Cannot read property 'flags' of undefined
    at /home/dotnet/.vscode/extensions/octref.vetur-0.35.0/dist/vueMain.js:1:64858
    at /home/dotnet/.vscode/extensions/octref.vetur-0.35.0/dist/vueMain.js:1:65153
    at Immediate.<anonymous> (/home/dotnet/.vscode/extensions/octref.vetur-0.35.0/dist/vueMain.js:1:65518)
    at processImmediate (internal/timers.js:461:21)
[2021-11-30 17:56:39.853] [exthost] [error] [octref.vetur] provider FAILED
[2021-11-30 17:56:39.853] [exthost] [error] Error: Request textDocument/semanticTokens/range failed with message: Cannot read property 'flags' of undefined
    at /home/dotnet/.vscode/extensions/octref.vetur-0.35.0/dist/vueMain.js:1:64858
    at /home/dotnet/.vscode/extensions/octref.vetur-0.35.0/dist/vueMain.js:1:65153
    at Immediate.<anonymous> (/home/dotnet/.vscode/extensions/octref.vetur-0.35.0/dist/vueMain.js:1:65518)
    at processImmediate (internal/timers.js:461:21)
[2021-11-30 17:56:40.033] [exthost] [error] [octref.vetur] provider FAILED
[2021-11-30 17:56:40.033] [exthost] [error] Error: Request textDocument/semanticTokens/range failed with message: Cannot read property 'flags' of undefined
    at /home/dotnet/.vscode/extensions/octref.vetur-0.35.0/dist/vueMain.js:1:64858
    at /home/dotnet/.vscode/extensions/octref.vetur-0.35.0/dist/vueMain.js:1:65153
    at Immediate.<anonymous> (/home/dotnet/.vscode/extensions/octref.vetur-0.35.0/dist/vueMain.js:1:65518)
    at processImmediate (internal/timers.js:461:21)
[2021-11-30 17:56:40.257] [exthost] [error] [octref.vetur] provider FAILED
[2021-11-30 17:56:40.257] [exthost] [error] Error: Request textDocument/semanticTokens/range failed with message: Cannot read property 'flags' of undefined
    at /home/dotnet/.vscode/extensions/octref.vetur-0.35.0/dist/vueMain.js:1:64858
    at /home/dotnet/.vscode/extensions/octref.vetur-0.35.0/dist/vueMain.js:1:65153
    at Immediate.<anonymous> (/home/dotnet/.vscode/extensions/octref.vetur-0.35.0/dist/vueMain.js:1:65518)
    at processImmediate (internal/timers.js:461:21)
[2021-11-30 17:56:41.944] [exthost] [error] [octref.vetur] provider FAILED
[2021-11-30 17:56:41.944] [exthost] [error] Error: Request textDocument/semanticTokens/range failed with message: Cannot read property 'flags' of undefined
    at /home/dotnet/.vscode/extensions/octref.vetur-0.35.0/dist/vueMain.js:1:64858
    at /home/dotnet/.vscode/extensions/octref.vetur-0.35.0/dist/vueMain.js:1:65153
    at Immediate.<anonymous> (/home/dotnet/.vscode/extensions/octref.vetur-0.35.0/dist/vueMain.js:1:65518)
    at processImmediate (internal/timers.js:461:21)
[2021-11-30 17:56:42.965] [exthost] [error] [octref.vetur] provider FAILED
[2021-11-30 17:56:42.965] [exthost] [error] Error: Request textDocument/semanticTokens/range failed with message: Cannot read property 'flags' of undefined
    at /home/dotnet/.vscode/extensions/octref.vetur-0.35.0/dist/vueMain.js:1:64858
    at /home/dotnet/.vscode/extensions/octref.vetur-0.35.0/dist/vueMain.js:1:65153
    at Immediate.<anonymous> (/home/dotnet/.vscode/extensions/octref.vetur-0.35.0/dist/vueMain.js:1:65518)
    at processImmediate (internal/timers.js:461:21)
[2021-11-30 17:56:43.266] [exthost] [error] [octref.vetur] provider FAILED
[2021-11-30 17:56:43.266] [exthost] [error] Error: Request textDocument/semanticTokens/range failed with message: Cannot read property 'flags' of undefined
    at /home/dotnet/.vscode/extensions/octref.vetur-0.35.0/dist/vueMain.js:1:64858
    at /home/dotnet/.vscode/extensions/octref.vetur-0.35.0/dist/vueMain.js:1:65153
    at Immediate.<anonymous> (/home/dotnet/.vscode/extensions/octref.vetur-0.35.0/dist/vueMain.js:1:65518)
    at processImmediate (internal/timers.js:461:21)
[2021-11-30 17:56:46.352] [exthost] [error] [octref.vetur] provider FAILED
[2021-11-30 17:56:46.352] [exthost] [error] Error: Request textDocument/semanticTokens/range failed with message: Cannot read property 'flags' of undefined
    at /home/dotnet/.vscode/extensions/octref.vetur-0.35.0/dist/vueMain.js:1:64858
    at /home/dotnet/.vscode/extensions/octref.vetur-0.35.0/dist/vueMain.js:1:65153
    at Immediate.<anonymous> (/home/dotnet/.vscode/extensions/octref.vetur-0.35.0/dist/vueMain.js:1:65518)
    at processImmediate (internal/timers.js:461:21)
[2021-11-30 17:56:47.368] [exthost] [error] [octref.vetur] provider FAILED
[2021-11-30 17:56:47.368] [exthost] [error] Error: Request textDocument/semanticTokens/range failed with message: Cannot read property 'flags' of undefined
    at /home/dotnet/.vscode/extensions/octref.vetur-0.35.0/dist/vueMain.js:1:64858
    at /home/dotnet/.vscode/extensions/octref.vetur-0.35.0/dist/vueMain.js:1:65153
    at Immediate.<anonymous> (/home/dotnet/.vscode/extensions/octref.vetur-0.35.0/dist/vueMain.js:1:65518)
    at processImmediate (internal/timers.js:461:21)
[2021-11-30 17:56:52.685] [exthost] [warning] TextEditor is closed/disposed
[2021-11-30 17:56:52.686] [exthost] [warning] TextEditor is closed/disposed
[2021-11-30 17:56:52.687] [exthost] [warning] TextEditor is closed/disposed
[2021-11-30 17:56:52.773] [exthost] [error] [vscode.typescript-language-features] provider FAILED
[2021-11-30 17:56:52.773] [exthost] [error] Error: <semantic> TypeScript Server Error (4.4.3)
Could not find source file: '/var/www/soft1.myvirtualtours.io/resources/js/src/views/pages/js/audios.js'.
Error: Could not find source file: '/var/www/soft1.myvirtualtours.io/resources/js/src/views/pages/js/audios.js'.
    at getValidSourceFile (/usr/share/code/resources/app/extensions/node_modules/typescript/lib/tsserver.js:156511:29)
    at Proxy.getApplicableRefactors (/usr/share/code/resources/app/extensions/node_modules/typescript/lib/tsserver.js:157559:24)
    at IOSession.Session.getApplicableRefactors (/usr/share/code/resources/app/extensions/node_modules/typescript/lib/tsserver.js:168512:53)
    at Session.handlers.ts.Map.ts.getEntries._a.<computed> (/usr/share/code/resources/app/extensions/node_modules/typescript/lib/tsserver.js:167223:61)
    at /usr/share/code/resources/app/extensions/node_modules/typescript/lib/tsserver.js:168880:88
    at IOSession.Session.executeWithRequestId (/usr/share/code/resources/app/extensions/node_modules/typescript/lib/tsserver.js:168871:28)
    at IOSession.Session.executeCommand (/usr/share/code/resources/app/extensions/node_modules/typescript/lib/tsserver.js:168880:33)
    at IOSession.Session.onMessage (/usr/share/code/resources/app/extensions/node_modules/typescript/lib/tsserver.js:168906:35)
    at Interface.<anonymous> (/usr/share/code/resources/app/extensions/node_modules/typescript/lib/tsserver.js:171511:31)
    at Interface.emit (events.js:315:20)
    at Interface._onLine (readline.js:337:10)
    at Interface._normalWrite (readline.js:482:12)
    at Socket.ondata (readline.js:194:10)
    at Socket.emit (events.js:315:20)
    at addChunk (internal/streams/readable.js:309:12)
    at readableAddChunk (internal/streams/readable.js:284:9)
    at Socket.Readable.push (internal/streams/readable.js:223:10)
    at Pipe.onStreamRead (internal/stream_base_commons.js:188:23)
    at Function.create (/usr/share/code/resources/app/extensions/typescript-language-features/dist/extension.js:1:459856)
    at dispatchResponse (/usr/share/code/resources/app/extensions/typescript-language-features/dist/extension.js:1:453692)
    at dispatchMessage (/usr/share/code/resources/app/extensions/typescript-language-features/dist/extension.js:1:452549)
    at /usr/share/code/resources/app/extensions/typescript-language-features/dist/extension.js:1:452034
    at a.fire (/usr/share/code/resources/app/out/vs/workbench/services/extensions/node/extensionHostProcess.js:66:1712)
    at m.onLengthData (/usr/share/code/resources/app/extensions/typescript-language-features/dist/extension.js:1:462785)
    at Socket.<anonymous> (/usr/share/code/resources/app/extensions/typescript-language-features/dist/extension.js:1:462432)
    at Socket.emit (events.js:315:20)
    at Socket.EventEmitter.emit (domain.js:467:12)
    at addChunk (internal/streams/readable.js:309:12)
    at readableAddChunk (internal/streams/readable.js:284:9)
    at Socket.Readable.push (internal/streams/readable.js:223:10)
    at Pipe.onStreamRead (internal/stream_base_commons.js:188:23)
[2021-11-30 17:56:52.801] [exthost] [error] [vscode.typescript-language-features] provider FAILED
[2021-11-30 17:56:52.801] [exthost] [error] Error: <semantic> TypeScript Server Error (4.4.3)
Could not find source file: '/var/www/soft1.myvirtualtours.io/resources/js/src/views/pages/js/audios.js'.
Error: Could not find source file: '/var/www/soft1.myvirtualtours.io/resources/js/src/views/pages/js/audios.js'.
    at getValidSourceFile (/usr/share/code/resources/app/extensions/node_modules/typescript/lib/tsserver.js:156511:29)
    at Proxy.getDocumentHighlights (/usr/share/code/resources/app/extensions/node_modules/typescript/lib/tsserver.js:156893:30)
    at IOSession.Session.getDocumentHighlights (/usr/share/code/resources/app/extensions/node_modules/typescript/lib/tsserver.js:167883:71)
    at Session.handlers.ts.Map.ts.getEntries._a.<computed> (/usr/share/code/resources/app/extensions/node_modules/typescript/lib/tsserver.js:167185:61)
    at /usr/share/code/resources/app/extensions/node_modules/typescript/lib/tsserver.js:168880:88
    at IOSession.Session.executeWithRequestId (/usr/share/code/resources/app/extensions/node_modules/typescript/lib/tsserver.js:168871:28)
    at IOSession.Session.executeCommand (/usr/share/code/resources/app/extensions/node_modules/typescript/lib/tsserver.js:168880:33)
    at IOSession.Session.onMessage (/usr/share/code/resources/app/extensions/node_modules/typescript/lib/tsserver.js:168906:35)
    at Interface.<anonymous> (/usr/share/code/resources/app/extensions/node_modules/typescript/lib/tsserver.js:171511:31)
    at Interface.emit (events.js:315:20)
    at Interface._onLine (readline.js:337:10)
    at Interface._normalWrite (readline.js:482:12)
    at Socket.ondata (readline.js:194:10)
    at Socket.emit (events.js:315:20)
    at addChunk (internal/streams/readable.js:309:12)
    at readableAddChunk (internal/streams/readable.js:284:9)
    at Socket.Readable.push (internal/streams/readable.js:223:10)
    at Pipe.onStreamRead (internal/stream_base_commons.js:188:23)
    at Function.create (/usr/share/code/resources/app/extensions/typescript-language-features/dist/extension.js:1:459856)
    at dispatchResponse (/usr/share/code/resources/app/extensions/typescript-language-features/dist/extension.js:1:453692)
    at dispatchMessage (/usr/share/code/resources/app/extensions/typescript-language-features/dist/extension.js:1:452549)
    at /usr/share/code/resources/app/extensions/typescript-language-features/dist/extension.js:1:452034
    at a.fire (/usr/share/code/resources/app/out/vs/workbench/services/extensions/node/extensionHostProcess.js:66:1712)
    at m.onLengthData (/usr/share/code/resources/app/extensions/typescript-language-features/dist/extension.js:1:462785)
    at Socket.<anonymous> (/usr/share/code/resources/app/extensions/typescript-language-features/dist/extension.js:1:462432)
    at Socket.emit (events.js:315:20)
    at Socket.EventEmitter.emit (domain.js:467:12)
    at addChunk (internal/streams/readable.js:309:12)
    at readableAddChunk (internal/streams/readable.js:284:9)
    at Socket.Readable.push (internal/streams/readable.js:223:10)
    at Pipe.onStreamRead (internal/stream_base_commons.js:188:23)
[2021-11-30 17:56:55.970] [exthost] [error] [vscode.typescript-language-features] provider FAILED
[2021-11-30 17:56:55.970] [exthost] [error] Error: <semantic> TypeScript Server Error (4.4.3)
Could not find source file: '/var/www/soft1.myvirtualtours.io/resources/js/src/views/pages/js/audios.js'.
Error: Could not find source file: '/var/www/soft1.myvirtualtours.io/resources/js/src/views/pages/js/audios.js'.
    at getValidSourceFile (/usr/share/code/resources/app/extensions/node_modules/typescript/lib/tsserver.js:156511:29)
    at Proxy.getDocumentHighlights (/usr/share/code/resources/app/extensions/node_modules/typescript/lib/tsserver.js:156893:30)
    at IOSession.Session.getDocumentHighlights (/usr/share/code/resources/app/extensions/node_modules/typescript/lib/tsserver.js:167883:71)
    at Session.handlers.ts.Map.ts.getEntries._a.<computed> (/usr/share/code/resources/app/extensions/node_modules/typescript/lib/tsserver.js:167185:61)
    at /usr/share/code/resources/app/extensions/node_modules/typescript/lib/tsserver.js:168880:88
    at IOSession.Session.executeWithRequestId (/usr/share/code/resources/app/extensions/node_modules/typescript/lib/tsserver.js:168871:28)
    at IOSession.Session.executeCommand (/usr/share/code/resources/app/extensions/node_modules/typescript/lib/tsserver.js:168880:33)
    at IOSession.Session.onMessage (/usr/share/code/resources/app/extensions/node_modules/typescript/lib/tsserver.js:168906:35)
    at Interface.<anonymous> (/usr/share/code/resources/app/extensions/node_modules/typescript/lib/tsserver.js:171511:31)
    at Interface.emit (events.js:315:20)
    at Interface._onLine (readline.js:337:10)
    at Interface._normalWrite (readline.js:482:12)
    at Socket.ondata (readline.js:194:10)
    at Socket.emit (events.js:315:20)
    at addChunk (internal/streams/readable.js:309:12)
    at readableAddChunk (internal/streams/readable.js:284:9)
    at Socket.Readable.push (internal/streams/readable.js:223:10)
    at Pipe.onStreamRead (internal/stream_base_commons.js:188:23)
    at Function.create (/usr/share/code/resources/app/extensions/typescript-language-features/dist/extension.js:1:459856)
    at dispatchResponse (/usr/share/code/resources/app/extensions/typescript-language-features/dist/extension.js:1:453692)
    at dispatchMessage (/usr/share/code/resources/app/extensions/typescript-language-features/dist/extension.js:1:452549)
    at /usr/share/code/resources/app/extensions/typescript-language-features/dist/extension.js:1:452034
    at a.fire (/usr/share/code/resources/app/out/vs/workbench/services/extensions/node/extensionHostProcess.js:66:1712)
    at m.onLengthData (/usr/share/code/resources/app/extensions/typescript-language-features/dist/extension.js:1:462785)
    at Socket.<anonymous> (/usr/share/code/resources/app/extensions/typescript-language-features/dist/extension.js:1:462432)
    at Socket.emit (events.js:315:20)
    at Socket.EventEmitter.emit (domain.js:467:12)
    at addChunk (internal/streams/readable.js:309:12)
    at readableAddChunk (internal/streams/readable.js:284:9)
    at Socket.Readable.push (internal/streams/readable.js:223:10)
    at Pipe.onStreamRead (internal/stream_base_commons.js:188:23)
[2021-11-30 17:56:56.221] [exthost] [error] [vscode.typescript-language-features] provider FAILED
[2021-11-30 17:56:56.221] [exthost] [error] Error: <semantic> TypeScript Server Error (4.4.3)
Could not find source file: '/var/www/soft1.myvirtualtours.io/resources/js/src/views/pages/js/audios.js'.
Error: Could not find source file: '/var/www/soft1.myvirtualtours.io/resources/js/src/views/pages/js/audios.js'.
    at getValidSourceFile (/usr/share/code/resources/app/extensions/node_modules/typescript/lib/tsserver.js:156511:29)
    at Proxy.getApplicableRefactors (/usr/share/code/resources/app/extensions/node_modules/typescript/lib/tsserver.js:157559:24)
    at IOSession.Session.getApplicableRefactors (/usr/share/code/resources/app/extensions/node_modules/typescript/lib/tsserver.js:168512:53)
    at Session.handlers.ts.Map.ts.getEntries._a.<computed> (/usr/share/code/resources/app/extensions/node_modules/typescript/lib/tsserver.js:167223:61)
    at /usr/share/code/resources/app/extensions/node_modules/typescript/lib/tsserver.js:168880:88
    at IOSession.Session.executeWithRequestId (/usr/share/code/resources/app/extensions/node_modules/typescript/lib/tsserver.js:168871:28)
    at IOSession.Session.executeCommand (/usr/share/code/resources/app/extensions/node_modules/typescript/lib/tsserver.js:168880:33)
    at IOSession.Session.onMessage (/usr/share/code/resources/app/extensions/node_modules/typescript/lib/tsserver.js:168906:35)
    at Interface.<anonymous> (/usr/share/code/resources/app/extensions/node_modules/typescript/lib/tsserver.js:171511:31)
    at Interface.emit (events.js:315:20)
    at Interface._onLine (readline.js:337:10)
    at Interface._normalWrite (readline.js:482:12)
    at Socket.ondata (readline.js:194:10)
    at Socket.emit (events.js:315:20)
    at addChunk (internal/streams/readable.js:309:12)
    at readableAddChunk (internal/streams/readable.js:284:9)
    at Socket.Readable.push (internal/streams/readable.js:223:10)
    at Pipe.onStreamRead (internal/stream_base_commons.js:188:23)
    at Function.create (/usr/share/code/resources/app/extensions/typescript-language-features/dist/extension.js:1:459856)
    at dispatchResponse (/usr/share/code/resources/app/extensions/typescript-language-features/dist/extension.js:1:453692)
    at dispatchMessage (/usr/share/code/resources/app/extensions/typescript-language-features/dist/extension.js:1:452549)
    at /usr/share/code/resources/app/extensions/typescript-language-features/dist/extension.js:1:452034
    at a.fire (/usr/share/code/resources/app/out/vs/workbench/services/extensions/node/extensionHostProcess.js:66:1712)
    at m.onLengthData (/usr/share/code/resources/app/extensions/typescript-language-features/dist/extension.js:1:462785)
    at Socket.<anonymous> (/usr/share/code/resources/app/extensions/typescript-language-features/dist/extension.js:1:462432)
    at Socket.emit (events.js:315:20)
    at Socket.EventEmitter.emit (domain.js:467:12)
    at addChunk (internal/streams/readable.js:309:12)
    at readableAddChunk (internal/streams/readable.js:284:9)
    at Socket.Readable.push (internal/streams/readable.js:223:10)
    at Pipe.onStreamRead (internal/stream_base_commons.js:188:23)
[2021-11-30 17:56:56.333] [exthost] [error] [vscode.typescript-language-features] provider FAILED
[2021-11-30 17:56:56.333] [exthost] [error] Error: <semantic> TypeScript Server Error (4.4.3)
Could not find source file: '/var/www/soft1.myvirtualtours.io/resources/js/src/views/pages/js/audios.js'.
Error: Could not find source file: '/var/www/soft1.myvirtualtours.io/resources/js/src/views/pages/js/audios.js'.
    at getValidSourceFile (/usr/share/code/resources/app/extensions/node_modules/typescript/lib/tsserver.js:156511:29)
    at Proxy.getDocumentHighlights (/usr/share/code/resources/app/extensions/node_modules/typescript/lib/tsserver.js:156893:30)
    at IOSession.Session.getDocumentHighlights (/usr/share/code/resources/app/extensions/node_modules/typescript/lib/tsserver.js:167883:71)
    at Session.handlers.ts.Map.ts.getEntries._a.<computed> (/usr/share/code/resources/app/extensions/node_modules/typescript/lib/tsserver.js:167185:61)
    at /usr/share/code/resources/app/extensions/node_modules/typescript/lib/tsserver.js:168880:88
    at IOSession.Session.executeWithRequestId (/usr/share/code/resources/app/extensions/node_modules/typescript/lib/tsserver.js:168871:28)
    at IOSession.Session.executeCommand (/usr/share/code/resources/app/extensions/node_modules/typescript/lib/tsserver.js:168880:33)
    at IOSession.Session.onMessage (/usr/share/code/resources/app/extensions/node_modules/typescript/lib/tsserver.js:168906:35)
    at Interface.<anonymous> (/usr/share/code/resources/app/extensions/node_modules/typescript/lib/tsserver.js:171511:31)
    at Interface.emit (events.js:315:20)
    at Interface._onLine (readline.js:337:10)
    at Interface._normalWrite (readline.js:482:12)
    at Socket.ondata (readline.js:194:10)
    at Socket.emit (events.js:315:20)
    at addChunk (internal/streams/readable.js:309:12)
    at readableAddChunk (internal/streams/readable.js:284:9)
    at Socket.Readable.push (internal/streams/readable.js:223:10)
    at Pipe.onStreamRead (internal/stream_base_commons.js:188:23)
    at Function.create (/usr/share/code/resources/app/extensions/typescript-language-features/dist/extension.js:1:459856)
    at dispatchResponse (/usr/share/code/resources/app/extensions/typescript-language-features/dist/extension.js:1:453692)
    at dispatchMessage (/usr/share/code/resources/app/extensions/typescript-language-features/dist/extension.js:1:452549)
    at /usr/share/code/resources/app/extensions/typescript-language-features/dist/extension.js:1:452034
    at a.fire (/usr/share/code/resources/app/out/vs/workbench/services/extensions/node/extensionHostProcess.js:66:1712)
    at m.onLengthData (/usr/share/code/resources/app/extensions/typescript-language-features/dist/extension.js:1:462785)
    at Socket.<anonymous> (/usr/share/code/resources/app/extensions/typescript-language-features/dist/extension.js:1:462432)
    at Socket.emit (events.js:315:20)
    at Socket.EventEmitter.emit (domain.js:467:12)
    at addChunk (internal/streams/readable.js:309:12)
    at readableAddChunk (internal/streams/readable.js:284:9)
    at Socket.Readable.push (internal/streams/readable.js:223:10)
    at Pipe.onStreamRead (internal/stream_base_commons.js:188:23)
[2021-11-30 17:56:56.582] [exthost] [error] [vscode.typescript-language-features] provider FAILED
[2021-11-30 17:56:56.582] [exthost] [error] Error: <semantic> TypeScript Server Error (4.4.3)
Could not find source file: '/var/www/soft1.myvirtualtours.io/resources/js/src/views/pages/js/audios.js'.
Error: Could not find source file: '/var/www/soft1.myvirtualtours.io/resources/js/src/views/pages/js/audios.js'.
    at getValidSourceFile (/usr/share/code/resources/app/extensions/node_modules/typescript/lib/tsserver.js:156511:29)
    at Proxy.getApplicableRefactors (/usr/share/code/resources/app/extensions/node_modules/typescript/lib/tsserver.js:157559:24)
    at IOSession.Session.getApplicableRefactors (/usr/share/code/resources/app/extensions/node_modules/typescript/lib/tsserver.js:168512:53)
    at Session.handlers.ts.Map.ts.getEntries._a.<computed> (/usr/share/code/resources/app/extensions/node_modules/typescript/lib/tsserver.js:167223:61)
    at /usr/share/code/resources/app/extensions/node_modules/typescript/lib/tsserver.js:168880:88
    at IOSession.Session.executeWithRequestId (/usr/share/code/resources/app/extensions/node_modules/typescript/lib/tsserver.js:168871:28)
    at IOSession.Session.executeCommand (/usr/share/code/resources/app/extensions/node_modules/typescript/lib/tsserver.js:168880:33)
    at IOSession.Session.onMessage (/usr/share/code/resources/app/extensions/node_modules/typescript/lib/tsserver.js:168906:35)
    at Interface.<anonymous> (/usr/share/code/resources/app/extensions/node_modules/typescript/lib/tsserver.js:171511:31)
    at Interface.emit (events.js:315:20)
    at Interface._onLine (readline.js:337:10)
    at Interface._normalWrite (readline.js:482:12)
    at Socket.ondata (readline.js:194:10)
    at Socket.emit (events.js:315:20)
    at addChunk (internal/streams/readable.js:309:12)
    at readableAddChunk (internal/streams/readable.js:284:9)
    at Socket.Readable.push (internal/streams/readable.js:223:10)
    at Pipe.onStreamRead (internal/stream_base_commons.js:188:23)
    at Function.create (/usr/share/code/resources/app/extensions/typescript-language-features/dist/extension.js:1:459856)
    at dispatchResponse (/usr/share/code/resources/app/extensions/typescript-language-features/dist/extension.js:1:453692)
    at dispatchMessage (/usr/share/code/resources/app/extensions/typescript-language-features/dist/extension.js:1:452549)
    at /usr/share/code/resources/app/extensions/typescript-language-features/dist/extension.js:1:452034
    at a.fire (/usr/share/code/resources/app/out/vs/workbench/services/extensions/node/extensionHostProcess.js:66:1712)
    at m.onLengthData (/usr/share/code/resources/app/extensions/typescript-language-features/dist/extension.js:1:462785)
    at Socket.<anonymous> (/usr/share/code/resources/app/extensions/typescript-language-features/dist/extension.js:1:462432)
    at Socket.emit (events.js:315:20)
    at Socket.EventEmitter.emit (domain.js:467:12)
    at addChunk (internal/streams/readable.js:309:12)
    at readableAddChunk (internal/streams/readable.js:284:9)
    at Socket.Readable.push (internal/streams/readable.js:223:10)
    at Pipe.onStreamRead (internal/stream_base_commons.js:188:23)
[2021-11-30 17:56:56.853] [exthost] [error] [vscode.typescript-language-features] provider FAILED
[2021-11-30 17:56:56.853] [exthost] [error] Error: <semantic> TypeScript Server Error (4.4.3)
Could not find source file: '/var/www/soft1.myvirtualtours.io/resources/js/src/views/pages/js/audios.js'.
Error: Could not find source file: '/var/www/soft1.myvirtualtours.io/resources/js/src/views/pages/js/audios.js'.
    at getValidSourceFile (/usr/share/code/resources/app/extensions/node_modules/typescript/lib/tsserver.js:156511:29)
    at Proxy.getApplicableRefactors (/usr/share/code/resources/app/extensions/node_modules/typescript/lib/tsserver.js:157559:24)
    at IOSession.Session.getApplicableRefactors (/usr/share/code/resources/app/extensions/node_modules/typescript/lib/tsserver.js:168512:53)
    at Session.handlers.ts.Map.ts.getEntries._a.<computed> (/usr/share/code/resources/app/extensions/node_modules/typescript/lib/tsserver.js:167223:61)
    at /usr/share/code/resources/app/extensions/node_modules/typescript/lib/tsserver.js:168880:88
    at IOSession.Session.executeWithRequestId (/usr/share/code/resources/app/extensions/node_modules/typescript/lib/tsserver.js:168871:28)
    at IOSession.Session.executeCommand (/usr/share/code/resources/app/extensions/node_modules/typescript/lib/tsserver.js:168880:33)
    at IOSession.Session.onMessage (/usr/share/code/resources/app/extensions/node_modules/typescript/lib/tsserver.js:168906:35)
    at Interface.<anonymous> (/usr/share/code/resources/app/extensions/node_modules/typescript/lib/tsserver.js:171511:31)
    at Interface.emit (events.js:315:20)
    at Interface._onLine (readline.js:337:10)
    at Interface._normalWrite (readline.js:482:12)
    at Socket.ondata (readline.js:194:10)
    at Socket.emit (events.js:315:20)
    at addChunk (internal/streams/readable.js:309:12)
    at readableAddChunk (internal/streams/readable.js:284:9)
    at Socket.Readable.push (internal/streams/readable.js:223:10)
    at Pipe.onStreamRead (internal/stream_base_commons.js:188:23)
    at Function.create (/usr/share/code/resources/app/extensions/typescript-language-features/dist/extension.js:1:459856)
    at dispatchResponse (/usr/share/code/resources/app/extensions/typescript-language-features/dist/extension.js:1:453692)
    at dispatchMessage (/usr/share/code/resources/app/extensions/typescript-language-features/dist/extension.js:1:452549)
    at /usr/share/code/resources/app/extensions/typescript-language-features/dist/extension.js:1:452034
    at a.fire (/usr/share/code/resources/app/out/vs/workbench/services/extensions/node/extensionHostProcess.js:66:1712)
    at m.onLengthData (/usr/share/code/resources/app/extensions/typescript-language-features/dist/extension.js:1:462785)
    at Socket.<anonymous> (/usr/share/code/resources/app/extensions/typescript-language-features/dist/extension.js:1:462432)
    at Socket.emit (events.js:315:20)
    at Socket.EventEmitter.emit (domain.js:467:12)
    at addChunk (internal/streams/readable.js:309:12)
    at readableAddChunk (internal/streams/readable.js:284:9)
    at Socket.Readable.push (internal/streams/readable.js:223:10)
    at Pipe.onStreamRead (internal/stream_base_commons.js:188:23)
[2021-11-30 17:56:57.244] [exthost] [error] [vscode.typescript-language-features] provider FAILED
[2021-11-30 17:56:57.244] [exthost] [error] Error: <semantic> TypeScript Server Error (4.4.3)
Could not find source file: '/var/www/soft1.myvirtualtours.io/resources/js/src/views/pages/js/audios.js'.
Error: Could not find source file: '/var/www/soft1.myvirtualtours.io/resources/js/src/views/pages/js/audios.js'.
    at getValidSourceFile (/usr/share/code/resources/app/extensions/node_modules/typescript/lib/tsserver.js:156511:29)
    at Proxy.getDocumentHighlights (/usr/share/code/resources/app/extensions/node_modules/typescript/lib/tsserver.js:156893:30)
    at IOSession.Session.getDocumentHighlights (/usr/share/code/resources/app/extensions/node_modules/typescript/lib/tsserver.js:167883:71)
    at Session.handlers.ts.Map.ts.getEntries._a.<computed> (/usr/share/code/resources/app/extensions/node_modules/typescript/lib/tsserver.js:167185:61)
    at /usr/share/code/resources/app/extensions/node_modules/typescript/lib/tsserver.js:168880:88
    at IOSession.Session.executeWithRequestId (/usr/share/code/resources/app/extensions/node_modules/typescript/lib/tsserver.js:168871:28)
    at IOSession.Session.executeCommand (/usr/share/code/resources/app/extensions/node_modules/typescript/lib/tsserver.js:168880:33)
    at IOSession.Session.onMessage (/usr/share/code/resources/app/extensions/node_modules/typescript/lib/tsserver.js:168906:35)
    at Interface.<anonymous> (/usr/share/code/resources/app/extensions/node_modules/typescript/lib/tsserver.js:171511:31)
    at Interface.emit (events.js:315:20)
    at Interface._onLine (readline.js:337:10)
    at Interface._normalWrite (readline.js:482:12)
    at Socket.ondata (readline.js:194:10)
    at Socket.emit (events.js:315:20)
    at addChunk (internal/streams/readable.js:309:12)
    at readableAddChunk (internal/streams/readable.js:284:9)
    at Socket.Readable.push (internal/streams/readable.js:223:10)
    at Pipe.onStreamRead (internal/stream_base_commons.js:188:23)
    at Function.create (/usr/share/code/resources/app/extensions/typescript-language-features/dist/extension.js:1:459856)
    at dispatchResponse (/usr/share/code/resources/app/extensions/typescript-language-features/dist/extension.js:1:453692)
    at dispatchMessage (/usr/share/code/resources/app/extensions/typescript-language-features/dist/extension.js:1:452549)
    at /usr/share/code/resources/app/extensions/typescript-language-features/dist/extension.js:1:452034
    at a.fire (/usr/share/code/resources/app/out/vs/workbench/services/extensions/node/extensionHostProcess.js:66:1712)
    at m.onLengthData (/usr/share/code/resources/app/extensions/typescript-language-features/dist/extension.js:1:462785)
    at Socket.<anonymous> (/usr/share/code/resources/app/extensions/typescript-language-features/dist/extension.js:1:462432)
    at Socket.emit (events.js:315:20)
    at Socket.EventEmitter.emit (domain.js:467:12)
    at addChunk (internal/streams/readable.js:309:12)
    at readableAddChunk (internal/streams/readable.js:284:9)
    at Socket.Readable.push (internal/streams/readable.js:223:10)
    at Pipe.onStreamRead (internal/stream_base_commons.js:188:23)
[2021-11-30 17:56:57.491] [exthost] [error] [vscode.typescript-language-features] provider FAILED
[2021-11-30 17:56:57.491] [exthost] [error] Error: <semantic> TypeScript Server Error (4.4.3)
Could not find source file: '/var/www/soft1.myvirtualtours.io/resources/js/src/views/pages/js/audios.js'.
Error: Could not find source file: '/var/www/soft1.myvirtualtours.io/resources/js/src/views/pages/js/audios.js'.
    at getValidSourceFile (/usr/share/code/resources/app/extensions/node_modules/typescript/lib/tsserver.js:156511:29)
    at Proxy.getApplicableRefactors (/usr/share/code/resources/app/extensions/node_modules/typescript/lib/tsserver.js:157559:24)
    at IOSession.Session.getApplicableRefactors (/usr/share/code/resources/app/extensions/node_modules/typescript/lib/tsserver.js:168512:53)
    at Session.handlers.ts.Map.ts.getEntries._a.<computed> (/usr/share/code/resources/app/extensions/node_modules/typescript/lib/tsserver.js:167223:61)
    at /usr/share/code/resources/app/extensions/node_modules/typescript/lib/tsserver.js:168880:88
    at IOSession.Session.executeWithRequestId (/usr/share/code/resources/app/extensions/node_modules/typescript/lib/tsserver.js:168871:28)
    at IOSession.Session.executeCommand (/usr/share/code/resources/app/extensions/node_modules/typescript/lib/tsserver.js:168880:33)
    at IOSession.Session.onMessage (/usr/share/code/resources/app/extensions/node_modules/typescript/lib/tsserver.js:168906:35)
    at Interface.<anonymous> (/usr/share/code/resources/app/extensions/node_modules/typescript/lib/tsserver.js:171511:31)
    at Interface.emit (events.js:315:20)
    at Interface._onLine (readline.js:337:10)
    at Interface._normalWrite (readline.js:482:12)
    at Socket.ondata (readline.js:194:10)
    at Socket.emit (events.js:315:20)
    at addChunk (internal/streams/readable.js:309:12)
    at readableAddChunk (internal/streams/readable.js:284:9)
    at Socket.Readable.push (internal/streams/readable.js:223:10)
    at Pipe.onStreamRead (internal/stream_base_commons.js:188:23)
    at Function.create (/usr/share/code/resources/app/extensions/typescript-language-features/dist/extension.js:1:459856)
    at dispatchResponse (/usr/share/code/resources/app/extensions/typescript-language-features/dist/extension.js:1:453692)
    at dispatchMessage (/usr/share/code/resources/app/extensions/typescript-language-features/dist/extension.js:1:452549)
    at /usr/share/code/resources/app/extensions/typescript-language-features/dist/extension.js:1:452034
    at a.fire (/usr/share/code/resources/app/out/vs/workbench/services/extensions/node/extensionHostProcess.js:66:1712)
    at m.onLengthData (/usr/share/code/resources/app/extensions/typescript-language-features/dist/extension.js:1:462785)
    at Socket.<anonymous> (/usr/share/code/resources/app/extensions/typescript-language-features/dist/extension.js:1:462432)
    at Socket.emit (events.js:315:20)
    at Socket.EventEmitter.emit (domain.js:467:12)
    at addChunk (internal/streams/readable.js:309:12)
    at readableAddChunk (internal/streams/readable.js:284:9)
    at Socket.Readable.push (internal/streams/readable.js:223:10)
    at Pipe.onStreamRead (internal/stream_base_commons.js:188:23)
